[2016-03-03 11:24:00,083: INFO/MainProcess] Received task: scholarly_citation_finder.api.citation.tasks.evaluation_run[1a5a660d-9912-4db8-8113-294ae3767aa5]
[2016-03-03 11:24:01,093: INFO/Worker-2] 1827493828 author: set 12 publications
[2016-03-03 11:24:01,689: INFO/Worker-2] found 19 author in the search set
[2016-03-03 11:24:01,689: INFO/Worker-2] authors: 19
[2016-03-03 11:24:34,340: INFO/MainProcess] Received task: scholarly_citation_finder.api.citation.tasks.evaluation_run[ea9fdf9c-d844-41f8-9bd2-3dddec01dd82]
[2016-03-03 11:26:50,795: INFO/Worker-2] 1827493828: finished strategy "author-ordered"
[2016-03-03 11:26:50,835: INFO/Worker-2] found 19 author in the search set
[2016-03-03 11:26:50,835: INFO/Worker-2] authors: 19
[2016-03-03 11:26:51,058: INFO/Worker-2] 1827493828: finished strategy "author-ordered-minyear"
[2016-03-03 11:26:51,060: INFO/Worker-2] found 7 journals in search set
[2016-03-03 11:27:06,253: INFO/Worker-2] 1827493828: finished strategy "journal-ordered"
[2016-03-03 11:27:06,254: INFO/Worker-2] found 7 journals in search set
[2016-03-03 11:27:06,844: INFO/Worker-2] 1827493828: finished strategy "journal-ordered-minyear"
[2016-03-03 11:27:06,846: INFO/Worker-2] found 0 conferences in search set
[2016-03-03 11:27:06,846: INFO/Worker-2] 1827493828: finished strategy "conference-ordered"
[2016-03-03 11:27:06,847: INFO/Worker-2] found 0 conferences in search set
[2016-03-03 11:27:06,847: INFO/Worker-2] 1827493828: finished strategy "conference-ordered-minyear"
[2016-03-03 11:27:06,848: INFO/Worker-2] found 19 author in the search set
[2016-03-03 11:27:06,848: INFO/Worker-2] authors: 19
[2016-03-03 11:27:07,225: INFO/Worker-2] authors: 17
[2016-03-03 11:27:36,166: INFO/Worker-2] found 18 journals in search set
[2016-03-03 11:27:38,594: INFO/Worker-2] found 0 conferences in search set
[2016-03-03 11:27:38,595: INFO/Worker-2] 1827493828: finished strategy "author-ordered-minyear-recursive+journal-ordered-minyear+conference-ordered-minyear"
[2016-03-03 11:27:43,617: INFO/Worker-2] 136702084 author: set 234 publications
[2016-03-03 11:28:00,280: INFO/Worker-2] found 789 author in the search set
[2016-03-03 11:28:00,280: INFO/Worker-2] authors: 789
[2016-03-03 13:47:18,941: INFO/Worker-2] 136702084: finished strategy "author-ordered"
[2016-03-03 13:47:36,069: INFO/Worker-2] found 789 author in the search set
[2016-03-03 13:47:36,069: INFO/Worker-2] authors: 789
[2016-03-03 15:44:14,610: INFO/Worker-2] 136702084: finished strategy "author-ordered-minyear"
[2016-03-03 15:44:14,835: INFO/Worker-2] found 50 journals in search set
[2016-03-03 15:47:41,273: INFO/Worker-2] 136702084: finished strategy "journal-ordered"
[2016-03-03 15:47:41,297: INFO/Worker-2] found 50 journals in search set
[2016-03-03 15:48:03,606: INFO/Worker-2] 136702084: finished strategy "journal-ordered-minyear"
[2016-03-03 15:48:03,631: INFO/Worker-2] found 1 conferences in search set
[2016-03-03 15:48:04,537: INFO/Worker-2] 136702084: finished strategy "conference-ordered"
[2016-03-03 15:48:04,552: INFO/Worker-2] found 1 conferences in search set
[2016-03-03 15:48:04,599: INFO/Worker-2] 136702084: finished strategy "conference-ordered-minyear"
[2016-03-03 15:48:17,888: INFO/Worker-2] found 789 author in the search set
[2016-03-03 15:48:17,888: INFO/Worker-2] authors: 789
[2016-03-03 17:37:33,812: INFO/Worker-2] authors: 2078
[2016-03-04 04:15:15,169: INFO/Worker-2] found 247 journals in search set
[2016-03-04 04:21:19,690: INFO/Worker-2] found 3 conferences in search set
[2016-03-04 04:21:20,168: INFO/Worker-2] 136702084: finished strategy "author-ordered-minyear-recursive+journal-ordered-minyear+conference-ordered-minyear"
[2016-03-04 04:21:21,265: INFO/Worker-2] 1788919128 author: set 29 publications
[2016-03-04 04:21:22,236: INFO/Worker-2] found 34 author in the search set
[2016-03-04 04:21:22,236: INFO/Worker-2] authors: 34
[2016-03-04 04:22:43,458: INFO/Worker-2] 1788919128: finished strategy "author-ordered"
[2016-03-04 04:22:43,479: INFO/Worker-2] found 34 author in the search set
[2016-03-04 04:22:43,479: INFO/Worker-2] authors: 34
[2016-03-04 04:22:43,691: INFO/Worker-2] 1788919128: finished strategy "author-ordered-minyear"
[2016-03-04 04:22:43,701: INFO/Worker-2] found 0 journals in search set
[2016-03-04 04:22:43,701: INFO/Worker-2] 1788919128: finished strategy "journal-ordered"
[2016-03-04 04:22:43,701: INFO/Worker-2] found 0 journals in search set
[2016-03-04 04:22:43,702: INFO/Worker-2] 1788919128: finished strategy "journal-ordered-minyear"
[2016-03-04 04:22:43,702: INFO/Worker-2] found 0 conferences in search set
[2016-03-04 04:22:43,702: INFO/Worker-2] 1788919128: finished strategy "conference-ordered"
[2016-03-04 04:22:43,703: INFO/Worker-2] found 0 conferences in search set
[2016-03-04 04:22:43,703: INFO/Worker-2] 1788919128: finished strategy "conference-ordered-minyear"
[2016-03-04 04:22:43,705: INFO/Worker-2] found 34 author in the search set
[2016-03-04 04:22:43,705: INFO/Worker-2] authors: 34
[2016-03-04 04:22:43,955: INFO/Worker-2] authors: 5
[2016-03-04 04:22:55,730: INFO/Worker-2] found 1 journals in search set
[2016-03-04 04:22:56,653: INFO/Worker-2] found 0 conferences in search set
[2016-03-04 04:22:56,653: INFO/Worker-2] 1788919128: finished strategy "author-ordered-minyear-recursive+journal-ordered-minyear+conference-ordered-minyear"
[2016-03-04 04:22:57,891: INFO/Worker-2] 1857642308 author: set 48 publications
[2016-03-04 04:23:01,191: INFO/Worker-2] found 170 author in the search set
[2016-03-04 04:23:01,191: INFO/Worker-2] authors: 170
[2016-03-04 04:57:46,232: INFO/Worker-2] 1857642308: finished strategy "author-ordered"
[2016-03-04 04:57:48,803: INFO/Worker-2] found 170 author in the search set
[2016-03-04 04:57:48,803: INFO/Worker-2] authors: 170
[2016-03-04 05:24:40,344: INFO/Worker-2] 1857642308: finished strategy "author-ordered-minyear"
[2016-03-04 05:24:40,406: INFO/Worker-2] found 25 journals in search set
[2016-03-04 05:25:20,024: INFO/Worker-2] 1857642308: finished strategy "journal-ordered"
[2016-03-04 05:25:20,057: INFO/Worker-2] found 25 journals in search set
[2016-03-04 05:25:27,721: INFO/Worker-2] 1857642308: finished strategy "journal-ordered-minyear"
[2016-03-04 05:25:27,730: INFO/Worker-2] found 0 conferences in search set
[2016-03-04 05:25:27,730: INFO/Worker-2] 1857642308: finished strategy "conference-ordered"
[2016-03-04 05:25:27,754: INFO/Worker-2] found 0 conferences in search set
[2016-03-04 05:25:27,755: INFO/Worker-2] 1857642308: finished strategy "conference-ordered-minyear"
[2016-03-04 05:25:29,290: INFO/Worker-2] found 170 author in the search set
[2016-03-04 05:25:29,290: INFO/Worker-2] authors: 170
[2016-03-04 05:58:02,849: INFO/Worker-2] authors: 83
[2016-03-04 06:15:36,994: INFO/Worker-2] found 44 journals in search set
[2016-03-04 06:16:18,040: INFO/Worker-2] found 0 conferences in search set
[2016-03-04 06:16:18,041: INFO/Worker-2] 1857642308: finished strategy "author-ordered-minyear-recursive+journal-ordered-minyear+conference-ordered-minyear"
[2016-03-04 06:16:19,227: INFO/Worker-2] 723861092 author: set 30 publications
[2016-03-04 06:16:20,198: INFO/Worker-2] found 28 author in the search set
[2016-03-04 06:16:20,198: INFO/Worker-2] authors: 28
[2016-03-04 06:18:22,704: INFO/Worker-2] 723861092: finished strategy "author-ordered"
[2016-03-04 06:18:22,720: INFO/Worker-2] found 28 author in the search set
[2016-03-04 06:18:22,720: INFO/Worker-2] authors: 28
[2016-03-04 06:18:22,965: INFO/Worker-2] 723861092: finished strategy "author-ordered-minyear"
[2016-03-04 06:18:22,966: INFO/Worker-2] found 12 journals in search set
[2016-03-04 06:19:08,252: INFO/Worker-2] 723861092: finished strategy "journal-ordered"
[2016-03-04 06:19:08,266: INFO/Worker-2] found 12 journals in search set
[2016-03-04 06:19:31,177: INFO/Worker-2] 723861092: finished strategy "journal-ordered-minyear"
[2016-03-04 06:19:31,193: INFO/Worker-2] found 0 conferences in search set
[2016-03-04 06:19:31,193: INFO/Worker-2] 723861092: finished strategy "conference-ordered"
[2016-03-04 06:19:31,217: INFO/Worker-2] found 0 conferences in search set
[2016-03-04 06:19:31,218: INFO/Worker-2] 723861092: finished strategy "conference-ordered-minyear"
[2016-03-04 06:19:31,219: INFO/Worker-2] found 28 author in the search set
[2016-03-04 06:19:31,219: INFO/Worker-2] authors: 28
[2016-03-04 06:19:57,742: INFO/Worker-2] authors: 19
[2016-03-04 06:22:27,048: INFO/Worker-2] found 15 journals in search set
[2016-03-04 06:22:47,162: INFO/Worker-2] found 0 conferences in search set
[2016-03-04 06:22:47,163: INFO/Worker-2] 723861092: finished strategy "author-ordered-minyear-recursive+journal-ordered-minyear+conference-ordered-minyear"
[2016-03-04 06:22:48,586: INFO/Worker-2] 490083078 author: set 55 publications
[2016-03-04 06:22:51,060: INFO/Worker-2] found 116 author in the search set
[2016-03-04 06:22:51,060: INFO/Worker-2] authors: 116
[2016-03-04 06:32:47,750: INFO/Worker-2] 490083078: finished strategy "author-ordered"
[2016-03-04 06:32:49,033: INFO/Worker-2] found 116 author in the search set
[2016-03-04 06:32:49,034: INFO/Worker-2] authors: 116
[2016-03-04 06:39:38,286: INFO/Worker-2] 490083078: finished strategy "author-ordered-minyear"
[2016-03-04 06:39:38,296: INFO/Worker-2] found 10 journals in search set
[2016-03-04 06:40:37,822: INFO/Worker-2] 490083078: finished strategy "journal-ordered"
[2016-03-04 06:40:37,831: INFO/Worker-2] found 10 journals in search set
[2016-03-04 06:41:07,425: INFO/Worker-2] 490083078: finished strategy "journal-ordered-minyear"
[2016-03-04 06:41:07,443: INFO/Worker-2] found 0 conferences in search set
[2016-03-04 06:41:07,443: INFO/Worker-2] 490083078: finished strategy "conference-ordered"
[2016-03-04 06:41:07,456: INFO/Worker-2] found 0 conferences in search set
[2016-03-04 06:41:07,456: INFO/Worker-2] 490083078: finished strategy "conference-ordered-minyear"
[2016-03-04 06:41:09,922: INFO/Worker-2] found 116 author in the search set
[2016-03-04 06:41:09,922: INFO/Worker-2] authors: 116
[2016-03-04 06:47:52,776: INFO/Worker-2] authors: 120
[2016-03-04 07:05:14,020: INFO/Worker-2] found 30 journals in search set
[2016-03-04 07:06:28,838: INFO/Worker-2] found 0 conferences in search set
[2016-03-04 07:06:28,838: INFO/Worker-2] 490083078: finished strategy "author-ordered-minyear-recursive+journal-ordered-minyear+conference-ordered-minyear"
[2016-03-04 07:06:29,920: INFO/Worker-2] 1593916528 author: set 35 publications
[2016-03-04 07:06:31,908: INFO/Worker-2] found 95 author in the search set
[2016-03-04 07:06:31,909: INFO/Worker-2] authors: 95
[2016-03-04 07:10:50,820: INFO/Worker-2] 1593916528: finished strategy "author-ordered"
[2016-03-04 07:10:50,849: INFO/Worker-2] found 95 author in the search set
[2016-03-04 07:10:50,849: INFO/Worker-2] authors: 95
[2016-03-04 07:10:51,571: INFO/Worker-2] 1593916528: finished strategy "author-ordered-minyear"
[2016-03-04 07:10:51,579: INFO/Worker-2] found 5 journals in search set
[2016-03-04 07:10:55,711: INFO/Worker-2] 1593916528: finished strategy "journal-ordered"
[2016-03-04 07:10:55,736: INFO/Worker-2] found 5 journals in search set
[2016-03-04 07:10:56,497: INFO/Worker-2] 1593916528: finished strategy "journal-ordered-minyear"
[2016-03-04 07:10:56,498: INFO/Worker-2] found 0 conferences in search set
[2016-03-04 07:10:56,499: INFO/Worker-2] 1593916528: finished strategy "conference-ordered"
[2016-03-04 07:10:56,499: INFO/Worker-2] found 0 conferences in search set
[2016-03-04 07:10:56,499: INFO/Worker-2] 1593916528: finished strategy "conference-ordered-minyear"
[2016-03-04 07:10:56,501: INFO/Worker-2] found 95 author in the search set
[2016-03-04 07:10:56,501: INFO/Worker-2] authors: 95
[2016-03-04 07:10:58,040: INFO/Worker-2] authors: 64
[2016-03-04 07:12:25,006: INFO/Worker-2] found 11 journals in search set
[2016-03-04 07:12:28,873: INFO/Worker-2] found 0 conferences in search set
[2016-03-04 07:12:28,874: INFO/Worker-2] 1593916528: finished strategy "author-ordered-minyear-recursive+journal-ordered-minyear+conference-ordered-minyear"
[2016-03-04 07:12:29,590: INFO/Worker-2] 1885602469 author: set 19 publications
[2016-03-04 07:12:30,250: INFO/Worker-2] found 26 author in the search set
[2016-03-04 07:12:30,250: INFO/Worker-2] authors: 26
[2016-03-04 07:13:47,490: INFO/Worker-2] 1885602469: finished strategy "author-ordered"
[2016-03-04 07:13:47,526: INFO/Worker-2] found 26 author in the search set
[2016-03-04 07:13:47,526: INFO/Worker-2] authors: 26
[2016-03-04 07:13:47,694: INFO/Worker-2] 1885602469: finished strategy "author-ordered-minyear"
[2016-03-04 07:13:47,695: INFO/Worker-2] found 3 journals in search set
[2016-03-04 07:13:48,527: INFO/Worker-2] 1885602469: finished strategy "journal-ordered"
[2016-03-04 07:13:48,528: INFO/Worker-2] found 3 journals in search set
[2016-03-04 07:13:48,557: INFO/Worker-2] 1885602469: finished strategy "journal-ordered-minyear"
[2016-03-04 07:13:48,558: INFO/Worker-2] found 4 conferences in search set
[2016-03-04 07:13:49,294: INFO/Worker-2] 1885602469: finished strategy "conference-ordered"
[2016-03-04 07:13:49,295: INFO/Worker-2] found 4 conferences in search set
[2016-03-04 07:13:49,376: INFO/Worker-2] 1885602469: finished strategy "conference-ordered-minyear"
[2016-03-04 07:13:49,377: INFO/Worker-2] found 26 author in the search set
[2016-03-04 07:13:49,378: INFO/Worker-2] authors: 26
[2016-03-04 07:13:49,527: INFO/Worker-2] authors: 4
[2016-03-04 07:13:59,658: INFO/Worker-2] found 3 journals in search set
[2016-03-04 07:13:59,688: INFO/Worker-2] found 4 conferences in search set
[2016-03-04 07:13:59,769: INFO/Worker-2] 1885602469: finished strategy "author-ordered-minyear-recursive+journal-ordered-minyear+conference-ordered-minyear"
[2016-03-04 07:14:01,265: INFO/Worker-2] 1860570626 author: set 54 publications
[2016-03-04 07:14:03,588: INFO/Worker-2] found 104 author in the search set
[2016-03-04 07:14:03,588: INFO/Worker-2] authors: 104
[2016-03-04 07:15:02,843: INFO/Worker-2] 1860570626: finished strategy "author-ordered"
[2016-03-04 07:15:02,845: INFO/Worker-2] found 104 author in the search set
[2016-03-04 07:15:02,845: INFO/Worker-2] authors: 104
[2016-03-04 07:15:03,313: INFO/Worker-2] 1860570626: finished strategy "author-ordered-minyear"
[2016-03-04 07:15:03,327: INFO/Worker-2] found 0 journals in search set
[2016-03-04 07:15:03,327: INFO/Worker-2] 1860570626: finished strategy "journal-ordered"
[2016-03-04 07:15:03,327: INFO/Worker-2] found 0 journals in search set
[2016-03-04 07:15:03,327: INFO/Worker-2] 1860570626: finished strategy "journal-ordered-minyear"
[2016-03-04 07:15:03,328: INFO/Worker-2] found 0 conferences in search set
[2016-03-04 07:15:03,328: INFO/Worker-2] 1860570626: finished strategy "conference-ordered"
[2016-03-04 07:15:03,329: INFO/Worker-2] found 0 conferences in search set
[2016-03-04 07:15:03,329: INFO/Worker-2] 1860570626: finished strategy "conference-ordered-minyear"
[2016-03-04 07:15:03,331: INFO/Worker-2] found 104 author in the search set
[2016-03-04 07:15:03,331: INFO/Worker-2] authors: 104
[2016-03-04 07:15:03,814: INFO/Worker-2] authors: 0
[2016-03-04 07:15:03,815: INFO/Worker-2] found 0 journals in search set
[2016-03-04 07:15:03,816: INFO/Worker-2] found 0 conferences in search set
[2016-03-04 07:15:03,816: INFO/Worker-2] 1860570626: finished strategy "author-ordered-minyear-recursive+journal-ordered-minyear+conference-ordered-minyear"
[2016-03-04 07:15:05,623: INFO/Worker-2] 293093246 author: set 64 publications
[2016-03-04 07:15:08,727: INFO/Worker-2] found 123 author in the search set
[2016-03-04 07:15:08,727: INFO/Worker-2] authors: 123
[2016-03-04 07:32:08,711: INFO/Worker-2] 293093246: finished strategy "author-ordered"
[2016-03-04 07:32:10,625: INFO/Worker-2] found 123 author in the search set
[2016-03-04 07:32:10,625: INFO/Worker-2] authors: 123
[2016-03-04 07:42:03,833: INFO/Worker-2] 293093246: finished strategy "author-ordered-minyear"
[2016-03-04 07:42:03,835: INFO/Worker-2] found 17 journals in search set
[2016-03-04 07:42:43,565: INFO/Worker-2] 293093246: finished strategy "journal-ordered"
[2016-03-04 07:42:43,624: INFO/Worker-2] found 17 journals in search set
[2016-03-04 07:42:48,265: INFO/Worker-2] 293093246: finished strategy "journal-ordered-minyear"
[2016-03-04 07:42:48,276: INFO/Worker-2] found 0 conferences in search set
[2016-03-04 07:42:48,276: INFO/Worker-2] 293093246: finished strategy "conference-ordered"
[2016-03-04 07:42:48,292: INFO/Worker-2] found 0 conferences in search set
[2016-03-04 07:42:48,292: INFO/Worker-2] 293093246: finished strategy "conference-ordered-minyear"
[2016-03-04 07:42:49,897: INFO/Worker-2] found 123 author in the search set
[2016-03-04 07:42:49,898: INFO/Worker-2] authors: 123
[2016-03-04 07:51:57,904: INFO/Worker-2] authors: 269
[2016-03-04 08:30:43,575: INFO/Worker-2] found 67 journals in search set
[2016-03-04 08:31:43,301: INFO/Worker-2] found 0 conferences in search set
[2016-03-04 08:31:43,301: INFO/Worker-2] 293093246: finished strategy "author-ordered-minyear-recursive+journal-ordered-minyear+conference-ordered-minyear"
[2016-03-04 08:31:48,574: INFO/Worker-2] 278033781 author: set 300 publications
[2016-03-04 08:32:00,411: INFO/Worker-2] found 703 author in the search set
[2016-03-04 08:32:00,412: INFO/Worker-2] authors: 703
[2016-03-04 09:13:49,174: INFO/Worker-2] 278033781: finished strategy "author-ordered"
[2016-03-04 09:13:56,885: INFO/Worker-2] found 703 author in the search set
[2016-03-04 09:13:56,885: INFO/Worker-2] authors: 703
[2016-03-04 09:41:45,949: INFO/Worker-2] 278033781: finished strategy "author-ordered-minyear"
[2016-03-04 09:41:45,973: INFO/Worker-2] found 85 journals in search set
[2016-03-04 09:43:41,029: INFO/Worker-2] 278033781: finished strategy "journal-ordered"
[2016-03-04 09:43:41,052: INFO/Worker-2] found 85 journals in search set
[2016-03-04 09:44:02,339: INFO/Worker-2] 278033781: finished strategy "journal-ordered-minyear"
[2016-03-04 09:44:02,371: INFO/Worker-2] found 0 conferences in search set
[2016-03-04 09:44:02,371: INFO/Worker-2] 278033781: finished strategy "conference-ordered"
[2016-03-04 09:44:02,373: INFO/Worker-2] found 0 conferences in search set
[2016-03-04 09:44:02,373: INFO/Worker-2] 278033781: finished strategy "conference-ordered-minyear"
[2016-03-04 09:44:04,286: INFO/Worker-2] found 703 author in the search set
[2016-03-04 09:44:04,286: INFO/Worker-2] authors: 703
[2016-03-04 10:12:23,922: INFO/Worker-2] authors: 1851
[2016-03-04 11:46:43,357: INFO/Worker-2] found 208 journals in search set
[2016-03-04 11:49:14,760: INFO/Worker-2] found 0 conferences in search set
[2016-03-04 11:49:14,760: INFO/Worker-2] 278033781: finished strategy "author-ordered-minyear-recursive+journal-ordered-minyear+conference-ordered-minyear"
[2016-03-04 11:49:15,539: INFO/Worker-2] 50559857 author: set 22 publications
[2016-03-04 11:49:16,024: INFO/Worker-2] found 14 author in the search set
[2016-03-04 11:49:16,024: INFO/Worker-2] authors: 14
[2016-03-04 11:49:28,911: INFO/Worker-2] 50559857: finished strategy "author-ordered"
[2016-03-04 11:49:28,931: INFO/Worker-2] found 14 author in the search set
[2016-03-04 11:49:28,931: INFO/Worker-2] authors: 14
[2016-03-04 11:49:28,999: INFO/Worker-2] 50559857: finished strategy "author-ordered-minyear"
[2016-03-04 11:49:29,048: INFO/Worker-2] found 9 journals in search set
[2016-03-04 11:49:33,359: INFO/Worker-2] 50559857: finished strategy "journal-ordered"
[2016-03-04 11:49:33,371: INFO/Worker-2] found 9 journals in search set
[2016-03-04 11:49:34,092: INFO/Worker-2] 50559857: finished strategy "journal-ordered-minyear"
[2016-03-04 11:49:34,093: INFO/Worker-2] found 0 conferences in search set
[2016-03-04 11:49:34,093: INFO/Worker-2] 50559857: finished strategy "conference-ordered"
[2016-03-04 11:49:34,093: INFO/Worker-2] found 0 conferences in search set
[2016-03-04 11:49:34,093: INFO/Worker-2] 50559857: finished strategy "conference-ordered-minyear"
[2016-03-04 11:49:34,094: INFO/Worker-2] found 14 author in the search set
[2016-03-04 11:49:34,094: INFO/Worker-2] authors: 14
[2016-03-04 11:49:34,157: INFO/Worker-2] authors: 0
[2016-03-04 11:49:34,157: INFO/Worker-2] found 9 journals in search set
[2016-03-04 11:49:34,875: INFO/Worker-2] found 0 conferences in search set
[2016-03-04 11:49:34,875: INFO/Worker-2] 50559857: finished strategy "author-ordered-minyear-recursive+journal-ordered-minyear+conference-ordered-minyear"
[2016-03-04 11:49:36,714: INFO/Worker-2] 1842981905 author: set 87 publications
[2016-03-04 11:49:38,776: INFO/Worker-2] found 100 author in the search set
[2016-03-04 11:49:38,776: INFO/Worker-2] authors: 100
[2016-03-04 11:56:15,650: INFO/Worker-2] 1842981905: finished strategy "author-ordered"
[2016-03-04 11:56:15,662: INFO/Worker-2] found 100 author in the search set
[2016-03-04 11:56:15,662: INFO/Worker-2] authors: 100
[2016-03-04 11:56:17,555: INFO/Worker-2] 1842981905: finished strategy "author-ordered-minyear"
[2016-03-04 11:56:17,556: INFO/Worker-2] found 34 journals in search set
[2016-03-04 11:57:01,545: INFO/Worker-2] 1842981905: finished strategy "journal-ordered"
[2016-03-04 11:57:01,547: INFO/Worker-2] found 34 journals in search set
[2016-03-04 11:57:11,952: INFO/Worker-2] 1842981905: finished strategy "journal-ordered-minyear"
[2016-03-04 11:57:11,954: INFO/Worker-2] found 0 conferences in search set
[2016-03-04 11:57:11,954: INFO/Worker-2] 1842981905: finished strategy "conference-ordered"
[2016-03-04 11:57:11,955: INFO/Worker-2] found 0 conferences in search set
[2016-03-04 11:57:11,955: INFO/Worker-2] 1842981905: finished strategy "conference-ordered-minyear"
[2016-03-04 11:57:11,958: INFO/Worker-2] found 100 author in the search set
[2016-03-04 11:57:11,958: INFO/Worker-2] authors: 100
[2016-03-04 11:57:15,420: INFO/Worker-2] authors: 131
[2016-03-04 12:04:41,886: INFO/Worker-2] found 64 journals in search set
[2016-03-04 12:05:24,438: INFO/Worker-2] found 0 conferences in search set
[2016-03-04 12:05:24,439: INFO/Worker-2] 1842981905: finished strategy "author-ordered-minyear-recursive+journal-ordered-minyear+conference-ordered-minyear"
[2016-03-04 12:05:25,289: INFO/Worker-2] 1878062382 author: set 42 publications
[2016-03-04 12:05:26,472: INFO/Worker-2] found 60 author in the search set
[2016-03-04 12:05:26,472: INFO/Worker-2] authors: 60
[2016-03-04 12:08:28,380: INFO/Worker-2] 1878062382: finished strategy "author-ordered"
[2016-03-04 12:08:28,382: INFO/Worker-2] found 60 author in the search set
[2016-03-04 12:08:28,382: INFO/Worker-2] authors: 60
[2016-03-04 12:08:28,976: INFO/Worker-2] 1878062382: finished strategy "author-ordered-minyear"
[2016-03-04 12:08:28,977: INFO/Worker-2] found 18 journals in search set
[2016-03-04 12:09:18,224: INFO/Worker-2] 1878062382: finished strategy "journal-ordered"
[2016-03-04 12:09:18,227: INFO/Worker-2] found 18 journals in search set
[2016-03-04 12:09:36,250: INFO/Worker-2] 1878062382: finished strategy "journal-ordered-minyear"
[2016-03-04 12:09:36,254: INFO/Worker-2] found 0 conferences in search set
[2016-03-04 12:09:36,254: INFO/Worker-2] 1878062382: finished strategy "conference-ordered"
[2016-03-04 12:09:36,255: INFO/Worker-2] found 0 conferences in search set
[2016-03-04 12:09:36,255: INFO/Worker-2] 1878062382: finished strategy "conference-ordered-minyear"
[2016-03-04 12:09:36,274: INFO/Worker-2] found 60 author in the search set
[2016-03-04 12:09:36,274: INFO/Worker-2] authors: 60
[2016-03-04 12:09:40,062: INFO/Worker-2] authors: 60
[2016-03-04 12:12:04,906: INFO/Worker-2] found 35 journals in search set
[2016-03-04 12:12:40,958: INFO/Worker-2] found 0 conferences in search set
[2016-03-04 12:12:40,958: INFO/Worker-2] 1878062382: finished strategy "author-ordered-minyear-recursive+journal-ordered-minyear+conference-ordered-minyear"
[2016-03-04 12:12:41,412: INFO/Worker-2] 1861583621 author: set 19 publications
[2016-03-04 12:12:42,385: INFO/Worker-2] found 90 author in the search set
[2016-03-04 12:12:42,385: INFO/Worker-2] authors: 90
[2016-03-04 12:27:54,264: INFO/Worker-2] 1861583621: finished strategy "author-ordered"
[2016-03-04 12:27:55,154: INFO/Worker-2] found 90 author in the search set
[2016-03-04 12:27:55,155: INFO/Worker-2] authors: 90
[2016-03-04 12:33:26,557: INFO/Worker-2] 1861583621: finished strategy "author-ordered-minyear"
[2016-03-04 12:33:26,569: INFO/Worker-2] found 7 journals in search set
[2016-03-04 12:33:57,536: INFO/Worker-2] 1861583621: finished strategy "journal-ordered"
[2016-03-04 12:33:57,537: INFO/Worker-2] found 7 journals in search set
[2016-03-04 12:33:59,674: INFO/Worker-2] 1861583621: finished strategy "journal-ordered-minyear"
[2016-03-04 12:33:59,675: INFO/Worker-2] found 0 conferences in search set
[2016-03-04 12:33:59,675: INFO/Worker-2] 1861583621: finished strategy "conference-ordered"
[2016-03-04 12:33:59,676: INFO/Worker-2] found 0 conferences in search set
[2016-03-04 12:33:59,676: INFO/Worker-2] 1861583621: finished strategy "conference-ordered-minyear"
[2016-03-04 12:33:59,678: INFO/Worker-2] found 90 author in the search set
[2016-03-04 12:33:59,678: INFO/Worker-2] authors: 90
[2016-03-04 12:34:06,688: INFO/Worker-2] authors: 434
[2016-03-04 13:42:28,913: INFO/Worker-2] found 76 journals in search set
[2016-03-04 13:43:56,804: INFO/Worker-2] found 0 conferences in search set
[2016-03-04 13:43:56,804: INFO/Worker-2] 1861583621: finished strategy "author-ordered-minyear-recursive+journal-ordered-minyear+conference-ordered-minyear"
[2016-03-04 13:43:57,414: INFO/Worker-2] 1417008787 author: set 14 publications
[2016-03-04 13:43:57,871: INFO/Worker-2] found 26 author in the search set
[2016-03-04 13:43:57,871: INFO/Worker-2] authors: 26
[2016-03-04 13:44:53,865: INFO/Worker-2] 1417008787: finished strategy "author-ordered"
[2016-03-04 13:44:53,875: INFO/Worker-2] found 26 author in the search set
[2016-03-04 13:44:53,875: INFO/Worker-2] authors: 26
[2016-03-04 13:44:53,995: INFO/Worker-2] 1417008787: finished strategy "author-ordered-minyear"
[2016-03-04 13:44:54,008: INFO/Worker-2] found 4 journals in search set
[2016-03-04 13:44:58,839: INFO/Worker-2] 1417008787: finished strategy "journal-ordered"
[2016-03-04 13:44:58,859: INFO/Worker-2] found 4 journals in search set
[2016-03-04 13:44:59,895: INFO/Worker-2] 1417008787: finished strategy "journal-ordered-minyear"
[2016-03-04 13:44:59,909: INFO/Worker-2] found 0 conferences in search set
[2016-03-04 13:44:59,909: INFO/Worker-2] 1417008787: finished strategy "conference-ordered"
[2016-03-04 13:44:59,910: INFO/Worker-2] found 0 conferences in search set
[2016-03-04 13:44:59,910: INFO/Worker-2] 1417008787: finished strategy "conference-ordered-minyear"
[2016-03-04 13:44:59,911: INFO/Worker-2] found 26 author in the search set
[2016-03-04 13:44:59,911: INFO/Worker-2] authors: 26
[2016-03-04 13:45:00,086: INFO/Worker-2] authors: 2
[2016-03-04 13:45:07,273: INFO/Worker-2] found 7 journals in search set
[2016-03-04 13:45:10,639: INFO/Worker-2] found 0 conferences in search set
[2016-03-04 13:45:10,640: INFO/Worker-2] 1417008787: finished strategy "author-ordered-minyear-recursive+journal-ordered-minyear+conference-ordered-minyear"
[2016-03-04 13:45:12,278: INFO/Worker-2] 1884248971 author: set 59 publications
[2016-03-04 13:45:14,599: INFO/Worker-2] found 60 author in the search set
[2016-03-04 13:45:14,599: INFO/Worker-2] authors: 60
[2016-03-04 13:48:57,561: INFO/Worker-2] 1884248971: finished strategy "author-ordered"
[2016-03-04 13:48:57,564: INFO/Worker-2] found 60 author in the search set
[2016-03-04 13:48:57,564: INFO/Worker-2] authors: 60
[2016-03-04 13:48:58,229: INFO/Worker-2] 1884248971: finished strategy "author-ordered-minyear"
[2016-03-04 13:48:58,230: INFO/Worker-2] found 7 journals in search set
[2016-03-04 13:49:18,265: INFO/Worker-2] 1884248971: finished strategy "journal-ordered"
[2016-03-04 13:49:18,266: INFO/Worker-2] found 7 journals in search set
[2016-03-04 13:49:22,989: INFO/Worker-2] 1884248971: finished strategy "journal-ordered-minyear"
[2016-03-04 13:49:22,991: INFO/Worker-2] found 0 conferences in search set
[2016-03-04 13:49:22,991: INFO/Worker-2] 1884248971: finished strategy "conference-ordered"
[2016-03-04 13:49:22,992: INFO/Worker-2] found 0 conferences in search set
[2016-03-04 13:49:22,992: INFO/Worker-2] 1884248971: finished strategy "conference-ordered-minyear"
[2016-03-04 13:49:22,994: INFO/Worker-2] found 60 author in the search set
[2016-03-04 13:49:22,994: INFO/Worker-2] authors: 60
[2016-03-04 13:49:24,690: INFO/Worker-2] authors: 80
[2016-03-04 14:01:19,265: INFO/Worker-2] found 18 journals in search set
[2016-03-04 14:01:47,668: INFO/Worker-2] found 0 conferences in search set
[2016-03-04 14:01:47,668: INFO/Worker-2] 1884248971: finished strategy "author-ordered-minyear-recursive+journal-ordered-minyear+conference-ordered-minyear"
[2016-03-04 14:01:48,270: INFO/Worker-2] 1753278152 author: set 20 publications
[2016-03-04 14:02:32,240: INFO/Worker-2] found 3017 author in the search set
[2016-03-04 14:02:32,240: INFO/Worker-2] authors: 3017
[2016-03-04 20:18:04,046: INFO/Worker-2] 1753278152: finished strategy "author-ordered"
[2016-03-04 20:18:47,391: INFO/Worker-2] found 3017 author in the search set
[2016-03-04 20:18:47,391: INFO/Worker-2] authors: 3017
[2016-03-05 00:17:21,583: INFO/Worker-2] 1753278152: finished strategy "author-ordered-minyear"
[2016-03-05 00:17:21,691: INFO/Worker-2] found 14 journals in search set
[2016-03-05 00:17:36,619: INFO/Worker-2] 1753278152: finished strategy "journal-ordered"
[2016-03-05 00:17:36,632: INFO/Worker-2] found 14 journals in search set
[2016-03-05 00:17:38,686: INFO/Worker-2] 1753278152: finished strategy "journal-ordered-minyear"
[2016-03-05 00:17:38,733: INFO/Worker-2] found 0 conferences in search set
[2016-03-05 00:17:38,733: INFO/Worker-2] 1753278152: finished strategy "conference-ordered"
[2016-03-05 00:17:38,747: INFO/Worker-2] found 0 conferences in search set
[2016-03-05 00:17:38,747: INFO/Worker-2] 1753278152: finished strategy "conference-ordered-minyear"
[2016-03-05 00:18:18,934: INFO/Worker-2] found 3017 author in the search set
[2016-03-05 00:18:18,934: INFO/Worker-2] authors: 3017
[2016-03-05 01:26:25,785: INFO/MainProcess] Task scholarly_citation_finder.api.citation.tasks.evaluation_run[ea9fdf9c-d844-41f8-9bd2-3dddec01dd82] succeeded in 136911.095353s: True
[2016-03-05 02:42:42,892: INFO/Worker-2] authors: 2674
[2016-03-05 03:53:22,656: INFO/Worker-2] found 22 journals in search set
[2016-03-05 03:53:31,955: INFO/Worker-2] found 0 conferences in search set
[2016-03-05 03:53:31,955: INFO/Worker-2] 1753278152: finished strategy "author-ordered-minyear-recursive+journal-ordered-minyear+conference-ordered-minyear"
[2016-03-05 03:53:32,328: INFO/Worker-2] 1805159832 author: set 11 publications
[2016-03-05 03:53:32,833: INFO/Worker-2] found 60 author in the search set
[2016-03-05 03:53:32,833: INFO/Worker-2] authors: 60
[2016-03-05 03:57:45,777: INFO/Worker-2] 1805159832: finished strategy "author-ordered"
[2016-03-05 03:57:45,789: INFO/Worker-2] found 60 author in the search set
[2016-03-05 03:57:45,789: INFO/Worker-2] authors: 60
[2016-03-05 03:57:46,407: INFO/Worker-2] 1805159832: finished strategy "author-ordered-minyear"
[2016-03-05 03:57:46,408: INFO/Worker-2] found 3 journals in search set
[2016-03-05 03:57:48,486: INFO/Worker-2] 1805159832: finished strategy "journal-ordered"
[2016-03-05 03:57:48,487: INFO/Worker-2] found 3 journals in search set
[2016-03-05 03:57:49,007: INFO/Worker-2] 1805159832: finished strategy "journal-ordered-minyear"
[2016-03-05 03:57:49,008: INFO/Worker-2] found 0 conferences in search set
[2016-03-05 03:57:49,008: INFO/Worker-2] 1805159832: finished strategy "conference-ordered"
[2016-03-05 03:57:49,009: INFO/Worker-2] found 0 conferences in search set
[2016-03-05 03:57:49,009: INFO/Worker-2] 1805159832: finished strategy "conference-ordered-minyear"
[2016-03-05 03:57:49,010: INFO/Worker-2] found 60 author in the search set
[2016-03-05 03:57:49,011: INFO/Worker-2] authors: 60
[2016-03-05 03:57:49,654: INFO/Worker-2] authors: 21
[2016-03-05 03:58:57,381: INFO/Worker-2] found 6 journals in search set
[2016-03-05 03:58:58,627: INFO/Worker-2] found 0 conferences in search set
[2016-03-05 03:58:58,627: INFO/Worker-2] 1805159832: finished strategy "author-ordered-minyear-recursive+journal-ordered-minyear+conference-ordered-minyear"
[2016-03-05 03:58:58,937: INFO/Worker-2] 1841366217 author: set 17 publications
[2016-03-05 03:58:59,177: INFO/Worker-2] found 10 author in the search set
[2016-03-05 03:58:59,177: INFO/Worker-2] authors: 10
[2016-03-05 03:59:11,173: INFO/Worker-2] 1841366217: finished strategy "author-ordered"
[2016-03-05 03:59:11,174: INFO/Worker-2] found 10 author in the search set
[2016-03-05 03:59:11,174: INFO/Worker-2] authors: 10
[2016-03-05 03:59:11,219: INFO/Worker-2] 1841366217: finished strategy "author-ordered-minyear"
[2016-03-05 03:59:11,219: INFO/Worker-2] found 5 journals in search set
[2016-03-05 03:59:12,336: INFO/Worker-2] 1841366217: finished strategy "journal-ordered"
[2016-03-05 03:59:12,337: INFO/Worker-2] found 5 journals in search set
[2016-03-05 03:59:12,527: INFO/Worker-2] 1841366217: finished strategy "journal-ordered-minyear"
[2016-03-05 03:59:12,528: INFO/Worker-2] found 0 conferences in search set
[2016-03-05 03:59:12,528: INFO/Worker-2] 1841366217: finished strategy "conference-ordered"
[2016-03-05 03:59:12,529: INFO/Worker-2] found 0 conferences in search set
[2016-03-05 03:59:12,529: INFO/Worker-2] 1841366217: finished strategy "conference-ordered-minyear"
[2016-03-05 03:59:12,530: INFO/Worker-2] found 10 author in the search set
[2016-03-05 03:59:12,530: INFO/Worker-2] authors: 10
[2016-03-05 03:59:12,575: INFO/Worker-2] authors: 1
[2016-03-05 03:59:16,038: INFO/Worker-2] found 5 journals in search set
[2016-03-05 03:59:16,253: INFO/Worker-2] found 0 conferences in search set
[2016-03-05 03:59:16,253: INFO/Worker-2] 1841366217: finished strategy "author-ordered-minyear-recursive+journal-ordered-minyear+conference-ordered-minyear"
[2016-03-05 03:59:17,024: INFO/Worker-2] 1843042359 author: set 71 publications
[2016-03-05 03:59:18,954: INFO/Worker-2] found 215 author in the search set
[2016-03-05 03:59:18,954: INFO/Worker-2] authors: 215
[2016-03-05 04:12:25,918: INFO/Worker-2] 1843042359: finished strategy "author-ordered"
[2016-03-05 04:12:25,923: INFO/Worker-2] found 215 author in the search set
[2016-03-05 04:12:25,923: INFO/Worker-2] authors: 215
[2016-03-05 04:12:28,446: INFO/Worker-2] 1843042359: finished strategy "author-ordered-minyear"
[2016-03-05 04:12:28,448: INFO/Worker-2] found 17 journals in search set
[2016-03-05 04:12:56,332: INFO/Worker-2] 1843042359: finished strategy "journal-ordered"
[2016-03-05 04:12:56,334: INFO/Worker-2] found 17 journals in search set
[2016-03-05 04:13:05,315: INFO/Worker-2] 1843042359: finished strategy "journal-ordered-minyear"
[2016-03-05 04:13:05,317: INFO/Worker-2] found 0 conferences in search set
[2016-03-05 04:13:05,317: INFO/Worker-2] 1843042359: finished strategy "conference-ordered"
[2016-03-05 04:13:05,318: INFO/Worker-2] found 0 conferences in search set
[2016-03-05 04:13:05,318: INFO/Worker-2] 1843042359: finished strategy "conference-ordered-minyear"
[2016-03-05 04:13:05,322: INFO/Worker-2] found 215 author in the search set
[2016-03-05 04:13:05,322: INFO/Worker-2] authors: 215
[2016-03-05 04:13:09,244: INFO/Worker-2] authors: 266
[2016-03-05 04:23:59,933: INFO/Worker-2] found 44 journals in search set
[2016-03-05 04:24:24,846: INFO/Worker-2] found 0 conferences in search set
[2016-03-05 04:24:24,847: INFO/Worker-2] 1843042359: finished strategy "author-ordered-minyear-recursive+journal-ordered-minyear+conference-ordered-minyear"
[2016-03-05 04:24:25,095: INFO/Worker-2] 1271484857 author: set 14 publications
[2016-03-05 04:24:25,461: INFO/Worker-2] found 48 author in the search set
[2016-03-05 04:24:25,461: INFO/Worker-2] authors: 48
[2016-03-05 04:26:23,106: INFO/Worker-2] 1271484857: finished strategy "author-ordered"
[2016-03-05 04:26:23,108: INFO/Worker-2] found 48 author in the search set
[2016-03-05 04:26:23,108: INFO/Worker-2] authors: 48
[2016-03-05 04:26:23,374: INFO/Worker-2] 1271484857: finished strategy "author-ordered-minyear"
[2016-03-05 04:26:23,375: INFO/Worker-2] found 5 journals in search set
[2016-03-05 04:26:31,148: INFO/Worker-2] 1271484857: finished strategy "journal-ordered"
[2016-03-05 04:26:31,150: INFO/Worker-2] found 5 journals in search set
[2016-03-05 04:26:31,468: INFO/Worker-2] 1271484857: finished strategy "journal-ordered-minyear"
[2016-03-05 04:26:31,469: INFO/Worker-2] found 0 conferences in search set
[2016-03-05 04:26:31,469: INFO/Worker-2] 1271484857: finished strategy "conference-ordered"
[2016-03-05 04:26:31,470: INFO/Worker-2] found 0 conferences in search set
[2016-03-05 04:26:31,470: INFO/Worker-2] 1271484857: finished strategy "conference-ordered-minyear"
[2016-03-05 04:26:31,471: INFO/Worker-2] found 48 author in the search set
[2016-03-05 04:26:31,471: INFO/Worker-2] authors: 48
[2016-03-05 04:26:31,759: INFO/Worker-2] authors: 14
[2016-03-05 04:26:51,005: INFO/Worker-2] found 6 journals in search set
[2016-03-05 04:26:51,689: INFO/Worker-2] found 0 conferences in search set
[2016-03-05 04:26:51,689: INFO/Worker-2] 1271484857: finished strategy "author-ordered-minyear-recursive+journal-ordered-minyear+conference-ordered-minyear"
[2016-03-05 04:26:52,042: INFO/Worker-2] 1836422080 author: set 19 publications
[2016-03-05 04:26:52,561: INFO/Worker-2] found 48 author in the search set
[2016-03-05 04:26:52,561: INFO/Worker-2] authors: 48
[2016-03-05 04:28:13,330: INFO/Worker-2] 1836422080: finished strategy "author-ordered"
[2016-03-05 04:28:13,332: INFO/Worker-2] found 48 author in the search set
[2016-03-05 04:28:13,332: INFO/Worker-2] authors: 48
[2016-03-05 04:28:13,589: INFO/Worker-2] 1836422080: finished strategy "author-ordered-minyear"
[2016-03-05 04:28:13,590: INFO/Worker-2] found 6 journals in search set
[2016-03-05 04:28:31,665: INFO/Worker-2] 1836422080: finished strategy "journal-ordered"
[2016-03-05 04:28:31,667: INFO/Worker-2] found 6 journals in search set
[2016-03-05 04:28:35,043: INFO/Worker-2] 1836422080: finished strategy "journal-ordered-minyear"
[2016-03-05 04:28:35,044: INFO/Worker-2] found 0 conferences in search set
[2016-03-05 04:28:35,044: INFO/Worker-2] 1836422080: finished strategy "conference-ordered"
[2016-03-05 04:28:35,045: INFO/Worker-2] found 0 conferences in search set
[2016-03-05 04:28:35,045: INFO/Worker-2] 1836422080: finished strategy "conference-ordered-minyear"
[2016-03-05 04:28:35,047: INFO/Worker-2] found 48 author in the search set
[2016-03-05 04:28:35,047: INFO/Worker-2] authors: 48
[2016-03-05 04:28:36,073: INFO/Worker-2] authors: 14
[2016-03-05 04:30:12,385: INFO/Worker-2] found 11 journals in search set
[2016-03-05 04:30:16,709: INFO/Worker-2] found 0 conferences in search set
[2016-03-05 04:30:16,709: INFO/Worker-2] 1836422080: finished strategy "author-ordered-minyear-recursive+journal-ordered-minyear+conference-ordered-minyear"
[2016-03-05 04:30:17,023: INFO/Worker-2] 252520937 author: set 20 publications
[2016-03-05 04:30:17,750: INFO/Worker-2] found 77 author in the search set
[2016-03-05 04:30:17,750: INFO/Worker-2] authors: 77
[2016-03-05 06:02:31,882: INFO/Worker-2] 252520937: finished strategy "author-ordered"
[2016-03-05 06:02:32,567: INFO/Worker-2] found 77 author in the search set
[2016-03-05 06:02:32,567: INFO/Worker-2] authors: 77
[2016-03-05 07:25:43,055: INFO/Worker-2] 252520937: finished strategy "author-ordered-minyear"
[2016-03-05 07:25:43,192: INFO/Worker-2] found 3 journals in search set
[2016-03-05 07:25:45,949: INFO/Worker-2] 252520937: finished strategy "journal-ordered"
[2016-03-05 07:25:45,957: INFO/Worker-2] found 3 journals in search set
[2016-03-05 07:25:46,992: INFO/Worker-2] 252520937: finished strategy "journal-ordered-minyear"
[2016-03-05 07:25:46,994: INFO/Worker-2] found 0 conferences in search set
[2016-03-05 07:25:46,994: INFO/Worker-2] 252520937: finished strategy "conference-ordered"
[2016-03-05 07:25:46,995: INFO/Worker-2] found 0 conferences in search set
[2016-03-05 07:25:46,995: INFO/Worker-2] 252520937: finished strategy "conference-ordered-minyear"
[2016-03-05 07:25:47,636: INFO/Worker-2] found 77 author in the search set
[2016-03-05 07:25:47,636: INFO/Worker-2] authors: 77
[2016-03-05 08:46:39,767: INFO/Worker-2] authors: 4
[2016-03-05 08:57:42,205: INFO/Worker-2] found 3 journals in search set
[2016-03-05 08:57:44,042: INFO/Worker-2] found 0 conferences in search set
[2016-03-05 08:57:44,042: INFO/Worker-2] 252520937: finished strategy "author-ordered-minyear-recursive+journal-ordered-minyear+conference-ordered-minyear"
[2016-03-05 08:57:44,635: INFO/Worker-2] 1833466610 author: set 35 publications
[2016-03-05 08:57:45,428: INFO/Worker-2] found 82 author in the search set
[2016-03-05 08:57:45,428: INFO/Worker-2] authors: 82
[2016-03-05 09:01:40,782: INFO/Worker-2] 1833466610: finished strategy "author-ordered"
[2016-03-05 09:01:40,793: INFO/Worker-2] found 82 author in the search set
[2016-03-05 09:01:40,793: INFO/Worker-2] authors: 82
[2016-03-05 09:01:41,434: INFO/Worker-2] 1833466610: finished strategy "author-ordered-minyear"
[2016-03-05 09:01:41,436: INFO/Worker-2] found 15 journals in search set
[2016-03-05 09:01:45,831: INFO/Worker-2] 1833466610: finished strategy "journal-ordered"
[2016-03-05 09:01:45,841: INFO/Worker-2] found 15 journals in search set
[2016-03-05 09:01:46,644: INFO/Worker-2] 1833466610: finished strategy "journal-ordered-minyear"
[2016-03-05 09:01:46,646: INFO/Worker-2] found 0 conferences in search set
[2016-03-05 09:01:46,646: INFO/Worker-2] 1833466610: finished strategy "conference-ordered"
[2016-03-05 09:01:46,647: INFO/Worker-2] found 0 conferences in search set
[2016-03-05 09:01:46,648: INFO/Worker-2] 1833466610: finished strategy "conference-ordered-minyear"
[2016-03-05 09:01:46,649: INFO/Worker-2] found 82 author in the search set
[2016-03-05 09:01:46,649: INFO/Worker-2] authors: 82
[2016-03-05 09:01:47,624: INFO/Worker-2] authors: 53
[2016-03-05 09:02:38,706: INFO/Worker-2] found 27 journals in search set
[2016-03-05 09:02:41,699: INFO/Worker-2] found 0 conferences in search set
[2016-03-05 09:02:41,699: INFO/Worker-2] 1833466610: finished strategy "author-ordered-minyear-recursive+journal-ordered-minyear+conference-ordered-minyear"
[2016-03-05 09:02:42,136: INFO/Worker-2] 1590775848 author: set 23 publications
[2016-03-05 09:02:42,665: INFO/Worker-2] found 30 author in the search set
[2016-03-05 09:02:42,665: INFO/Worker-2] authors: 30
[2016-03-05 09:05:08,654: INFO/Worker-2] 1590775848: finished strategy "author-ordered"
[2016-03-05 09:05:08,655: INFO/Worker-2] found 30 author in the search set
[2016-03-05 09:05:08,655: INFO/Worker-2] authors: 30
[2016-03-05 09:05:08,996: INFO/Worker-2] 1590775848: finished strategy "author-ordered-minyear"
[2016-03-05 09:05:08,997: INFO/Worker-2] found 7 journals in search set
[2016-03-05 09:05:21,921: INFO/Worker-2] 1590775848: finished strategy "journal-ordered"
[2016-03-05 09:05:21,937: INFO/Worker-2] found 7 journals in search set
[2016-03-05 09:05:25,687: INFO/Worker-2] 1590775848: finished strategy "journal-ordered-minyear"
[2016-03-05 09:05:25,689: INFO/Worker-2] found 0 conferences in search set
[2016-03-05 09:05:25,689: INFO/Worker-2] 1590775848: finished strategy "conference-ordered"
[2016-03-05 09:05:25,690: INFO/Worker-2] found 0 conferences in search set
[2016-03-05 09:05:25,690: INFO/Worker-2] 1590775848: finished strategy "conference-ordered-minyear"
[2016-03-05 09:05:25,691: INFO/Worker-2] found 30 author in the search set
[2016-03-05 09:05:25,691: INFO/Worker-2] authors: 30
[2016-03-05 09:05:27,081: INFO/Worker-2] authors: 13
[2016-03-05 09:05:58,427: INFO/Worker-2] found 11 journals in search set
[2016-03-05 09:06:02,930: INFO/Worker-2] found 0 conferences in search set
[2016-03-05 09:06:02,930: INFO/Worker-2] 1590775848: finished strategy "author-ordered-minyear-recursive+journal-ordered-minyear+conference-ordered-minyear"
[2016-03-05 09:06:03,192: INFO/Worker-2] 715186309 author: set 13 publications
[2016-03-05 09:06:03,562: INFO/Worker-2] found 23 author in the search set
[2016-03-05 09:06:03,562: INFO/Worker-2] authors: 23
[2016-03-05 09:06:49,656: INFO/Worker-2] 715186309: finished strategy "author-ordered"
[2016-03-05 09:06:49,657: INFO/Worker-2] found 23 author in the search set
[2016-03-05 09:06:49,657: INFO/Worker-2] authors: 23
[2016-03-05 09:06:49,768: INFO/Worker-2] 715186309: finished strategy "author-ordered-minyear"
[2016-03-05 09:06:49,769: INFO/Worker-2] found 5 journals in search set
[2016-03-05 09:06:51,875: INFO/Worker-2] 715186309: finished strategy "journal-ordered"
[2016-03-05 09:06:51,896: INFO/Worker-2] found 5 journals in search set
[2016-03-05 09:06:52,554: INFO/Worker-2] 715186309: finished strategy "journal-ordered-minyear"
[2016-03-05 09:06:52,556: INFO/Worker-2] found 0 conferences in search set
[2016-03-05 09:06:52,556: INFO/Worker-2] 715186309: finished strategy "conference-ordered"
[2016-03-05 09:06:52,556: INFO/Worker-2] found 0 conferences in search set
[2016-03-05 09:06:52,556: INFO/Worker-2] 715186309: finished strategy "conference-ordered-minyear"
[2016-03-05 09:06:52,557: INFO/Worker-2] found 23 author in the search set
[2016-03-05 09:06:52,557: INFO/Worker-2] authors: 23
[2016-03-05 09:06:52,711: INFO/Worker-2] authors: 8
[2016-03-05 09:07:26,936: INFO/Worker-2] found 7 journals in search set
[2016-03-05 09:07:27,864: INFO/Worker-2] found 0 conferences in search set
[2016-03-05 09:07:27,864: INFO/Worker-2] 715186309: finished strategy "author-ordered-minyear-recursive+journal-ordered-minyear+conference-ordered-minyear"
[2016-03-05 09:07:28,066: INFO/Worker-2] 357129921 author: set 11 publications
[2016-03-05 09:07:28,188: INFO/Worker-2] found 2 author in the search set
[2016-03-05 09:07:28,188: INFO/Worker-2] authors: 2
[2016-03-05 09:07:29,301: INFO/Worker-2] 357129921: finished strategy "author-ordered"
[2016-03-05 09:07:29,302: INFO/Worker-2] found 2 author in the search set
[2016-03-05 09:07:29,302: INFO/Worker-2] authors: 2
[2016-03-05 09:07:29,311: INFO/Worker-2] 357129921: finished strategy "author-ordered-minyear"
[2016-03-05 09:07:29,312: INFO/Worker-2] found 3 journals in search set
[2016-03-05 09:07:30,260: INFO/Worker-2] 357129921: finished strategy "journal-ordered"
[2016-03-05 09:07:30,261: INFO/Worker-2] found 3 journals in search set
[2016-03-05 09:07:30,527: INFO/Worker-2] 357129921: finished strategy "journal-ordered-minyear"
[2016-03-05 09:07:30,528: INFO/Worker-2] found 0 conferences in search set
[2016-03-05 09:07:30,528: INFO/Worker-2] 357129921: finished strategy "conference-ordered"
[2016-03-05 09:07:30,529: INFO/Worker-2] found 0 conferences in search set
[2016-03-05 09:07:30,529: INFO/Worker-2] 357129921: finished strategy "conference-ordered-minyear"
[2016-03-05 09:07:30,530: INFO/Worker-2] found 2 author in the search set
[2016-03-05 09:07:30,530: INFO/Worker-2] authors: 2
[2016-03-05 09:07:30,539: INFO/Worker-2] authors: 0
[2016-03-05 09:07:30,539: INFO/Worker-2] found 3 journals in search set
[2016-03-05 09:07:30,807: INFO/Worker-2] found 0 conferences in search set
[2016-03-05 09:07:30,808: INFO/Worker-2] 357129921: finished strategy "author-ordered-minyear-recursive+journal-ordered-minyear+conference-ordered-minyear"
[2016-03-05 09:07:31,082: INFO/Worker-2] 327283673 author: set 19 publications
[2016-03-05 09:07:31,480: INFO/Worker-2] found 35 author in the search set
[2016-03-05 09:07:31,480: INFO/Worker-2] authors: 35
[2016-03-05 09:07:33,944: INFO/Worker-2] 327283673: finished strategy "author-ordered"
[2016-03-05 09:07:33,946: INFO/Worker-2] found 35 author in the search set
[2016-03-05 09:07:33,946: INFO/Worker-2] authors: 35
[2016-03-05 09:07:34,078: INFO/Worker-2] 327283673: finished strategy "author-ordered-minyear"
[2016-03-05 09:07:34,079: INFO/Worker-2] found 0 journals in search set
[2016-03-05 09:07:34,079: INFO/Worker-2] 327283673: finished strategy "journal-ordered"
[2016-03-05 09:07:34,079: INFO/Worker-2] found 0 journals in search set
[2016-03-05 09:07:34,079: INFO/Worker-2] 327283673: finished strategy "journal-ordered-minyear"
[2016-03-05 09:07:34,080: INFO/Worker-2] found 0 conferences in search set
[2016-03-05 09:07:34,080: INFO/Worker-2] 327283673: finished strategy "conference-ordered"
[2016-03-05 09:07:34,081: INFO/Worker-2] found 0 conferences in search set
[2016-03-05 09:07:34,081: INFO/Worker-2] 327283673: finished strategy "conference-ordered-minyear"
[2016-03-05 09:07:34,082: INFO/Worker-2] found 35 author in the search set
[2016-03-05 09:07:34,082: INFO/Worker-2] authors: 35
[2016-03-05 09:07:34,214: INFO/Worker-2] authors: 0
[2016-03-05 09:07:34,214: INFO/Worker-2] found 0 journals in search set
[2016-03-05 09:07:34,215: INFO/Worker-2] found 0 conferences in search set
[2016-03-05 09:07:34,215: INFO/Worker-2] 327283673: finished strategy "author-ordered-minyear-recursive+journal-ordered-minyear+conference-ordered-minyear"
[2016-03-05 09:07:34,463: INFO/Worker-2] 1408143206 author: set 17 publications
[2016-03-05 09:07:34,932: INFO/Worker-2] found 50 author in the search set
[2016-03-05 09:07:34,933: INFO/Worker-2] authors: 50
[2016-03-05 09:08:17,718: INFO/Worker-2] 1408143206: finished strategy "author-ordered"
[2016-03-05 09:08:17,720: INFO/Worker-2] found 50 author in the search set
[2016-03-05 09:08:17,720: INFO/Worker-2] authors: 50
[2016-03-05 09:08:17,954: INFO/Worker-2] 1408143206: finished strategy "author-ordered-minyear"
[2016-03-05 09:08:17,955: INFO/Worker-2] found 9 journals in search set
[2016-03-05 09:08:24,333: INFO/Worker-2] 1408143206: finished strategy "journal-ordered"
[2016-03-05 09:08:24,335: INFO/Worker-2] found 9 journals in search set
[2016-03-05 09:08:27,518: INFO/Worker-2] 1408143206: finished strategy "journal-ordered-minyear"
[2016-03-05 09:08:27,520: INFO/Worker-2] found 0 conferences in search set
[2016-03-05 09:08:27,520: INFO/Worker-2] 1408143206: finished strategy "conference-ordered"
[2016-03-05 09:08:27,521: INFO/Worker-2] found 0 conferences in search set
[2016-03-05 09:08:27,521: INFO/Worker-2] 1408143206: finished strategy "conference-ordered-minyear"
[2016-03-05 09:08:27,522: INFO/Worker-2] found 50 author in the search set
[2016-03-05 09:08:27,522: INFO/Worker-2] authors: 50
[2016-03-05 09:08:27,884: INFO/Worker-2] authors: 25
[2016-03-05 09:09:44,016: INFO/Worker-2] found 11 journals in search set
[2016-03-05 09:09:47,479: INFO/Worker-2] found 0 conferences in search set
[2016-03-05 09:09:47,479: INFO/Worker-2] 1408143206: finished strategy "author-ordered-minyear-recursive+journal-ordered-minyear+conference-ordered-minyear"
[2016-03-05 09:09:47,939: INFO/Worker-2] 695495226 author: set 23 publications
[2016-03-05 09:09:48,462: INFO/Worker-2] found 33 author in the search set
[2016-03-05 09:09:48,462: INFO/Worker-2] authors: 33
[2016-03-05 09:10:48,918: INFO/Worker-2] 695495226: finished strategy "author-ordered"
[2016-03-05 09:10:48,919: INFO/Worker-2] found 33 author in the search set
[2016-03-05 09:10:48,919: INFO/Worker-2] authors: 33
[2016-03-05 09:10:49,112: INFO/Worker-2] 695495226: finished strategy "author-ordered-minyear"
[2016-03-05 09:10:49,113: INFO/Worker-2] found 7 journals in search set
[2016-03-05 09:10:51,628: INFO/Worker-2] 695495226: finished strategy "journal-ordered"
[2016-03-05 09:10:51,629: INFO/Worker-2] found 7 journals in search set
[2016-03-05 09:10:52,111: INFO/Worker-2] 695495226: finished strategy "journal-ordered-minyear"
[2016-03-05 09:10:52,112: INFO/Worker-2] found 0 conferences in search set
[2016-03-05 09:10:52,112: INFO/Worker-2] 695495226: finished strategy "conference-ordered"
[2016-03-05 09:10:52,112: INFO/Worker-2] found 0 conferences in search set
[2016-03-05 09:10:52,112: INFO/Worker-2] 695495226: finished strategy "conference-ordered-minyear"
[2016-03-05 09:10:52,113: INFO/Worker-2] found 33 author in the search set
[2016-03-05 09:10:52,114: INFO/Worker-2] authors: 33
[2016-03-05 09:10:52,488: INFO/Worker-2] authors: 31
[2016-03-05 09:11:57,019: INFO/Worker-2] found 13 journals in search set
[2016-03-05 09:11:58,445: INFO/Worker-2] found 0 conferences in search set
[2016-03-05 09:11:58,445: INFO/Worker-2] 695495226: finished strategy "author-ordered-minyear-recursive+journal-ordered-minyear+conference-ordered-minyear"
[2016-03-05 09:11:58,718: INFO/Worker-2] 692137639 author: set 21 publications
[2016-03-05 09:11:59,091: INFO/Worker-2] found 24 author in the search set
[2016-03-05 09:11:59,091: INFO/Worker-2] authors: 24
[2016-03-05 09:13:50,062: INFO/Worker-2] 692137639: finished strategy "author-ordered"
[2016-03-05 09:13:50,064: INFO/Worker-2] found 24 author in the search set
[2016-03-05 09:13:50,064: INFO/Worker-2] authors: 24
[2016-03-05 09:13:50,275: INFO/Worker-2] 692137639: finished strategy "author-ordered-minyear"
[2016-03-05 09:13:50,276: INFO/Worker-2] found 8 journals in search set
[2016-03-05 09:14:08,554: INFO/Worker-2] 692137639: finished strategy "journal-ordered"
[2016-03-05 09:14:08,558: INFO/Worker-2] found 8 journals in search set
[2016-03-05 09:14:14,188: INFO/Worker-2] 692137639: finished strategy "journal-ordered-minyear"
[2016-03-05 09:14:14,189: INFO/Worker-2] found 0 conferences in search set
[2016-03-05 09:14:14,190: INFO/Worker-2] 692137639: finished strategy "conference-ordered"
[2016-03-05 09:14:14,190: INFO/Worker-2] found 0 conferences in search set
[2016-03-05 09:14:14,190: INFO/Worker-2] 692137639: finished strategy "conference-ordered-minyear"
[2016-03-05 09:14:14,192: INFO/Worker-2] found 24 author in the search set
[2016-03-05 09:14:14,192: INFO/Worker-2] authors: 24
[2016-03-05 09:14:15,187: INFO/Worker-2] authors: 77
[2016-03-05 09:17:29,497: INFO/Worker-2] found 23 journals in search set
[2016-03-05 09:17:40,321: INFO/Worker-2] found 0 conferences in search set
[2016-03-05 09:17:40,322: INFO/Worker-2] 692137639: finished strategy "author-ordered-minyear-recursive+journal-ordered-minyear+conference-ordered-minyear"
[2016-03-05 09:17:40,746: INFO/Worker-2] 576222461 author: set 23 publications
[2016-03-05 09:17:41,111: INFO/Worker-2] found 10 author in the search set
[2016-03-05 09:17:41,111: INFO/Worker-2] authors: 10
[2016-03-05 09:18:21,459: INFO/Worker-2] 576222461: finished strategy "author-ordered"
[2016-03-05 09:18:21,460: INFO/Worker-2] found 10 author in the search set
[2016-03-05 09:18:21,461: INFO/Worker-2] authors: 10
[2016-03-05 09:18:21,537: INFO/Worker-2] 576222461: finished strategy "author-ordered-minyear"
[2016-03-05 09:18:21,538: INFO/Worker-2] found 3 journals in search set
[2016-03-05 09:18:35,868: INFO/Worker-2] 576222461: finished strategy "journal-ordered"
[2016-03-05 09:18:35,870: INFO/Worker-2] found 3 journals in search set
[2016-03-05 09:18:36,062: INFO/Worker-2] 576222461: finished strategy "journal-ordered-minyear"
[2016-03-05 09:18:36,063: INFO/Worker-2] found 1 conferences in search set
[2016-03-05 09:18:36,293: INFO/Worker-2] 576222461: finished strategy "conference-ordered"
[2016-03-05 09:18:36,294: INFO/Worker-2] found 1 conferences in search set
[2016-03-05 09:18:36,342: INFO/Worker-2] 576222461: finished strategy "conference-ordered-minyear"
[2016-03-05 09:18:36,348: INFO/Worker-2] found 10 author in the search set
[2016-03-05 09:18:36,348: INFO/Worker-2] authors: 10
[2016-03-05 09:18:36,483: INFO/Worker-2] authors: 8
[2016-03-05 09:18:39,940: INFO/Worker-2] found 7 journals in search set
[2016-03-05 09:18:44,346: INFO/Worker-2] found 4 conferences in search set
[2016-03-05 09:18:45,162: INFO/Worker-2] 576222461: finished strategy "author-ordered-minyear-recursive+journal-ordered-minyear+conference-ordered-minyear"
[2016-03-05 09:18:45,468: INFO/Worker-2] 1824856986 author: set 12 publications
[2016-03-05 09:18:45,934: INFO/Worker-2] found 33 author in the search set
[2016-03-05 09:18:45,934: INFO/Worker-2] authors: 33
[2016-03-05 09:19:41,783: INFO/Worker-2] 1824856986: finished strategy "author-ordered"
[2016-03-05 09:19:41,784: INFO/Worker-2] found 33 author in the search set
[2016-03-05 09:19:41,784: INFO/Worker-2] authors: 33
[2016-03-05 09:19:41,944: INFO/Worker-2] 1824856986: finished strategy "author-ordered-minyear"
[2016-03-05 09:19:41,945: INFO/Worker-2] found 3 journals in search set
[2016-03-05 09:19:43,412: INFO/Worker-2] 1824856986: finished strategy "journal-ordered"
[2016-03-05 09:19:43,414: INFO/Worker-2] found 3 journals in search set
[2016-03-05 09:19:43,997: INFO/Worker-2] 1824856986: finished strategy "journal-ordered-minyear"
[2016-03-05 09:19:43,999: INFO/Worker-2] found 0 conferences in search set
[2016-03-05 09:19:43,999: INFO/Worker-2] 1824856986: finished strategy "conference-ordered"
[2016-03-05 09:19:43,999: INFO/Worker-2] found 0 conferences in search set
[2016-03-05 09:19:43,999: INFO/Worker-2] 1824856986: finished strategy "conference-ordered-minyear"
[2016-03-05 09:19:44,000: INFO/Worker-2] found 33 author in the search set
[2016-03-05 09:19:44,000: INFO/Worker-2] authors: 33
[2016-03-05 09:19:44,316: INFO/Worker-2] authors: 23
[2016-03-05 09:20:30,982: INFO/Worker-2] found 8 journals in search set
[2016-03-05 09:20:31,991: INFO/Worker-2] found 0 conferences in search set
[2016-03-05 09:20:31,991: INFO/Worker-2] 1824856986: finished strategy "author-ordered-minyear-recursive+journal-ordered-minyear+conference-ordered-minyear"
[2016-03-05 09:20:32,167: INFO/Worker-2] 332675965 author: set 10 publications
[2016-03-05 09:20:32,336: INFO/Worker-2] found 12 author in the search set
[2016-03-05 09:20:32,336: INFO/Worker-2] authors: 12
[2016-03-05 09:20:32,819: INFO/Worker-2] 332675965: finished strategy "author-ordered"
[2016-03-05 09:20:32,819: INFO/Worker-2] found 12 author in the search set
[2016-03-05 09:20:32,819: INFO/Worker-2] authors: 12
[2016-03-05 09:20:32,864: INFO/Worker-2] 332675965: finished strategy "author-ordered-minyear"
[2016-03-05 09:20:32,865: INFO/Worker-2] found 0 journals in search set
[2016-03-05 09:20:32,865: INFO/Worker-2] 332675965: finished strategy "journal-ordered"
[2016-03-05 09:20:32,865: INFO/Worker-2] found 0 journals in search set
[2016-03-05 09:20:32,865: INFO/Worker-2] 332675965: finished strategy "journal-ordered-minyear"
[2016-03-05 09:20:32,866: INFO/Worker-2] found 0 conferences in search set
[2016-03-05 09:20:32,866: INFO/Worker-2] 332675965: finished strategy "conference-ordered"
[2016-03-05 09:20:32,867: INFO/Worker-2] found 0 conferences in search set
[2016-03-05 09:20:32,867: INFO/Worker-2] 332675965: finished strategy "conference-ordered-minyear"
[2016-03-05 09:20:32,867: INFO/Worker-2] found 12 author in the search set
[2016-03-05 09:20:32,868: INFO/Worker-2] authors: 12
[2016-03-05 09:20:32,912: INFO/Worker-2] authors: 0
[2016-03-05 09:20:32,912: INFO/Worker-2] found 0 journals in search set
[2016-03-05 09:20:32,913: INFO/Worker-2] found 0 conferences in search set
[2016-03-05 09:20:32,913: INFO/Worker-2] 332675965: finished strategy "author-ordered-minyear-recursive+journal-ordered-minyear+conference-ordered-minyear"
[2016-03-05 09:20:33,829: INFO/Worker-2] 975528716 author: set 75 publications
[2016-03-05 09:20:35,580: INFO/Worker-2] found 172 author in the search set
[2016-03-05 09:20:35,580: INFO/Worker-2] authors: 172
[2016-03-05 09:28:53,875: INFO/Worker-2] 975528716: finished strategy "author-ordered"
[2016-03-05 09:28:53,879: INFO/Worker-2] found 172 author in the search set
[2016-03-05 09:28:53,880: INFO/Worker-2] authors: 172
[2016-03-05 09:28:55,846: INFO/Worker-2] 975528716: finished strategy "author-ordered-minyear"
[2016-03-05 09:28:55,847: INFO/Worker-2] found 43 journals in search set
[2016-03-05 09:29:12,416: INFO/Worker-2] 975528716: finished strategy "journal-ordered"
[2016-03-05 09:29:12,418: INFO/Worker-2] found 43 journals in search set
[2016-03-05 09:29:19,194: INFO/Worker-2] 975528716: finished strategy "journal-ordered-minyear"
[2016-03-05 09:29:19,195: INFO/Worker-2] found 0 conferences in search set
[2016-03-05 09:29:19,195: INFO/Worker-2] 975528716: finished strategy "conference-ordered"
[2016-03-05 09:29:19,196: INFO/Worker-2] found 0 conferences in search set
[2016-03-05 09:29:19,196: INFO/Worker-2] 975528716: finished strategy "conference-ordered-minyear"
[2016-03-05 09:29:19,199: INFO/Worker-2] found 172 author in the search set
[2016-03-05 09:29:19,199: INFO/Worker-2] authors: 172
[2016-03-05 09:29:21,486: INFO/Worker-2] authors: 96
[2016-03-05 09:32:49,833: INFO/Worker-2] found 59 journals in search set
[2016-03-05 09:33:00,731: INFO/Worker-2] found 0 conferences in search set
[2016-03-05 09:33:00,731: INFO/Worker-2] 975528716: finished strategy "author-ordered-minyear-recursive+journal-ordered-minyear+conference-ordered-minyear"
[2016-03-05 09:33:01,065: INFO/Worker-2] 1754460160 author: set 16 publications
[2016-03-05 09:33:01,393: INFO/Worker-2] found 28 author in the search set
[2016-03-05 09:33:01,393: INFO/Worker-2] authors: 28
[2016-03-05 09:33:25,994: INFO/Worker-2] 1754460160: finished strategy "author-ordered"
[2016-03-05 09:33:25,995: INFO/Worker-2] found 28 author in the search set
[2016-03-05 09:33:25,995: INFO/Worker-2] authors: 28
[2016-03-05 09:33:26,134: INFO/Worker-2] 1754460160: finished strategy "author-ordered-minyear"
[2016-03-05 09:33:26,135: INFO/Worker-2] found 3 journals in search set
[2016-03-05 09:33:27,862: INFO/Worker-2] 1754460160: finished strategy "journal-ordered"
[2016-03-05 09:33:27,864: INFO/Worker-2] found 3 journals in search set
[2016-03-05 09:33:28,504: INFO/Worker-2] 1754460160: finished strategy "journal-ordered-minyear"
[2016-03-05 09:33:28,505: INFO/Worker-2] found 0 conferences in search set
[2016-03-05 09:33:28,505: INFO/Worker-2] 1754460160: finished strategy "conference-ordered"
[2016-03-05 09:33:28,506: INFO/Worker-2] found 0 conferences in search set
[2016-03-05 09:33:28,506: INFO/Worker-2] 1754460160: finished strategy "conference-ordered-minyear"
[2016-03-05 09:33:28,507: INFO/Worker-2] found 28 author in the search set
[2016-03-05 09:33:28,507: INFO/Worker-2] authors: 28
[2016-03-05 09:33:28,912: INFO/Worker-2] authors: 40
[2016-03-05 09:34:48,220: INFO/Worker-2] found 10 journals in search set
[2016-03-05 09:34:49,827: INFO/Worker-2] found 1 conferences in search set
[2016-03-05 09:34:49,981: INFO/Worker-2] 1754460160: finished strategy "author-ordered-minyear-recursive+journal-ordered-minyear+conference-ordered-minyear"
[2016-03-05 09:34:50,261: INFO/Worker-2] 1887606563 author: set 18 publications
[2016-03-05 09:34:51,046: INFO/Worker-2] found 131 author in the search set
[2016-03-05 09:34:51,046: INFO/Worker-2] authors: 131
[2016-03-05 09:43:08,783: INFO/Worker-2] 1887606563: finished strategy "author-ordered"
[2016-03-05 09:43:08,786: INFO/Worker-2] found 131 author in the search set
[2016-03-05 09:43:08,786: INFO/Worker-2] authors: 131
[2016-03-05 09:43:10,348: INFO/Worker-2] 1887606563: finished strategy "author-ordered-minyear"
[2016-03-05 09:43:10,349: INFO/Worker-2] found 5 journals in search set
[2016-03-05 09:43:19,414: INFO/Worker-2] 1887606563: finished strategy "journal-ordered"
[2016-03-05 09:43:19,415: INFO/Worker-2] found 5 journals in search set
[2016-03-05 09:43:23,010: INFO/Worker-2] 1887606563: finished strategy "journal-ordered-minyear"
[2016-03-05 09:43:23,011: INFO/Worker-2] found 0 conferences in search set
[2016-03-05 09:43:23,011: INFO/Worker-2] 1887606563: finished strategy "conference-ordered"
[2016-03-05 09:43:23,011: INFO/Worker-2] found 0 conferences in search set
[2016-03-05 09:43:23,012: INFO/Worker-2] 1887606563: finished strategy "conference-ordered-minyear"
[2016-03-05 09:43:23,014: INFO/Worker-2] found 131 author in the search set
[2016-03-05 09:43:23,014: INFO/Worker-2] authors: 131
[2016-03-05 09:43:24,402: INFO/Worker-2] authors: 54
[2016-03-05 09:46:02,169: INFO/Worker-2] found 12 journals in search set
[2016-03-05 09:46:07,167: INFO/Worker-2] found 0 conferences in search set
[2016-03-05 09:46:07,167: INFO/Worker-2] 1887606563: finished strategy "author-ordered-minyear-recursive+journal-ordered-minyear+conference-ordered-minyear"
[2016-03-05 09:46:07,405: INFO/Worker-2] 1825053086 author: set 11 publications
[2016-03-05 09:46:09,904: INFO/Worker-2] found 417 author in the search set
[2016-03-05 09:46:09,904: INFO/Worker-2] authors: 417
[2016-03-05 10:01:14,444: INFO/Worker-2] 1825053086: finished strategy "author-ordered"
[2016-03-05 10:01:14,706: INFO/Worker-2] found 417 author in the search set
[2016-03-05 10:01:14,706: INFO/Worker-2] authors: 417
[2016-03-05 10:07:57,373: INFO/Worker-2] 1825053086: finished strategy "author-ordered-minyear"
[2016-03-05 10:07:57,374: INFO/Worker-2] found 9 journals in search set
[2016-03-05 10:08:12,612: INFO/Worker-2] 1825053086: finished strategy "journal-ordered"
[2016-03-05 10:08:12,626: INFO/Worker-2] found 9 journals in search set
[2016-03-05 10:08:16,880: INFO/Worker-2] 1825053086: finished strategy "journal-ordered-minyear"
[2016-03-05 10:08:16,903: INFO/Worker-2] found 0 conferences in search set
[2016-03-05 10:08:16,903: INFO/Worker-2] 1825053086: finished strategy "conference-ordered"
[2016-03-05 10:08:16,904: INFO/Worker-2] found 0 conferences in search set
[2016-03-05 10:08:16,904: INFO/Worker-2] 1825053086: finished strategy "conference-ordered-minyear"
[2016-03-05 10:08:16,911: INFO/Worker-2] found 417 author in the search set
[2016-03-05 10:08:16,911: INFO/Worker-2] authors: 417
[2016-03-05 10:08:26,877: INFO/Worker-2] authors: 320
[2016-03-05 10:18:26,117: INFO/Worker-2] found 38 journals in search set
[2016-03-05 10:18:46,047: INFO/Worker-2] found 1 conferences in search set
[2016-03-05 10:18:46,129: INFO/Worker-2] 1825053086: finished strategy "author-ordered-minyear-recursive+journal-ordered-minyear+conference-ordered-minyear"
[2016-03-05 10:18:46,385: INFO/Worker-2] 418903730 author: set 10 publications
[2016-03-05 10:18:46,622: INFO/Worker-2] found 23 author in the search set
[2016-03-05 10:18:46,622: INFO/Worker-2] authors: 23
[2016-03-05 10:18:50,322: INFO/Worker-2] 418903730: finished strategy "author-ordered"
[2016-03-05 10:18:50,333: INFO/Worker-2] found 23 author in the search set
[2016-03-05 10:18:50,334: INFO/Worker-2] authors: 23
[2016-03-05 10:18:50,420: INFO/Worker-2] 418903730: finished strategy "author-ordered-minyear"
[2016-03-05 10:18:50,421: INFO/Worker-2] found 0 journals in search set
[2016-03-05 10:18:50,421: INFO/Worker-2] 418903730: finished strategy "journal-ordered"
[2016-03-05 10:18:50,422: INFO/Worker-2] found 0 journals in search set
[2016-03-05 10:18:50,422: INFO/Worker-2] 418903730: finished strategy "journal-ordered-minyear"
[2016-03-05 10:18:50,422: INFO/Worker-2] found 0 conferences in search set
[2016-03-05 10:18:50,423: INFO/Worker-2] 418903730: finished strategy "conference-ordered"
[2016-03-05 10:18:50,423: INFO/Worker-2] found 0 conferences in search set
[2016-03-05 10:18:50,423: INFO/Worker-2] 418903730: finished strategy "conference-ordered-minyear"
[2016-03-05 10:18:50,424: INFO/Worker-2] found 23 author in the search set
[2016-03-05 10:18:50,424: INFO/Worker-2] authors: 23
[2016-03-05 10:18:50,510: INFO/Worker-2] authors: 0
[2016-03-05 10:18:50,511: INFO/Worker-2] found 0 journals in search set
[2016-03-05 10:18:50,511: INFO/Worker-2] found 0 conferences in search set
[2016-03-05 10:18:50,511: INFO/Worker-2] 418903730: finished strategy "author-ordered-minyear-recursive+journal-ordered-minyear+conference-ordered-minyear"
[2016-03-05 10:18:51,056: INFO/Worker-2] 1724373719 author: set 30 publications
[2016-03-05 10:18:51,393: INFO/Worker-2] found 10 author in the search set
[2016-03-05 10:18:51,393: INFO/Worker-2] authors: 10
[2016-03-05 10:18:55,164: INFO/Worker-2] 1724373719: finished strategy "author-ordered"
[2016-03-05 10:18:55,165: INFO/Worker-2] found 10 author in the search set
[2016-03-05 10:18:55,166: INFO/Worker-2] authors: 10
[2016-03-05 10:18:55,206: INFO/Worker-2] 1724373719: finished strategy "author-ordered-minyear"
[2016-03-05 10:18:55,207: INFO/Worker-2] found 1 journals in search set
[2016-03-05 10:18:55,638: INFO/Worker-2] 1724373719: finished strategy "journal-ordered"
[2016-03-05 10:18:55,639: INFO/Worker-2] found 1 journals in search set
[2016-03-05 10:18:55,650: INFO/Worker-2] 1724373719: finished strategy "journal-ordered-minyear"
[2016-03-05 10:18:55,650: INFO/Worker-2] found 0 conferences in search set
[2016-03-05 10:18:55,650: INFO/Worker-2] 1724373719: finished strategy "conference-ordered"
[2016-03-05 10:18:55,651: INFO/Worker-2] found 0 conferences in search set
[2016-03-05 10:18:55,651: INFO/Worker-2] 1724373719: finished strategy "conference-ordered-minyear"
[2016-03-05 10:18:55,652: INFO/Worker-2] found 10 author in the search set
[2016-03-05 10:18:55,652: INFO/Worker-2] authors: 10
[2016-03-05 10:18:55,693: INFO/Worker-2] authors: 0
[2016-03-05 10:18:55,693: INFO/Worker-2] found 1 journals in search set
[2016-03-05 10:18:55,704: INFO/Worker-2] found 0 conferences in search set
[2016-03-05 10:18:55,704: INFO/Worker-2] 1724373719: finished strategy "author-ordered-minyear-recursive+journal-ordered-minyear+conference-ordered-minyear"
[2016-03-05 10:18:55,940: INFO/Worker-2] 1436172473 author: set 12 publications
[2016-03-05 10:18:56,311: INFO/Worker-2] found 31 author in the search set
[2016-03-05 10:18:56,312: INFO/Worker-2] authors: 31
[2016-03-05 10:22:04,895: INFO/Worker-2] 1436172473: finished strategy "author-ordered"
[2016-03-05 10:22:04,896: INFO/Worker-2] found 31 author in the search set
[2016-03-05 10:22:04,896: INFO/Worker-2] authors: 31
[2016-03-05 10:22:05,243: INFO/Worker-2] 1436172473: finished strategy "author-ordered-minyear"
[2016-03-05 10:22:05,244: INFO/Worker-2] found 8 journals in search set
[2016-03-05 10:22:07,493: INFO/Worker-2] 1436172473: finished strategy "journal-ordered"
[2016-03-05 10:22:07,494: INFO/Worker-2] found 8 journals in search set
[2016-03-05 10:22:08,030: INFO/Worker-2] 1436172473: finished strategy "journal-ordered-minyear"
[2016-03-05 10:22:08,031: INFO/Worker-2] found 0 conferences in search set
[2016-03-05 10:22:08,031: INFO/Worker-2] 1436172473: finished strategy "conference-ordered"
[2016-03-05 10:22:08,032: INFO/Worker-2] found 0 conferences in search set
[2016-03-05 10:22:08,032: INFO/Worker-2] 1436172473: finished strategy "conference-ordered-minyear"
[2016-03-05 10:22:08,033: INFO/Worker-2] found 31 author in the search set
[2016-03-05 10:22:08,033: INFO/Worker-2] authors: 31
[2016-03-05 10:22:08,538: INFO/Worker-2] authors: 33
[2016-03-05 10:23:43,110: INFO/Worker-2] found 17 journals in search set
[2016-03-05 10:23:44,626: INFO/Worker-2] found 0 conferences in search set
[2016-03-05 10:23:44,627: INFO/Worker-2] 1436172473: finished strategy "author-ordered-minyear-recursive+journal-ordered-minyear+conference-ordered-minyear"
[2016-03-05 10:23:44,998: INFO/Worker-2] 1797903522 author: set 38 publications
[2016-03-05 10:23:45,770: INFO/Worker-2] found 78 author in the search set
[2016-03-05 10:23:45,770: INFO/Worker-2] authors: 78
[2016-03-05 10:27:44,757: INFO/Worker-2] 1797903522: finished strategy "author-ordered"
[2016-03-05 10:27:44,759: INFO/Worker-2] found 78 author in the search set
[2016-03-05 10:27:44,759: INFO/Worker-2] authors: 78
[2016-03-05 10:27:45,509: INFO/Worker-2] 1797903522: finished strategy "author-ordered-minyear"
[2016-03-05 10:27:45,511: INFO/Worker-2] found 5 journals in search set
[2016-03-05 10:28:02,258: INFO/Worker-2] 1797903522: finished strategy "journal-ordered"
[2016-03-05 10:28:02,260: INFO/Worker-2] found 5 journals in search set
[2016-03-05 10:28:04,554: INFO/Worker-2] 1797903522: finished strategy "journal-ordered-minyear"
[2016-03-05 10:28:04,557: INFO/Worker-2] found 0 conferences in search set
[2016-03-05 10:28:04,557: INFO/Worker-2] 1797903522: finished strategy "conference-ordered"
[2016-03-05 10:28:04,557: INFO/Worker-2] found 0 conferences in search set
[2016-03-05 10:28:04,558: INFO/Worker-2] 1797903522: finished strategy "conference-ordered-minyear"
[2016-03-05 10:28:04,560: INFO/Worker-2] found 78 author in the search set
[2016-03-05 10:28:04,560: INFO/Worker-2] authors: 78
[2016-03-05 10:28:06,163: INFO/Worker-2] authors: 142
[2016-03-05 10:34:27,281: INFO/Worker-2] found 40 journals in search set
[2016-03-05 10:34:41,430: INFO/Worker-2] found 0 conferences in search set
[2016-03-05 10:34:41,430: INFO/Worker-2] 1797903522: finished strategy "author-ordered-minyear-recursive+journal-ordered-minyear+conference-ordered-minyear"
[2016-03-05 10:34:42,144: INFO/Worker-2] 1863784261 author: set 14 publications
[2016-03-05 10:34:42,397: INFO/Worker-2] found 22 author in the search set
[2016-03-05 10:34:42,397: INFO/Worker-2] authors: 22
[2016-03-05 10:35:02,916: INFO/Worker-2] 1863784261: finished strategy "author-ordered"
[2016-03-05 10:35:02,917: INFO/Worker-2] found 22 author in the search set
[2016-03-05 10:35:02,917: INFO/Worker-2] authors: 22
[2016-03-05 10:35:03,015: INFO/Worker-2] 1863784261: finished strategy "author-ordered-minyear"
[2016-03-05 10:35:03,016: INFO/Worker-2] found 3 journals in search set
[2016-03-05 10:35:03,602: INFO/Worker-2] 1863784261: finished strategy "journal-ordered"
[2016-03-05 10:35:03,603: INFO/Worker-2] found 3 journals in search set
[2016-03-05 10:35:03,833: INFO/Worker-2] 1863784261: finished strategy "journal-ordered-minyear"
[2016-03-05 10:35:03,834: INFO/Worker-2] found 0 conferences in search set
[2016-03-05 10:35:03,834: INFO/Worker-2] 1863784261: finished strategy "conference-ordered"
[2016-03-05 10:35:03,835: INFO/Worker-2] found 0 conferences in search set
[2016-03-05 10:35:03,835: INFO/Worker-2] 1863784261: finished strategy "conference-ordered-minyear"
[2016-03-05 10:35:03,836: INFO/Worker-2] found 22 author in the search set
[2016-03-05 10:35:03,836: INFO/Worker-2] authors: 22
[2016-03-05 10:35:03,933: INFO/Worker-2] authors: 0
[2016-03-05 10:35:03,934: INFO/Worker-2] found 3 journals in search set
[2016-03-05 10:35:04,138: INFO/Worker-2] found 0 conferences in search set
[2016-03-05 10:35:04,138: INFO/Worker-2] 1863784261: finished strategy "author-ordered-minyear-recursive+journal-ordered-minyear+conference-ordered-minyear"
[2016-03-05 10:35:04,337: INFO/Worker-2] 1876821740 author: set 15 publications
[2016-03-05 10:35:04,723: INFO/Worker-2] found 63 author in the search set
[2016-03-05 10:35:04,723: INFO/Worker-2] authors: 63
[2016-03-05 10:42:53,587: INFO/Worker-2] 1876821740: finished strategy "author-ordered"
[2016-03-05 10:42:53,589: INFO/Worker-2] found 63 author in the search set
[2016-03-05 10:42:53,589: INFO/Worker-2] authors: 63
[2016-03-05 10:42:54,217: INFO/Worker-2] 1876821740: finished strategy "author-ordered-minyear"
[2016-03-05 10:42:54,218: INFO/Worker-2] found 9 journals in search set
[2016-03-05 10:43:01,471: INFO/Worker-2] 1876821740: finished strategy "journal-ordered"
[2016-03-05 10:43:01,473: INFO/Worker-2] found 9 journals in search set
[2016-03-05 10:43:04,734: INFO/Worker-2] 1876821740: finished strategy "journal-ordered-minyear"
[2016-03-05 10:43:04,735: INFO/Worker-2] found 0 conferences in search set
[2016-03-05 10:43:04,736: INFO/Worker-2] 1876821740: finished strategy "conference-ordered"
[2016-03-05 10:43:04,736: INFO/Worker-2] found 0 conferences in search set
[2016-03-05 10:43:04,736: INFO/Worker-2] 1876821740: finished strategy "conference-ordered-minyear"
[2016-03-05 10:43:04,738: INFO/Worker-2] found 63 author in the search set
[2016-03-05 10:43:04,738: INFO/Worker-2] authors: 63
[2016-03-05 10:43:05,546: INFO/Worker-2] authors: 32
[2016-03-05 10:46:08,528: INFO/Worker-2] found 13 journals in search set
[2016-03-05 10:46:12,398: INFO/Worker-2] found 0 conferences in search set
[2016-03-05 10:46:12,398: INFO/Worker-2] 1876821740: finished strategy "author-ordered-minyear-recursive+journal-ordered-minyear+conference-ordered-minyear"
[2016-03-05 10:46:13,479: INFO/Worker-2] 1260848431 author: set 62 publications
[2016-03-05 10:46:15,468: INFO/Worker-2] found 169 author in the search set
[2016-03-05 10:46:15,468: INFO/Worker-2] authors: 169
[2016-03-05 11:00:59,017: INFO/Worker-2] 1260848431: finished strategy "author-ordered"
[2016-03-05 11:00:59,661: INFO/Worker-2] found 169 author in the search set
[2016-03-05 11:00:59,661: INFO/Worker-2] authors: 169
[2016-03-05 11:01:31,755: INFO/Worker-2] 1260848431: finished strategy "author-ordered-minyear"
[2016-03-05 11:01:31,756: INFO/Worker-2] found 33 journals in search set
[2016-03-05 11:01:53,002: INFO/Worker-2] 1260848431: finished strategy "journal-ordered"
[2016-03-05 11:01:53,004: INFO/Worker-2] found 33 journals in search set
[2016-03-05 11:02:02,137: INFO/Worker-2] 1260848431: finished strategy "journal-ordered-minyear"
[2016-03-05 11:02:02,138: INFO/Worker-2] found 0 conferences in search set
[2016-03-05 11:02:02,138: INFO/Worker-2] 1260848431: finished strategy "conference-ordered"
[2016-03-05 11:02:02,139: INFO/Worker-2] found 0 conferences in search set
[2016-03-05 11:02:02,139: INFO/Worker-2] 1260848431: finished strategy "conference-ordered-minyear"
[2016-03-05 11:02:02,142: INFO/Worker-2] found 169 author in the search set
[2016-03-05 11:02:02,143: INFO/Worker-2] authors: 169
[2016-03-05 11:02:06,382: INFO/Worker-2] authors: 351
[2016-03-05 11:28:28,531: INFO/Worker-2] found 85 journals in search set
[2016-03-05 11:28:53,461: INFO/Worker-2] found 0 conferences in search set
[2016-03-05 11:28:53,461: INFO/Worker-2] 1260848431: finished strategy "author-ordered-minyear-recursive+journal-ordered-minyear+conference-ordered-minyear"
[2016-03-05 11:28:53,781: INFO/Worker-2] 1252247341 author: set 13 publications
[2016-03-05 11:28:53,976: INFO/Worker-2] found 14 author in the search set
[2016-03-05 11:28:53,977: INFO/Worker-2] authors: 14
[2016-03-05 11:29:27,081: INFO/Worker-2] 1252247341: finished strategy "author-ordered"
[2016-03-05 11:29:27,093: INFO/Worker-2] found 14 author in the search set
[2016-03-05 11:29:27,094: INFO/Worker-2] authors: 14
[2016-03-05 11:29:27,205: INFO/Worker-2] 1252247341: finished strategy "author-ordered-minyear"
[2016-03-05 11:29:27,206: INFO/Worker-2] found 8 journals in search set
[2016-03-05 11:29:30,623: INFO/Worker-2] 1252247341: finished strategy "journal-ordered"
[2016-03-05 11:29:30,626: INFO/Worker-2] found 8 journals in search set
[2016-03-05 11:29:31,292: INFO/Worker-2] 1252247341: finished strategy "journal-ordered-minyear"
[2016-03-05 11:29:31,294: INFO/Worker-2] found 0 conferences in search set
[2016-03-05 11:29:31,294: INFO/Worker-2] 1252247341: finished strategy "conference-ordered"
[2016-03-05 11:29:31,295: INFO/Worker-2] found 0 conferences in search set
[2016-03-05 11:29:31,295: INFO/Worker-2] 1252247341: finished strategy "conference-ordered-minyear"
[2016-03-05 11:29:31,296: INFO/Worker-2] found 14 author in the search set
[2016-03-05 11:29:31,296: INFO/Worker-2] authors: 14
[2016-03-05 11:29:31,555: INFO/Worker-2] authors: 23
[2016-03-05 11:29:57,287: INFO/Worker-2] found 14 journals in search set
[2016-03-05 11:29:58,415: INFO/Worker-2] found 0 conferences in search set
[2016-03-05 11:29:58,415: INFO/Worker-2] 1252247341: finished strategy "author-ordered-minyear-recursive+journal-ordered-minyear+conference-ordered-minyear"
[2016-03-05 11:29:58,612: INFO/Worker-2] 1569084648 author: set 14 publications
[2016-03-05 11:29:58,941: INFO/Worker-2] found 32 author in the search set
[2016-03-05 11:29:58,941: INFO/Worker-2] authors: 32
[2016-03-05 11:30:02,916: INFO/Worker-2] 1569084648: finished strategy "author-ordered"
[2016-03-05 11:30:02,931: INFO/Worker-2] found 32 author in the search set
[2016-03-05 11:30:02,931: INFO/Worker-2] authors: 32
[2016-03-05 11:30:03,051: INFO/Worker-2] 1569084648: finished strategy "author-ordered-minyear"
[2016-03-05 11:30:03,052: INFO/Worker-2] found 5 journals in search set
[2016-03-05 11:30:04,242: INFO/Worker-2] 1569084648: finished strategy "journal-ordered"
[2016-03-05 11:30:04,243: INFO/Worker-2] found 5 journals in search set
[2016-03-05 11:30:04,814: INFO/Worker-2] 1569084648: finished strategy "journal-ordered-minyear"
[2016-03-05 11:30:04,815: INFO/Worker-2] found 0 conferences in search set
[2016-03-05 11:30:04,815: INFO/Worker-2] 1569084648: finished strategy "conference-ordered"
[2016-03-05 11:30:04,816: INFO/Worker-2] found 0 conferences in search set
[2016-03-05 11:30:04,816: INFO/Worker-2] 1569084648: finished strategy "conference-ordered-minyear"
[2016-03-05 11:30:04,817: INFO/Worker-2] found 32 author in the search set
[2016-03-05 11:30:04,817: INFO/Worker-2] authors: 32
[2016-03-05 11:30:04,937: INFO/Worker-2] authors: 0
[2016-03-05 11:30:04,937: INFO/Worker-2] found 5 journals in search set
[2016-03-05 11:30:05,525: INFO/Worker-2] found 0 conferences in search set
[2016-03-05 11:30:05,525: INFO/Worker-2] 1569084648: finished strategy "author-ordered-minyear-recursive+journal-ordered-minyear+conference-ordered-minyear"
[2016-03-05 11:30:05,735: INFO/Worker-2] 1477640514 author: set 12 publications
[2016-03-05 11:30:06,225: INFO/Worker-2] found 60 author in the search set
[2016-03-05 11:30:06,225: INFO/Worker-2] authors: 60
[2016-03-05 11:30:29,734: INFO/Worker-2] 1477640514: finished strategy "author-ordered"
[2016-03-05 11:30:29,735: INFO/Worker-2] found 60 author in the search set
[2016-03-05 11:30:29,735: INFO/Worker-2] authors: 60
[2016-03-05 11:30:29,968: INFO/Worker-2] 1477640514: finished strategy "author-ordered-minyear"
[2016-03-05 11:30:29,969: INFO/Worker-2] found 0 journals in search set
[2016-03-05 11:30:29,969: INFO/Worker-2] 1477640514: finished strategy "journal-ordered"
[2016-03-05 11:30:29,969: INFO/Worker-2] found 0 journals in search set
[2016-03-05 11:30:29,970: INFO/Worker-2] 1477640514: finished strategy "journal-ordered-minyear"
[2016-03-05 11:30:29,970: INFO/Worker-2] found 0 conferences in search set
[2016-03-05 11:30:29,970: INFO/Worker-2] 1477640514: finished strategy "conference-ordered"
[2016-03-05 11:30:29,971: INFO/Worker-2] found 0 conferences in search set
[2016-03-05 11:30:29,971: INFO/Worker-2] 1477640514: finished strategy "conference-ordered-minyear"
[2016-03-05 11:30:29,972: INFO/Worker-2] found 60 author in the search set
[2016-03-05 11:30:29,972: INFO/Worker-2] authors: 60
[2016-03-05 11:30:30,203: INFO/Worker-2] authors: 0
[2016-03-05 11:30:30,204: INFO/Worker-2] found 0 journals in search set
[2016-03-05 11:30:30,204: INFO/Worker-2] found 0 conferences in search set
[2016-03-05 11:30:30,204: INFO/Worker-2] 1477640514: finished strategy "author-ordered-minyear-recursive+journal-ordered-minyear+conference-ordered-minyear"
[2016-03-05 11:30:30,397: INFO/Worker-2] 1875449004 author: set 10 publications
[2016-03-05 11:30:30,678: INFO/Worker-2] found 32 author in the search set
[2016-03-05 11:30:30,678: INFO/Worker-2] authors: 32
[2016-03-05 11:31:11,280: INFO/Worker-2] 1875449004: finished strategy "author-ordered"
[2016-03-05 11:31:11,282: INFO/Worker-2] found 32 author in the search set
[2016-03-05 11:31:11,282: INFO/Worker-2] authors: 32
[2016-03-05 11:31:11,413: INFO/Worker-2] 1875449004: finished strategy "author-ordered-minyear"
[2016-03-05 11:31:11,414: INFO/Worker-2] found 3 journals in search set
[2016-03-05 11:31:12,923: INFO/Worker-2] 1875449004: finished strategy "journal-ordered"
[2016-03-05 11:31:12,939: INFO/Worker-2] found 3 journals in search set
[2016-03-05 11:31:13,189: INFO/Worker-2] 1875449004: finished strategy "journal-ordered-minyear"
[2016-03-05 11:31:13,190: INFO/Worker-2] found 0 conferences in search set
[2016-03-05 11:31:13,190: INFO/Worker-2] 1875449004: finished strategy "conference-ordered"
[2016-03-05 11:31:13,191: INFO/Worker-2] found 0 conferences in search set
[2016-03-05 11:31:13,191: INFO/Worker-2] 1875449004: finished strategy "conference-ordered-minyear"
[2016-03-05 11:31:13,192: INFO/Worker-2] found 32 author in the search set
[2016-03-05 11:31:13,192: INFO/Worker-2] authors: 32
[2016-03-05 11:31:13,322: INFO/Worker-2] authors: 0
[2016-03-05 11:31:13,323: INFO/Worker-2] found 3 journals in search set
[2016-03-05 11:31:13,594: INFO/Worker-2] found 0 conferences in search set
[2016-03-05 11:31:13,594: INFO/Worker-2] 1875449004: finished strategy "author-ordered-minyear-recursive+journal-ordered-minyear+conference-ordered-minyear"
[2016-03-05 11:31:14,227: INFO/MainProcess] Task scholarly_citation_finder.api.citation.tasks.evaluation_run[1a5a660d-9912-4db8-8113-294ae3767aa5] succeeded in 173234.097066s: True
