[2016-03-06 23:18:11,323: INFO/MainProcess] Received task: scholarly_citation_finder.api.citation.tasks.evaluation_run[e5d789e5-5dbe-45ab-b087-8b3791df8e3d]
[2016-03-06 23:18:12,248: INFO/Worker-2] 1223903766 author: set 31 publications
[2016-03-06 23:18:13,875: INFO/Worker-2] found 172 author in the search set
[2016-03-06 23:18:13,875: INFO/Worker-2] authors: 172
[2016-03-06 23:31:49,166: INFO/Worker-2] 1223903766: finished strategy "author-ordered"
[2016-03-06 23:31:49,213: INFO/Worker-2] found 172 author in the search set
[2016-03-06 23:31:49,213: INFO/Worker-2] authors: 172
[2016-03-06 23:31:51,952: INFO/Worker-2] 1223903766: finished strategy "author-ordered-minyear"
[2016-03-06 23:31:51,954: INFO/Worker-2] found 8 journals in search set
[2016-03-06 23:32:04,495: INFO/Worker-2] 1223903766: finished strategy "journal-ordered"
[2016-03-06 23:32:04,497: INFO/Worker-2] found 8 journals in search set
[2016-03-06 23:32:05,684: INFO/Worker-2] 1223903766: finished strategy "journal-ordered-minyear"
[2016-03-06 23:32:05,687: INFO/Worker-2] found 0 conferences in search set
[2016-03-06 23:32:05,687: INFO/Worker-2] 1223903766: finished strategy "conference-ordered"
[2016-03-06 23:32:05,688: INFO/Worker-2] found 0 conferences in search set
[2016-03-06 23:32:05,688: INFO/Worker-2] 1223903766: finished strategy "conference-ordered-minyear"
[2016-03-06 23:32:05,691: INFO/Worker-2] found 172 author in the search set
[2016-03-06 23:32:05,691: INFO/Worker-2] authors: 172
[2016-03-06 23:32:11,519: INFO/Worker-2] authors: 666
[2016-03-07 00:27:50,896: INFO/Worker-2] found 51 journals in search set
[2016-03-07 00:28:14,736: INFO/Worker-2] found 0 conferences in search set
[2016-03-07 00:28:14,737: INFO/Worker-2] 1223903766: finished strategy "author-ordered-minyear-recursive+journal-ordered-minyear+conference-ordered-minyear"
[2016-03-07 00:28:15,026: INFO/Worker-2] 156913157 author: set 12 publications
[2016-03-07 00:28:15,113: INFO/Worker-2] found 1 author in the search set
[2016-03-07 00:28:15,113: INFO/Worker-2] authors: 1
[2016-03-07 00:28:15,617: INFO/Worker-2] 156913157: finished strategy "author-ordered"
[2016-03-07 00:28:15,618: INFO/Worker-2] found 1 author in the search set
[2016-03-07 00:28:15,618: INFO/Worker-2] authors: 1
[2016-03-07 00:28:15,622: INFO/Worker-2] 156913157: finished strategy "author-ordered-minyear"
[2016-03-07 00:28:15,623: INFO/Worker-2] found 6 journals in search set
[2016-03-07 00:28:16,668: INFO/Worker-2] 156913157: finished strategy "journal-ordered"
[2016-03-07 00:28:16,678: INFO/Worker-2] found 6 journals in search set
[2016-03-07 00:28:16,756: INFO/Worker-2] 156913157: finished strategy "journal-ordered-minyear"
[2016-03-07 00:28:16,756: INFO/Worker-2] found 0 conferences in search set
[2016-03-07 00:28:16,757: INFO/Worker-2] 156913157: finished strategy "conference-ordered"
[2016-03-07 00:28:16,757: INFO/Worker-2] found 0 conferences in search set
[2016-03-07 00:28:16,758: INFO/Worker-2] 156913157: finished strategy "conference-ordered-minyear"
[2016-03-07 00:28:16,758: INFO/Worker-2] found 1 author in the search set
[2016-03-07 00:28:16,758: INFO/Worker-2] authors: 1
[2016-03-07 00:28:16,763: INFO/Worker-2] authors: 0
[2016-03-07 00:28:16,763: INFO/Worker-2] found 6 journals in search set
[2016-03-07 00:28:16,841: INFO/Worker-2] found 0 conferences in search set
[2016-03-07 00:28:16,841: INFO/Worker-2] 156913157: finished strategy "author-ordered-minyear-recursive+journal-ordered-minyear+conference-ordered-minyear"
[2016-03-07 00:28:17,085: INFO/Worker-2] 1395262218 author: set 12 publications
[2016-03-07 00:28:17,377: INFO/Worker-2] found 43 author in the search set
[2016-03-07 00:28:17,377: INFO/Worker-2] authors: 43
[2016-03-07 00:30:45,977: INFO/Worker-2] 1395262218: finished strategy "author-ordered"
[2016-03-07 00:30:45,978: INFO/Worker-2] found 43 author in the search set
[2016-03-07 00:30:45,978: INFO/Worker-2] authors: 43
[2016-03-07 00:30:46,386: INFO/Worker-2] 1395262218: finished strategy "author-ordered-minyear"
[2016-03-07 00:30:46,387: INFO/Worker-2] found 4 journals in search set
[2016-03-07 00:30:48,768: INFO/Worker-2] 1395262218: finished strategy "journal-ordered"
[2016-03-07 00:30:48,769: INFO/Worker-2] found 4 journals in search set
[2016-03-07 00:30:50,333: INFO/Worker-2] 1395262218: finished strategy "journal-ordered-minyear"
[2016-03-07 00:30:50,334: INFO/Worker-2] found 0 conferences in search set
[2016-03-07 00:30:50,334: INFO/Worker-2] 1395262218: finished strategy "conference-ordered"
[2016-03-07 00:30:50,334: INFO/Worker-2] found 0 conferences in search set
[2016-03-07 00:30:50,334: INFO/Worker-2] 1395262218: finished strategy "conference-ordered-minyear"
[2016-03-07 00:30:50,335: INFO/Worker-2] found 43 author in the search set
[2016-03-07 00:30:50,336: INFO/Worker-2] authors: 43
[2016-03-07 00:30:50,732: INFO/Worker-2] authors: 0
[2016-03-07 00:30:50,733: INFO/Worker-2] found 6 journals in search set
[2016-03-07 00:30:53,621: INFO/Worker-2] found 0 conferences in search set
[2016-03-07 00:30:53,621: INFO/Worker-2] 1395262218: finished strategy "author-ordered-minyear-recursive+journal-ordered-minyear+conference-ordered-minyear"
[2016-03-07 00:30:54,505: INFO/Worker-2] 1863823913 author: set 51 publications
[2016-03-07 00:30:55,721: INFO/Worker-2] found 70 author in the search set
[2016-03-07 00:30:55,721: INFO/Worker-2] authors: 70
[2016-03-07 00:31:45,927: INFO/Worker-2] 1863823913: finished strategy "author-ordered"
[2016-03-07 00:31:45,929: INFO/Worker-2] found 70 author in the search set
[2016-03-07 00:31:45,929: INFO/Worker-2] authors: 70
[2016-03-07 00:31:46,293: INFO/Worker-2] 1863823913: finished strategy "author-ordered-minyear"
[2016-03-07 00:31:46,294: INFO/Worker-2] found 24 journals in search set
[2016-03-07 00:31:59,262: INFO/Worker-2] 1863823913: finished strategy "journal-ordered"
[2016-03-07 00:31:59,264: INFO/Worker-2] found 24 journals in search set
[2016-03-07 00:32:01,737: INFO/Worker-2] 1863823913: finished strategy "journal-ordered-minyear"
[2016-03-07 00:32:01,738: INFO/Worker-2] found 0 conferences in search set
[2016-03-07 00:32:01,738: INFO/Worker-2] 1863823913: finished strategy "conference-ordered"
[2016-03-07 00:32:01,739: INFO/Worker-2] found 0 conferences in search set
[2016-03-07 00:32:01,739: INFO/Worker-2] 1863823913: finished strategy "conference-ordered-minyear"
[2016-03-07 00:32:01,741: INFO/Worker-2] found 70 author in the search set
[2016-03-07 00:32:01,741: INFO/Worker-2] authors: 70
[2016-03-07 00:32:02,247: INFO/Worker-2] authors: 25
[2016-03-07 00:33:15,650: INFO/Worker-2] found 30 journals in search set
[2016-03-07 00:33:22,136: INFO/Worker-2] found 0 conferences in search set
[2016-03-07 00:33:22,136: INFO/Worker-2] 1863823913: finished strategy "author-ordered-minyear-recursive+journal-ordered-minyear+conference-ordered-minyear"
[2016-03-07 00:33:25,142: INFO/Worker-2] 1455414905 author: set 193 publications
[2016-03-07 00:33:33,102: INFO/Worker-2] found 873 author in the search set
[2016-03-07 00:33:33,102: INFO/Worker-2] authors: 873
[2016-03-07 01:34:23,729: INFO/Worker-2] 1455414905: finished strategy "author-ordered"
[2016-03-07 01:34:27,609: INFO/Worker-2] found 873 author in the search set
[2016-03-07 01:34:27,609: INFO/Worker-2] authors: 873
[2016-03-07 02:15:58,930: INFO/Worker-2] 1455414905: finished strategy "author-ordered-minyear"
[2016-03-07 02:15:58,945: INFO/Worker-2] found 39 journals in search set
[2016-03-07 02:17:30,626: INFO/Worker-2] 1455414905: finished strategy "journal-ordered"
[2016-03-07 02:17:30,660: INFO/Worker-2] found 39 journals in search set
[2016-03-07 02:17:51,040: INFO/Worker-2] 1455414905: finished strategy "journal-ordered-minyear"
[2016-03-07 02:17:51,045: INFO/Worker-2] found 0 conferences in search set
[2016-03-07 02:17:51,045: INFO/Worker-2] 1455414905: finished strategy "conference-ordered"
[2016-03-07 02:17:51,046: INFO/Worker-2] found 0 conferences in search set
[2016-03-07 02:17:51,046: INFO/Worker-2] 1455414905: finished strategy "conference-ordered-minyear"
[2016-03-07 02:17:53,596: INFO/Worker-2] found 873 author in the search set
[2016-03-07 02:17:53,596: INFO/Worker-2] authors: 873
[2016-03-07 03:04:46,649: INFO/Worker-2] authors: 5004
[2016-03-07 08:23:21,886: INFO/Worker-2] found 248 journals in search set
[2016-03-07 08:25:33,421: INFO/Worker-2] found 1 conferences in search set
[2016-03-07 08:25:33,665: INFO/Worker-2] 1455414905: finished strategy "author-ordered-minyear-recursive+journal-ordered-minyear+conference-ordered-minyear"
[2016-03-07 08:25:33,924: INFO/Worker-2] 1569767410 author: set 11 publications
[2016-03-07 08:25:34,266: INFO/Worker-2] found 46 author in the search set
[2016-03-07 08:25:34,266: INFO/Worker-2] authors: 46
[2016-03-07 08:26:41,238: INFO/Worker-2] 1569767410: finished strategy "author-ordered"
[2016-03-07 08:26:41,253: INFO/Worker-2] found 46 author in the search set
[2016-03-07 08:26:41,253: INFO/Worker-2] authors: 46
[2016-03-07 08:26:41,491: INFO/Worker-2] 1569767410: finished strategy "author-ordered-minyear"
[2016-03-07 08:26:41,493: INFO/Worker-2] found 6 journals in search set
[2016-03-07 08:26:44,747: INFO/Worker-2] 1569767410: finished strategy "journal-ordered"
[2016-03-07 08:26:44,761: INFO/Worker-2] found 6 journals in search set
[2016-03-07 08:26:45,227: INFO/Worker-2] 1569767410: finished strategy "journal-ordered-minyear"
[2016-03-07 08:26:45,228: INFO/Worker-2] found 0 conferences in search set
[2016-03-07 08:26:45,228: INFO/Worker-2] 1569767410: finished strategy "conference-ordered"
[2016-03-07 08:26:45,229: INFO/Worker-2] found 0 conferences in search set
[2016-03-07 08:26:45,229: INFO/Worker-2] 1569767410: finished strategy "conference-ordered-minyear"
[2016-03-07 08:26:45,230: INFO/Worker-2] found 46 author in the search set
[2016-03-07 08:26:45,230: INFO/Worker-2] authors: 46
[2016-03-07 08:26:45,645: INFO/Worker-2] authors: 35
[2016-03-07 08:27:05,322: INFO/Worker-2] found 10 journals in search set
[2016-03-07 08:27:11,918: INFO/Worker-2] found 0 conferences in search set
[2016-03-07 08:27:11,918: INFO/Worker-2] 1569767410: finished strategy "author-ordered-minyear-recursive+journal-ordered-minyear+conference-ordered-minyear"
[2016-03-07 08:27:12,496: INFO/Worker-2] 1836952405 author: set 23 publications
[2016-03-07 08:27:13,310: INFO/Worker-2] found 90 author in the search set
[2016-03-07 08:27:13,310: INFO/Worker-2] authors: 90
[2016-03-07 08:29:36,940: INFO/Worker-2] 1836952405: finished strategy "author-ordered"
[2016-03-07 08:29:36,942: INFO/Worker-2] found 90 author in the search set
[2016-03-07 08:29:36,942: INFO/Worker-2] authors: 90
[2016-03-07 08:29:37,518: INFO/Worker-2] 1836952405: finished strategy "author-ordered-minyear"
[2016-03-07 08:29:37,519: INFO/Worker-2] found 8 journals in search set
[2016-03-07 08:29:42,264: INFO/Worker-2] 1836952405: finished strategy "journal-ordered"
[2016-03-07 08:29:42,266: INFO/Worker-2] found 8 journals in search set
[2016-03-07 08:29:44,313: INFO/Worker-2] 1836952405: finished strategy "journal-ordered-minyear"
[2016-03-07 08:29:44,314: INFO/Worker-2] found 0 conferences in search set
[2016-03-07 08:29:44,314: INFO/Worker-2] 1836952405: finished strategy "conference-ordered"
[2016-03-07 08:29:44,315: INFO/Worker-2] found 0 conferences in search set
[2016-03-07 08:29:44,315: INFO/Worker-2] 1836952405: finished strategy "conference-ordered-minyear"
[2016-03-07 08:29:44,317: INFO/Worker-2] found 90 author in the search set
[2016-03-07 08:29:44,317: INFO/Worker-2] authors: 90
[2016-03-07 08:29:44,931: INFO/Worker-2] authors: 8
[2016-03-07 08:30:06,878: INFO/Worker-2] found 9 journals in search set
[2016-03-07 08:30:09,007: INFO/Worker-2] found 0 conferences in search set
[2016-03-07 08:30:09,008: INFO/Worker-2] 1836952405: finished strategy "author-ordered-minyear-recursive+journal-ordered-minyear+conference-ordered-minyear"
[2016-03-07 08:30:09,401: INFO/Worker-2] 367862490 author: set 16 publications
[2016-03-07 08:30:09,846: INFO/Worker-2] found 40 author in the search set
[2016-03-07 08:30:09,846: INFO/Worker-2] authors: 40
[2016-03-07 08:30:48,895: INFO/Worker-2] 367862490: finished strategy "author-ordered"
[2016-03-07 08:30:48,897: INFO/Worker-2] found 40 author in the search set
[2016-03-07 08:30:48,897: INFO/Worker-2] authors: 40
[2016-03-07 08:30:49,138: INFO/Worker-2] 367862490: finished strategy "author-ordered-minyear"
[2016-03-07 08:30:49,139: INFO/Worker-2] found 9 journals in search set
[2016-03-07 08:30:53,099: INFO/Worker-2] 367862490: finished strategy "journal-ordered"
[2016-03-07 08:30:53,100: INFO/Worker-2] found 9 journals in search set
[2016-03-07 08:30:54,056: INFO/Worker-2] 367862490: finished strategy "journal-ordered-minyear"
[2016-03-07 08:30:54,071: INFO/Worker-2] found 0 conferences in search set
[2016-03-07 08:30:54,071: INFO/Worker-2] 367862490: finished strategy "conference-ordered"
[2016-03-07 08:30:54,072: INFO/Worker-2] found 0 conferences in search set
[2016-03-07 08:30:54,072: INFO/Worker-2] 367862490: finished strategy "conference-ordered-minyear"
[2016-03-07 08:30:54,073: INFO/Worker-2] found 40 author in the search set
[2016-03-07 08:30:54,073: INFO/Worker-2] authors: 40
[2016-03-07 08:30:54,747: INFO/Worker-2] authors: 93
[2016-03-07 08:31:55,712: INFO/Worker-2] found 16 journals in search set
[2016-03-07 08:31:57,692: INFO/Worker-2] found 0 conferences in search set
[2016-03-07 08:31:57,692: INFO/Worker-2] 367862490: finished strategy "author-ordered-minyear-recursive+journal-ordered-minyear+conference-ordered-minyear"
[2016-03-07 08:31:57,989: INFO/Worker-2] 1258432641 author: set 12 publications
[2016-03-07 08:31:58,483: INFO/Worker-2] found 42 author in the search set
[2016-03-07 08:31:58,483: INFO/Worker-2] authors: 42
[2016-03-07 08:35:09,122: INFO/Worker-2] 1258432641: finished strategy "author-ordered"
[2016-03-07 08:35:09,124: INFO/Worker-2] found 42 author in the search set
[2016-03-07 08:35:09,124: INFO/Worker-2] authors: 42
[2016-03-07 08:35:09,516: INFO/Worker-2] 1258432641: finished strategy "author-ordered-minyear"
[2016-03-07 08:35:09,517: INFO/Worker-2] found 10 journals in search set
[2016-03-07 08:35:15,185: INFO/Worker-2] 1258432641: finished strategy "journal-ordered"
[2016-03-07 08:35:15,187: INFO/Worker-2] found 10 journals in search set
[2016-03-07 08:35:16,320: INFO/Worker-2] 1258432641: finished strategy "journal-ordered-minyear"
[2016-03-07 08:35:16,321: INFO/Worker-2] found 0 conferences in search set
[2016-03-07 08:35:16,321: INFO/Worker-2] 1258432641: finished strategy "conference-ordered"
[2016-03-07 08:35:16,322: INFO/Worker-2] found 0 conferences in search set
[2016-03-07 08:35:16,322: INFO/Worker-2] 1258432641: finished strategy "conference-ordered-minyear"
[2016-03-07 08:35:16,323: INFO/Worker-2] found 42 author in the search set
[2016-03-07 08:35:16,323: INFO/Worker-2] authors: 42
[2016-03-07 08:35:17,035: INFO/Worker-2] authors: 52
[2016-03-07 08:37:36,418: INFO/Worker-2] found 21 journals in search set
[2016-03-07 08:37:41,408: INFO/Worker-2] found 0 conferences in search set
[2016-03-07 08:37:41,408: INFO/Worker-2] 1258432641: finished strategy "author-ordered-minyear-recursive+journal-ordered-minyear+conference-ordered-minyear"
[2016-03-07 08:37:41,763: INFO/Worker-2] 1829935768 author: set 16 publications
[2016-03-07 08:37:42,237: INFO/Worker-2] found 54 author in the search set
[2016-03-07 08:37:42,237: INFO/Worker-2] authors: 54
[2016-03-07 08:39:14,849: INFO/Worker-2] 1829935768: finished strategy "author-ordered"
[2016-03-07 08:39:14,850: INFO/Worker-2] found 54 author in the search set
[2016-03-07 08:39:14,850: INFO/Worker-2] authors: 54
[2016-03-07 08:39:15,152: INFO/Worker-2] 1829935768: finished strategy "author-ordered-minyear"
[2016-03-07 08:39:15,153: INFO/Worker-2] found 10 journals in search set
[2016-03-07 08:39:22,729: INFO/Worker-2] 1829935768: finished strategy "journal-ordered"
[2016-03-07 08:39:22,731: INFO/Worker-2] found 10 journals in search set
[2016-03-07 08:39:24,125: INFO/Worker-2] 1829935768: finished strategy "journal-ordered-minyear"
[2016-03-07 08:39:24,127: INFO/Worker-2] found 0 conferences in search set
[2016-03-07 08:39:24,127: INFO/Worker-2] 1829935768: finished strategy "conference-ordered"
[2016-03-07 08:39:24,127: INFO/Worker-2] found 0 conferences in search set
[2016-03-07 08:39:24,127: INFO/Worker-2] 1829935768: finished strategy "conference-ordered-minyear"
[2016-03-07 08:39:24,129: INFO/Worker-2] found 54 author in the search set
[2016-03-07 08:39:24,129: INFO/Worker-2] authors: 54
[2016-03-07 08:39:24,656: INFO/Worker-2] authors: 44
[2016-03-07 08:41:48,734: INFO/Worker-2] found 22 journals in search set
[2016-03-07 08:41:53,525: INFO/Worker-2] found 0 conferences in search set
[2016-03-07 08:41:53,525: INFO/Worker-2] 1829935768: finished strategy "author-ordered-minyear-recursive+journal-ordered-minyear+conference-ordered-minyear"
[2016-03-07 08:41:54,140: INFO/Worker-2] 129887099 author: set 30 publications
[2016-03-07 08:41:55,092: INFO/Worker-2] found 98 author in the search set
[2016-03-07 08:41:55,092: INFO/Worker-2] authors: 98
[2016-03-07 08:42:31,063: INFO/Worker-2] 129887099: finished strategy "author-ordered"
[2016-03-07 08:42:31,064: INFO/Worker-2] found 98 author in the search set
[2016-03-07 08:42:31,065: INFO/Worker-2] authors: 98
[2016-03-07 08:42:31,505: INFO/Worker-2] 129887099: finished strategy "author-ordered-minyear"
[2016-03-07 08:42:31,506: INFO/Worker-2] found 0 journals in search set
[2016-03-07 08:42:31,506: INFO/Worker-2] 129887099: finished strategy "journal-ordered"
[2016-03-07 08:42:31,506: INFO/Worker-2] found 0 journals in search set
[2016-03-07 08:42:31,507: INFO/Worker-2] 129887099: finished strategy "journal-ordered-minyear"
[2016-03-07 08:42:31,507: INFO/Worker-2] found 0 conferences in search set
[2016-03-07 08:42:31,507: INFO/Worker-2] 129887099: finished strategy "conference-ordered"
[2016-03-07 08:42:31,508: INFO/Worker-2] found 0 conferences in search set
[2016-03-07 08:42:31,508: INFO/Worker-2] 129887099: finished strategy "conference-ordered-minyear"
[2016-03-07 08:42:31,510: INFO/Worker-2] found 98 author in the search set
[2016-03-07 08:42:31,510: INFO/Worker-2] authors: 98
[2016-03-07 08:42:32,022: INFO/Worker-2] authors: 11
[2016-03-07 08:42:34,400: INFO/Worker-2] found 0 journals in search set
[2016-03-07 08:42:34,401: INFO/Worker-2] found 0 conferences in search set
[2016-03-07 08:42:34,401: INFO/Worker-2] 129887099: finished strategy "author-ordered-minyear-recursive+journal-ordered-minyear+conference-ordered-minyear"
[2016-03-07 08:42:34,795: INFO/Worker-2] 1873504428 author: set 20 publications
[2016-03-07 08:42:36,244: INFO/Worker-2] found 219 author in the search set
[2016-03-07 08:42:36,244: INFO/Worker-2] authors: 219
[2016-03-07 08:50:27,076: INFO/Worker-2] 1873504428: finished strategy "author-ordered"
[2016-03-07 08:50:27,080: INFO/Worker-2] found 219 author in the search set
[2016-03-07 08:50:27,080: INFO/Worker-2] authors: 219
[2016-03-07 08:50:29,217: INFO/Worker-2] 1873504428: finished strategy "author-ordered-minyear"
[2016-03-07 08:50:29,219: INFO/Worker-2] found 3 journals in search set
[2016-03-07 08:50:31,537: INFO/Worker-2] 1873504428: finished strategy "journal-ordered"
[2016-03-07 08:50:31,538: INFO/Worker-2] found 3 journals in search set
[2016-03-07 08:50:32,631: INFO/Worker-2] 1873504428: finished strategy "journal-ordered-minyear"
[2016-03-07 08:50:32,632: INFO/Worker-2] found 0 conferences in search set
[2016-03-07 08:50:32,632: INFO/Worker-2] 1873504428: finished strategy "conference-ordered"
[2016-03-07 08:50:32,633: INFO/Worker-2] found 0 conferences in search set
[2016-03-07 08:50:32,633: INFO/Worker-2] 1873504428: finished strategy "conference-ordered-minyear"
[2016-03-07 08:50:32,636: INFO/Worker-2] found 219 author in the search set
[2016-03-07 08:50:32,636: INFO/Worker-2] authors: 219
[2016-03-07 08:50:34,869: INFO/Worker-2] authors: 153
[2016-03-07 08:59:51,892: INFO/Worker-2] found 15 journals in search set
[2016-03-07 08:59:58,026: INFO/Worker-2] found 0 conferences in search set
[2016-03-07 08:59:58,026: INFO/Worker-2] 1873504428: finished strategy "author-ordered-minyear-recursive+journal-ordered-minyear+conference-ordered-minyear"
[2016-03-07 08:59:58,367: INFO/Worker-2] 1878572291 author: set 19 publications
[2016-03-07 08:59:58,677: INFO/Worker-2] found 25 author in the search set
[2016-03-07 08:59:58,677: INFO/Worker-2] authors: 25
[2016-03-07 09:00:28,404: INFO/Worker-2] 1878572291: finished strategy "author-ordered"
[2016-03-07 09:00:28,405: INFO/Worker-2] found 25 author in the search set
[2016-03-07 09:00:28,405: INFO/Worker-2] authors: 25
[2016-03-07 09:00:28,515: INFO/Worker-2] 1878572291: finished strategy "author-ordered-minyear"
[2016-03-07 09:00:28,516: INFO/Worker-2] found 5 journals in search set
[2016-03-07 09:00:29,789: INFO/Worker-2] 1878572291: finished strategy "journal-ordered"
[2016-03-07 09:00:29,790: INFO/Worker-2] found 5 journals in search set
[2016-03-07 09:00:29,998: INFO/Worker-2] 1878572291: finished strategy "journal-ordered-minyear"
[2016-03-07 09:00:29,999: INFO/Worker-2] found 0 conferences in search set
[2016-03-07 09:00:29,999: INFO/Worker-2] 1878572291: finished strategy "conference-ordered"
[2016-03-07 09:00:29,999: INFO/Worker-2] found 0 conferences in search set
[2016-03-07 09:00:29,999: INFO/Worker-2] 1878572291: finished strategy "conference-ordered-minyear"
[2016-03-07 09:00:30,000: INFO/Worker-2] found 25 author in the search set
[2016-03-07 09:00:30,000: INFO/Worker-2] authors: 25
[2016-03-07 09:00:30,110: INFO/Worker-2] authors: 0
[2016-03-07 09:00:30,111: INFO/Worker-2] found 5 journals in search set
[2016-03-07 09:00:30,340: INFO/Worker-2] found 0 conferences in search set
[2016-03-07 09:00:30,340: INFO/Worker-2] 1878572291: finished strategy "author-ordered-minyear-recursive+journal-ordered-minyear+conference-ordered-minyear"
[2016-03-07 09:00:30,590: INFO/Worker-2] 1863838745 author: set 10 publications
[2016-03-07 09:00:30,834: INFO/Worker-2] found 15 author in the search set
[2016-03-07 09:00:30,834: INFO/Worker-2] authors: 15
[2016-03-07 09:01:12,636: INFO/Worker-2] 1863838745: finished strategy "author-ordered"
[2016-03-07 09:01:12,637: INFO/Worker-2] found 15 author in the search set
[2016-03-07 09:01:12,637: INFO/Worker-2] authors: 15
[2016-03-07 09:01:12,707: INFO/Worker-2] 1863838745: finished strategy "author-ordered-minyear"
[2016-03-07 09:01:12,708: INFO/Worker-2] found 2 journals in search set
[2016-03-07 09:01:13,373: INFO/Worker-2] 1863838745: finished strategy "journal-ordered"
[2016-03-07 09:01:13,374: INFO/Worker-2] found 2 journals in search set
[2016-03-07 09:01:13,477: INFO/Worker-2] 1863838745: finished strategy "journal-ordered-minyear"
[2016-03-07 09:01:13,478: INFO/Worker-2] found 0 conferences in search set
[2016-03-07 09:01:13,478: INFO/Worker-2] 1863838745: finished strategy "conference-ordered"
[2016-03-07 09:01:13,479: INFO/Worker-2] found 0 conferences in search set
[2016-03-07 09:01:13,479: INFO/Worker-2] 1863838745: finished strategy "conference-ordered-minyear"
[2016-03-07 09:01:13,480: INFO/Worker-2] found 15 author in the search set
[2016-03-07 09:01:13,480: INFO/Worker-2] authors: 15
[2016-03-07 09:01:13,550: INFO/Worker-2] authors: 0
[2016-03-07 09:01:13,551: INFO/Worker-2] found 2 journals in search set
[2016-03-07 09:01:13,653: INFO/Worker-2] found 0 conferences in search set
[2016-03-07 09:01:13,653: INFO/Worker-2] 1863838745: finished strategy "author-ordered-minyear-recursive+journal-ordered-minyear+conference-ordered-minyear"
[2016-03-07 09:01:13,997: INFO/Worker-2] 1890762594 author: set 20 publications
[2016-03-07 09:01:14,355: INFO/Worker-2] found 26 author in the search set
[2016-03-07 09:01:14,355: INFO/Worker-2] authors: 26
[2016-03-07 09:01:40,724: INFO/Worker-2] 1890762594: finished strategy "author-ordered"
[2016-03-07 09:01:40,725: INFO/Worker-2] found 26 author in the search set
[2016-03-07 09:01:40,726: INFO/Worker-2] authors: 26
[2016-03-07 09:01:40,844: INFO/Worker-2] 1890762594: finished strategy "author-ordered-minyear"
[2016-03-07 09:01:40,845: INFO/Worker-2] found 8 journals in search set
[2016-03-07 09:01:45,685: INFO/Worker-2] 1890762594: finished strategy "journal-ordered"
[2016-03-07 09:01:45,687: INFO/Worker-2] found 8 journals in search set
[2016-03-07 09:01:49,016: INFO/Worker-2] 1890762594: finished strategy "journal-ordered-minyear"
[2016-03-07 09:01:49,032: INFO/Worker-2] found 0 conferences in search set
[2016-03-07 09:01:49,032: INFO/Worker-2] 1890762594: finished strategy "conference-ordered"
[2016-03-07 09:01:49,032: INFO/Worker-2] found 0 conferences in search set
[2016-03-07 09:01:49,032: INFO/Worker-2] 1890762594: finished strategy "conference-ordered-minyear"
[2016-03-07 09:01:49,033: INFO/Worker-2] found 26 author in the search set
[2016-03-07 09:01:49,034: INFO/Worker-2] authors: 26
[2016-03-07 09:01:49,159: INFO/Worker-2] authors: 0
[2016-03-07 09:01:49,160: INFO/Worker-2] found 8 journals in search set
[2016-03-07 09:01:52,472: INFO/Worker-2] found 0 conferences in search set
[2016-03-07 09:01:52,472: INFO/Worker-2] 1890762594: finished strategy "author-ordered-minyear-recursive+journal-ordered-minyear+conference-ordered-minyear"
[2016-03-07 09:01:52,734: INFO/Worker-2] 1541155934 author: set 10 publications
[2016-03-07 09:01:52,895: INFO/Worker-2] found 6 author in the search set
[2016-03-07 09:01:52,896: INFO/Worker-2] authors: 6
[2016-03-07 09:01:55,631: INFO/Worker-2] 1541155934: finished strategy "author-ordered"
[2016-03-07 09:01:55,632: INFO/Worker-2] found 6 author in the search set
[2016-03-07 09:01:55,632: INFO/Worker-2] authors: 6
[2016-03-07 09:01:55,666: INFO/Worker-2] 1541155934: finished strategy "author-ordered-minyear"
[2016-03-07 09:01:55,667: INFO/Worker-2] found 0 journals in search set
[2016-03-07 09:01:55,667: INFO/Worker-2] 1541155934: finished strategy "journal-ordered"
[2016-03-07 09:01:55,668: INFO/Worker-2] found 0 journals in search set
[2016-03-07 09:01:55,668: INFO/Worker-2] 1541155934: finished strategy "journal-ordered-minyear"
[2016-03-07 09:01:55,668: INFO/Worker-2] found 0 conferences in search set
[2016-03-07 09:01:55,669: INFO/Worker-2] 1541155934: finished strategy "conference-ordered"
[2016-03-07 09:01:55,669: INFO/Worker-2] found 0 conferences in search set
[2016-03-07 09:01:55,669: INFO/Worker-2] 1541155934: finished strategy "conference-ordered-minyear"
[2016-03-07 09:01:55,670: INFO/Worker-2] found 6 author in the search set
[2016-03-07 09:01:55,670: INFO/Worker-2] authors: 6
[2016-03-07 09:01:55,724: INFO/Worker-2] authors: 1
[2016-03-07 09:01:56,069: INFO/Worker-2] found 2 journals in search set
[2016-03-07 09:01:56,742: INFO/Worker-2] found 0 conferences in search set
[2016-03-07 09:01:56,743: INFO/Worker-2] 1541155934: finished strategy "author-ordered-minyear-recursive+journal-ordered-minyear+conference-ordered-minyear"
[2016-03-07 09:01:57,313: INFO/Worker-2] 1539414096 author: set 42 publications
[2016-03-07 09:01:57,746: INFO/Worker-2] found 6 author in the search set
[2016-03-07 09:01:57,746: INFO/Worker-2] authors: 6
[2016-03-07 09:01:59,269: INFO/Worker-2] 1539414096: finished strategy "author-ordered"
[2016-03-07 09:01:59,270: INFO/Worker-2] found 6 author in the search set
[2016-03-07 09:01:59,270: INFO/Worker-2] authors: 6
[2016-03-07 09:01:59,297: INFO/Worker-2] 1539414096: finished strategy "author-ordered-minyear"
[2016-03-07 09:01:59,298: INFO/Worker-2] found 11 journals in search set
[2016-03-07 09:02:02,097: INFO/Worker-2] 1539414096: finished strategy "journal-ordered"
[2016-03-07 09:02:02,098: INFO/Worker-2] found 11 journals in search set
[2016-03-07 09:02:02,604: INFO/Worker-2] 1539414096: finished strategy "journal-ordered-minyear"
[2016-03-07 09:02:02,605: INFO/Worker-2] found 0 conferences in search set
[2016-03-07 09:02:02,605: INFO/Worker-2] 1539414096: finished strategy "conference-ordered"
[2016-03-07 09:02:02,606: INFO/Worker-2] found 0 conferences in search set
[2016-03-07 09:02:02,606: INFO/Worker-2] 1539414096: finished strategy "conference-ordered-minyear"
[2016-03-07 09:02:02,607: INFO/Worker-2] found 6 author in the search set
[2016-03-07 09:02:02,607: INFO/Worker-2] authors: 6
[2016-03-07 09:02:02,635: INFO/Worker-2] authors: 0
[2016-03-07 09:02:02,635: INFO/Worker-2] found 11 journals in search set
[2016-03-07 09:02:03,164: INFO/Worker-2] found 0 conferences in search set
[2016-03-07 09:02:03,164: INFO/Worker-2] 1539414096: finished strategy "author-ordered-minyear-recursive+journal-ordered-minyear+conference-ordered-minyear"
[2016-03-07 09:02:03,498: INFO/Worker-2] 785471131 author: set 17 publications
[2016-03-07 09:02:03,799: INFO/Worker-2] found 22 author in the search set
[2016-03-07 09:02:03,799: INFO/Worker-2] authors: 22
[2016-03-07 09:03:10,084: INFO/Worker-2] 785471131: finished strategy "author-ordered"
[2016-03-07 09:03:10,085: INFO/Worker-2] found 22 author in the search set
[2016-03-07 09:03:10,085: INFO/Worker-2] authors: 22
[2016-03-07 09:03:10,261: INFO/Worker-2] 785471131: finished strategy "author-ordered-minyear"
[2016-03-07 09:03:10,262: INFO/Worker-2] found 5 journals in search set
[2016-03-07 09:03:25,017: INFO/Worker-2] 785471131: finished strategy "journal-ordered"
[2016-03-07 09:03:25,019: INFO/Worker-2] found 5 journals in search set
[2016-03-07 09:03:25,729: INFO/Worker-2] 785471131: finished strategy "journal-ordered-minyear"
[2016-03-07 09:03:25,731: INFO/Worker-2] found 0 conferences in search set
[2016-03-07 09:03:25,731: INFO/Worker-2] 785471131: finished strategy "conference-ordered"
[2016-03-07 09:03:25,732: INFO/Worker-2] found 0 conferences in search set
[2016-03-07 09:03:25,732: INFO/Worker-2] 785471131: finished strategy "conference-ordered-minyear"
[2016-03-07 09:03:25,733: INFO/Worker-2] found 22 author in the search set
[2016-03-07 09:03:25,733: INFO/Worker-2] authors: 22
[2016-03-07 09:03:26,123: INFO/Worker-2] authors: 49
[2016-03-07 09:07:45,732: INFO/Worker-2] found 18 journals in search set
[2016-03-07 09:07:51,559: INFO/Worker-2] found 0 conferences in search set
[2016-03-07 09:07:51,559: INFO/Worker-2] 785471131: finished strategy "author-ordered-minyear-recursive+journal-ordered-minyear+conference-ordered-minyear"
[2016-03-07 09:07:52,091: INFO/Worker-2] 1831169414 author: set 45 publications
[2016-03-07 09:07:53,898: INFO/Worker-2] found 248 author in the search set
[2016-03-07 09:07:53,898: INFO/Worker-2] authors: 248
[2016-03-07 09:30:04,904: INFO/Worker-2] 1831169414: finished strategy "author-ordered"
[2016-03-07 09:30:05,413: INFO/Worker-2] found 248 author in the search set
[2016-03-07 09:30:05,413: INFO/Worker-2] authors: 248
[2016-03-07 09:35:34,791: INFO/Worker-2] 1831169414: finished strategy "author-ordered-minyear"
[2016-03-07 09:35:34,793: INFO/Worker-2] found 24 journals in search set
[2016-03-07 09:36:02,966: INFO/Worker-2] 1831169414: finished strategy "journal-ordered"
[2016-03-07 09:36:02,970: INFO/Worker-2] found 24 journals in search set
[2016-03-07 09:36:06,012: INFO/Worker-2] 1831169414: finished strategy "journal-ordered-minyear"
[2016-03-07 09:36:06,014: INFO/Worker-2] found 0 conferences in search set
[2016-03-07 09:36:06,014: INFO/Worker-2] 1831169414: finished strategy "conference-ordered"
[2016-03-07 09:36:06,015: INFO/Worker-2] found 0 conferences in search set
[2016-03-07 09:36:06,015: INFO/Worker-2] 1831169414: finished strategy "conference-ordered-minyear"
[2016-03-07 09:36:06,019: INFO/Worker-2] found 248 author in the search set
[2016-03-07 09:36:06,019: INFO/Worker-2] authors: 248
[2016-03-07 09:36:19,214: INFO/Worker-2] authors: 1819
[2016-03-07 11:18:50,122: INFO/Worker-2] found 141 journals in search set
[2016-03-07 11:19:38,748: INFO/Worker-2] found 0 conferences in search set
[2016-03-07 11:19:38,748: INFO/Worker-2] 1831169414: finished strategy "author-ordered-minyear-recursive+journal-ordered-minyear+conference-ordered-minyear"
[2016-03-07 11:19:39,109: INFO/Worker-2] 1764696831 author: set 22 publications
[2016-03-07 11:19:41,386: INFO/Worker-2] found 453 author in the search set
[2016-03-07 11:19:41,386: INFO/Worker-2] authors: 453
[2016-03-07 11:43:44,600: INFO/Worker-2] 1764696831: finished strategy "author-ordered"
[2016-03-07 11:43:44,859: INFO/Worker-2] found 453 author in the search set
[2016-03-07 11:43:44,859: INFO/Worker-2] authors: 453
[2016-03-07 11:58:44,349: INFO/Worker-2] 1764696831: finished strategy "author-ordered-minyear"
[2016-03-07 11:58:44,359: INFO/Worker-2] found 4 journals in search set
[2016-03-07 11:58:59,970: INFO/Worker-2] 1764696831: finished strategy "journal-ordered"
[2016-03-07 11:58:59,980: INFO/Worker-2] found 4 journals in search set
[2016-03-07 11:59:02,730: INFO/Worker-2] 1764696831: finished strategy "journal-ordered-minyear"
[2016-03-07 11:59:02,742: INFO/Worker-2] found 0 conferences in search set
[2016-03-07 11:59:02,742: INFO/Worker-2] 1764696831: finished strategy "conference-ordered"
[2016-03-07 11:59:02,743: INFO/Worker-2] found 0 conferences in search set
[2016-03-07 11:59:02,743: INFO/Worker-2] 1764696831: finished strategy "conference-ordered-minyear"
[2016-03-07 11:59:02,749: INFO/Worker-2] found 453 author in the search set
[2016-03-07 11:59:02,750: INFO/Worker-2] authors: 453
[2016-03-07 11:59:13,384: INFO/Worker-2] authors: 910
[2016-03-07 12:44:29,316: INFO/Worker-2] found 21 journals in search set
[2016-03-07 12:44:49,276: INFO/Worker-2] found 2 conferences in search set
[2016-03-07 12:44:49,408: INFO/Worker-2] 1764696831: finished strategy "author-ordered-minyear-recursive+journal-ordered-minyear+conference-ordered-minyear"
[2016-03-07 12:44:49,727: INFO/Worker-2] 1750451099 author: set 29 publications
[2016-03-07 12:44:50,730: INFO/Worker-2] found 116 author in the search set
[2016-03-07 12:44:50,730: INFO/Worker-2] authors: 116
[2016-03-07 12:49:48,270: INFO/Worker-2] 1750451099: finished strategy "author-ordered"
[2016-03-07 12:49:49,345: INFO/Worker-2] found 116 author in the search set
[2016-03-07 12:49:49,345: INFO/Worker-2] authors: 116
[2016-03-07 12:55:13,147: INFO/Worker-2] 1750451099: finished strategy "author-ordered-minyear"
[2016-03-07 12:55:13,158: INFO/Worker-2] found 11 journals in search set
[2016-03-07 12:55:22,443: INFO/Worker-2] 1750451099: finished strategy "journal-ordered"
[2016-03-07 12:55:22,456: INFO/Worker-2] found 11 journals in search set
[2016-03-07 12:55:29,515: INFO/Worker-2] 1750451099: finished strategy "journal-ordered-minyear"
[2016-03-07 12:55:29,516: INFO/Worker-2] found 0 conferences in search set
[2016-03-07 12:55:29,517: INFO/Worker-2] 1750451099: finished strategy "conference-ordered"
[2016-03-07 12:55:29,517: INFO/Worker-2] found 0 conferences in search set
[2016-03-07 12:55:29,517: INFO/Worker-2] 1750451099: finished strategy "conference-ordered-minyear"
[2016-03-07 12:55:30,106: INFO/Worker-2] found 116 author in the search set
[2016-03-07 12:55:30,106: INFO/Worker-2] authors: 116
[2016-03-07 12:56:19,951: INFO/Worker-2] authors: 166
[2016-03-07 13:03:56,645: INFO/Worker-2] found 14 journals in search set
[2016-03-07 13:04:04,444: INFO/Worker-2] found 0 conferences in search set
[2016-03-07 13:04:04,444: INFO/Worker-2] 1750451099: finished strategy "author-ordered-minyear-recursive+journal-ordered-minyear+conference-ordered-minyear"
[2016-03-07 13:04:05,469: INFO/Worker-2] 394991857 author: set 64 publications
[2016-03-07 13:04:07,207: INFO/Worker-2] found 148 author in the search set
[2016-03-07 13:04:07,207: INFO/Worker-2] authors: 148
[2016-03-07 13:13:42,269: INFO/Worker-2] 394991857: finished strategy "author-ordered"
[2016-03-07 13:13:42,273: INFO/Worker-2] found 148 author in the search set
[2016-03-07 13:13:42,274: INFO/Worker-2] authors: 148
[2016-03-07 13:13:45,087: INFO/Worker-2] 394991857: finished strategy "author-ordered-minyear"
[2016-03-07 13:13:45,089: INFO/Worker-2] found 27 journals in search set
[2016-03-07 13:14:14,299: INFO/Worker-2] 394991857: finished strategy "journal-ordered"
[2016-03-07 13:14:14,302: INFO/Worker-2] found 27 journals in search set
[2016-03-07 13:14:17,079: INFO/Worker-2] 394991857: finished strategy "journal-ordered-minyear"
[2016-03-07 13:14:17,081: INFO/Worker-2] found 0 conferences in search set
[2016-03-07 13:14:17,081: INFO/Worker-2] 394991857: finished strategy "conference-ordered"
[2016-03-07 13:14:17,082: INFO/Worker-2] found 0 conferences in search set
[2016-03-07 13:14:17,082: INFO/Worker-2] 394991857: finished strategy "conference-ordered-minyear"
[2016-03-07 13:14:17,085: INFO/Worker-2] found 148 author in the search set
[2016-03-07 13:14:17,085: INFO/Worker-2] authors: 148
[2016-03-07 13:14:21,527: INFO/Worker-2] authors: 466
[2016-03-07 13:46:01,526: INFO/Worker-2] found 125 journals in search set
[2016-03-07 13:46:59,888: INFO/Worker-2] found 0 conferences in search set
[2016-03-07 13:46:59,889: INFO/Worker-2] 394991857: finished strategy "author-ordered-minyear-recursive+journal-ordered-minyear+conference-ordered-minyear"
[2016-03-07 13:47:00,790: INFO/Worker-2] 1794030664 author: set 49 publications
[2016-03-07 13:47:08,595: INFO/Worker-2] found 1035 author in the search set
[2016-03-07 13:47:08,595: INFO/Worker-2] authors: 1035
[2016-03-07 14:30:29,684: INFO/Worker-2] 1794030664: finished strategy "author-ordered"
[2016-03-07 14:30:30,972: INFO/Worker-2] found 1035 author in the search set
[2016-03-07 14:30:30,973: INFO/Worker-2] authors: 1035
[2016-03-07 14:59:57,020: INFO/Worker-2] 1794030664: finished strategy "author-ordered-minyear"
[2016-03-07 14:59:57,032: INFO/Worker-2] found 20 journals in search set
[2016-03-07 15:00:25,124: INFO/Worker-2] 1794030664: finished strategy "journal-ordered"
[2016-03-07 15:00:25,152: INFO/Worker-2] found 20 journals in search set
[2016-03-07 15:00:41,886: INFO/Worker-2] 1794030664: finished strategy "journal-ordered-minyear"
[2016-03-07 15:00:41,887: INFO/Worker-2] found 1 conferences in search set
[2016-03-07 15:00:41,997: INFO/Worker-2] 1794030664: finished strategy "conference-ordered"
[2016-03-07 15:00:41,999: INFO/Worker-2] found 1 conferences in search set
[2016-03-07 15:00:42,042: INFO/Worker-2] 1794030664: finished strategy "conference-ordered-minyear"
[2016-03-07 15:00:42,626: INFO/Worker-2] found 1035 author in the search set
[2016-03-07 15:00:42,626: INFO/Worker-2] authors: 1035
[2016-03-07 15:28:29,887: INFO/Worker-2] authors: 1480
[2016-03-07 16:22:15,213: INFO/Worker-2] found 68 journals in search set
[2016-03-07 16:23:05,114: INFO/Worker-2] found 1 conferences in search set
[2016-03-07 16:23:05,222: INFO/Worker-2] 1794030664: finished strategy "author-ordered-minyear-recursive+journal-ordered-minyear+conference-ordered-minyear"
[2016-03-07 16:23:05,452: INFO/Worker-2] 1829075699 author: set 10 publications
[2016-03-07 16:23:05,748: INFO/Worker-2] found 45 author in the search set
[2016-03-07 16:23:05,748: INFO/Worker-2] authors: 45
[2016-03-07 16:28:15,099: INFO/Worker-2] 1829075699: finished strategy "author-ordered"
[2016-03-07 16:28:15,113: INFO/Worker-2] found 45 author in the search set
[2016-03-07 16:28:15,113: INFO/Worker-2] authors: 45
[2016-03-07 16:28:15,618: INFO/Worker-2] 1829075699: finished strategy "author-ordered-minyear"
[2016-03-07 16:28:15,620: INFO/Worker-2] found 9 journals in search set
[2016-03-07 16:28:20,840: INFO/Worker-2] 1829075699: finished strategy "journal-ordered"
[2016-03-07 16:28:20,868: INFO/Worker-2] found 9 journals in search set
[2016-03-07 16:28:23,557: INFO/Worker-2] 1829075699: finished strategy "journal-ordered-minyear"
[2016-03-07 16:28:23,559: INFO/Worker-2] found 0 conferences in search set
[2016-03-07 16:28:23,559: INFO/Worker-2] 1829075699: finished strategy "conference-ordered"
[2016-03-07 16:28:23,560: INFO/Worker-2] found 0 conferences in search set
[2016-03-07 16:28:23,560: INFO/Worker-2] 1829075699: finished strategy "conference-ordered-minyear"
[2016-03-07 16:28:23,561: INFO/Worker-2] found 45 author in the search set
[2016-03-07 16:28:23,561: INFO/Worker-2] authors: 45
[2016-03-07 16:28:24,039: INFO/Worker-2] authors: 13
[2016-03-07 16:29:15,495: INFO/Worker-2] found 13 journals in search set
[2016-03-07 16:29:18,912: INFO/Worker-2] found 0 conferences in search set
[2016-03-07 16:29:18,912: INFO/Worker-2] 1829075699: finished strategy "author-ordered-minyear-recursive+journal-ordered-minyear+conference-ordered-minyear"
[2016-03-07 16:29:19,274: INFO/Worker-2] 301054722 author: set 13 publications
[2016-03-07 16:29:19,577: INFO/Worker-2] found 15 author in the search set
[2016-03-07 16:29:19,577: INFO/Worker-2] authors: 15
[2016-03-07 16:29:38,009: INFO/Worker-2] 301054722: finished strategy "author-ordered"
[2016-03-07 16:29:38,010: INFO/Worker-2] found 15 author in the search set
[2016-03-07 16:29:38,010: INFO/Worker-2] authors: 15
[2016-03-07 16:29:38,080: INFO/Worker-2] 301054722: finished strategy "author-ordered-minyear"
[2016-03-07 16:29:38,081: INFO/Worker-2] found 7 journals in search set
[2016-03-07 16:29:42,568: INFO/Worker-2] 301054722: finished strategy "journal-ordered"
[2016-03-07 16:29:42,569: INFO/Worker-2] found 7 journals in search set
[2016-03-07 16:29:42,749: INFO/Worker-2] 301054722: finished strategy "journal-ordered-minyear"
[2016-03-07 16:29:42,750: INFO/Worker-2] found 0 conferences in search set
[2016-03-07 16:29:42,750: INFO/Worker-2] 301054722: finished strategy "conference-ordered"
[2016-03-07 16:29:42,750: INFO/Worker-2] found 0 conferences in search set
[2016-03-07 16:29:42,750: INFO/Worker-2] 301054722: finished strategy "conference-ordered-minyear"
[2016-03-07 16:29:42,751: INFO/Worker-2] found 15 author in the search set
[2016-03-07 16:29:42,751: INFO/Worker-2] authors: 15
[2016-03-07 16:29:42,829: INFO/Worker-2] authors: 1
[2016-03-07 16:29:43,145: INFO/Worker-2] found 8 journals in search set
[2016-03-07 16:29:43,423: INFO/Worker-2] found 0 conferences in search set
[2016-03-07 16:29:43,424: INFO/Worker-2] 301054722: finished strategy "author-ordered-minyear-recursive+journal-ordered-minyear+conference-ordered-minyear"
[2016-03-07 16:29:43,598: INFO/Worker-2] 1832093937 author: set 10 publications
[2016-03-07 16:29:43,745: INFO/Worker-2] found 7 author in the search set
[2016-03-07 16:29:43,745: INFO/Worker-2] authors: 7
[2016-03-07 16:29:48,681: INFO/Worker-2] 1832093937: finished strategy "author-ordered"
[2016-03-07 16:29:48,682: INFO/Worker-2] found 7 author in the search set
[2016-03-07 16:29:48,682: INFO/Worker-2] authors: 7
[2016-03-07 16:29:48,718: INFO/Worker-2] 1832093937: finished strategy "author-ordered-minyear"
[2016-03-07 16:29:48,718: INFO/Worker-2] found 5 journals in search set
[2016-03-07 16:29:57,315: INFO/Worker-2] 1832093937: finished strategy "journal-ordered"
[2016-03-07 16:29:57,316: INFO/Worker-2] found 5 journals in search set
[2016-03-07 16:30:01,694: INFO/Worker-2] 1832093937: finished strategy "journal-ordered-minyear"
[2016-03-07 16:30:01,695: INFO/Worker-2] found 0 conferences in search set
[2016-03-07 16:30:01,695: INFO/Worker-2] 1832093937: finished strategy "conference-ordered"
[2016-03-07 16:30:01,696: INFO/Worker-2] found 0 conferences in search set
[2016-03-07 16:30:01,696: INFO/Worker-2] 1832093937: finished strategy "conference-ordered-minyear"
[2016-03-07 16:30:01,697: INFO/Worker-2] found 7 author in the search set
[2016-03-07 16:30:01,697: INFO/Worker-2] authors: 7
[2016-03-07 16:30:01,761: INFO/Worker-2] authors: 4
[2016-03-07 16:30:02,093: INFO/Worker-2] found 7 journals in search set
[2016-03-07 16:30:10,843: INFO/Worker-2] found 0 conferences in search set
[2016-03-07 16:30:10,843: INFO/Worker-2] 1832093937: finished strategy "author-ordered-minyear-recursive+journal-ordered-minyear+conference-ordered-minyear"
[2016-03-07 16:30:11,730: INFO/Worker-2] 228921263 author: set 66 publications
[2016-03-07 16:30:12,709: INFO/Worker-2] found 48 author in the search set
[2016-03-07 16:30:12,709: INFO/Worker-2] authors: 48
[2016-03-07 16:30:21,170: INFO/Worker-2] 228921263: finished strategy "author-ordered"
[2016-03-07 16:30:21,172: INFO/Worker-2] found 48 author in the search set
[2016-03-07 16:30:21,172: INFO/Worker-2] authors: 48
[2016-03-07 16:30:21,377: INFO/Worker-2] 228921263: finished strategy "author-ordered-minyear"
[2016-03-07 16:30:21,378: INFO/Worker-2] found 0 journals in search set
[2016-03-07 16:30:21,378: INFO/Worker-2] 228921263: finished strategy "journal-ordered"
[2016-03-07 16:30:21,379: INFO/Worker-2] found 0 journals in search set
[2016-03-07 16:30:21,379: INFO/Worker-2] 228921263: finished strategy "journal-ordered-minyear"
[2016-03-07 16:30:21,379: INFO/Worker-2] found 0 conferences in search set
[2016-03-07 16:30:21,380: INFO/Worker-2] 228921263: finished strategy "conference-ordered"
[2016-03-07 16:30:21,380: INFO/Worker-2] found 0 conferences in search set
[2016-03-07 16:30:21,380: INFO/Worker-2] 228921263: finished strategy "conference-ordered-minyear"
[2016-03-07 16:30:21,382: INFO/Worker-2] found 48 author in the search set
[2016-03-07 16:30:21,382: INFO/Worker-2] authors: 48
[2016-03-07 16:30:21,587: INFO/Worker-2] authors: 0
[2016-03-07 16:30:21,588: INFO/Worker-2] found 0 journals in search set
[2016-03-07 16:30:21,588: INFO/Worker-2] found 0 conferences in search set
[2016-03-07 16:30:21,588: INFO/Worker-2] 228921263: finished strategy "author-ordered-minyear-recursive+journal-ordered-minyear+conference-ordered-minyear"
[2016-03-07 16:30:21,847: INFO/Worker-2] 666452261 author: set 13 publications
[2016-03-07 16:30:22,097: INFO/Worker-2] found 8 author in the search set
[2016-03-07 16:30:22,097: INFO/Worker-2] authors: 8
[2016-03-07 16:30:22,667: INFO/Worker-2] 666452261: finished strategy "author-ordered"
[2016-03-07 16:30:22,668: INFO/Worker-2] found 8 author in the search set
[2016-03-07 16:30:22,668: INFO/Worker-2] authors: 8
[2016-03-07 16:30:22,699: INFO/Worker-2] 666452261: finished strategy "author-ordered-minyear"
[2016-03-07 16:30:22,699: INFO/Worker-2] found 0 journals in search set
[2016-03-07 16:30:22,699: INFO/Worker-2] 666452261: finished strategy "journal-ordered"
[2016-03-07 16:30:22,700: INFO/Worker-2] found 0 journals in search set
[2016-03-07 16:30:22,700: INFO/Worker-2] 666452261: finished strategy "journal-ordered-minyear"
[2016-03-07 16:30:22,701: INFO/Worker-2] found 0 conferences in search set
[2016-03-07 16:30:22,701: INFO/Worker-2] 666452261: finished strategy "conference-ordered"
[2016-03-07 16:30:22,701: INFO/Worker-2] found 0 conferences in search set
[2016-03-07 16:30:22,701: INFO/Worker-2] 666452261: finished strategy "conference-ordered-minyear"
[2016-03-07 16:30:22,702: INFO/Worker-2] found 8 author in the search set
[2016-03-07 16:30:22,702: INFO/Worker-2] authors: 8
[2016-03-07 16:30:22,733: INFO/Worker-2] authors: 0
[2016-03-07 16:30:22,734: INFO/Worker-2] found 0 journals in search set
[2016-03-07 16:30:22,734: INFO/Worker-2] found 0 conferences in search set
[2016-03-07 16:30:22,734: INFO/Worker-2] 666452261: finished strategy "author-ordered-minyear-recursive+journal-ordered-minyear+conference-ordered-minyear"
[2016-03-07 16:30:22,911: INFO/Worker-2] 1871095470 author: set 10 publications
[2016-03-07 16:30:23,178: INFO/Worker-2] found 25 author in the search set
[2016-03-07 16:30:23,178: INFO/Worker-2] authors: 25
[2016-03-07 16:31:04,885: INFO/Worker-2] 1871095470: finished strategy "author-ordered"
[2016-03-07 16:31:04,886: INFO/Worker-2] found 25 author in the search set
[2016-03-07 16:31:04,886: INFO/Worker-2] authors: 25
[2016-03-07 16:31:05,017: INFO/Worker-2] 1871095470: finished strategy "author-ordered-minyear"
[2016-03-07 16:31:05,017: INFO/Worker-2] found 3 journals in search set
[2016-03-07 16:31:09,996: INFO/Worker-2] 1871095470: finished strategy "journal-ordered"
[2016-03-07 16:31:09,998: INFO/Worker-2] found 3 journals in search set
[2016-03-07 16:31:13,833: INFO/Worker-2] 1871095470: finished strategy "journal-ordered-minyear"
[2016-03-07 16:31:13,834: INFO/Worker-2] found 0 conferences in search set
[2016-03-07 16:31:13,834: INFO/Worker-2] 1871095470: finished strategy "conference-ordered"
[2016-03-07 16:31:13,835: INFO/Worker-2] found 0 conferences in search set
[2016-03-07 16:31:13,835: INFO/Worker-2] 1871095470: finished strategy "conference-ordered-minyear"
[2016-03-07 16:31:13,836: INFO/Worker-2] found 25 author in the search set
[2016-03-07 16:31:13,836: INFO/Worker-2] authors: 25
[2016-03-07 16:31:14,015: INFO/Worker-2] authors: 6
[2016-03-07 16:31:44,272: INFO/Worker-2] found 5 journals in search set
[2016-03-07 16:31:49,333: INFO/Worker-2] found 0 conferences in search set
[2016-03-07 16:31:49,334: INFO/Worker-2] 1871095470: finished strategy "author-ordered-minyear-recursive+journal-ordered-minyear+conference-ordered-minyear"
[2016-03-07 16:31:49,667: INFO/Worker-2] 1865575558 author: set 12 publications
[2016-03-07 16:31:50,087: INFO/Worker-2] found 36 author in the search set
[2016-03-07 16:31:50,088: INFO/Worker-2] authors: 36
[2016-03-07 16:35:34,097: INFO/Worker-2] 1865575558: finished strategy "author-ordered"
[2016-03-07 16:35:34,098: INFO/Worker-2] found 36 author in the search set
[2016-03-07 16:35:34,098: INFO/Worker-2] authors: 36
[2016-03-07 16:35:34,467: INFO/Worker-2] 1865575558: finished strategy "author-ordered-minyear"
[2016-03-07 16:35:34,468: INFO/Worker-2] found 5 journals in search set
[2016-03-07 16:35:37,663: INFO/Worker-2] 1865575558: finished strategy "journal-ordered"
[2016-03-07 16:35:37,664: INFO/Worker-2] found 5 journals in search set
[2016-03-07 16:35:38,591: INFO/Worker-2] 1865575558: finished strategy "journal-ordered-minyear"
[2016-03-07 16:35:38,592: INFO/Worker-2] found 0 conferences in search set
[2016-03-07 16:35:38,592: INFO/Worker-2] 1865575558: finished strategy "conference-ordered"
[2016-03-07 16:35:38,592: INFO/Worker-2] found 0 conferences in search set
[2016-03-07 16:35:38,592: INFO/Worker-2] 1865575558: finished strategy "conference-ordered-minyear"
[2016-03-07 16:35:38,593: INFO/Worker-2] found 36 author in the search set
[2016-03-07 16:35:38,594: INFO/Worker-2] authors: 36
[2016-03-07 16:35:38,978: INFO/Worker-2] authors: 10
[2016-03-07 16:39:04,158: INFO/Worker-2] found 7 journals in search set
[2016-03-07 16:39:05,544: INFO/Worker-2] found 0 conferences in search set
[2016-03-07 16:39:05,545: INFO/Worker-2] 1865575558: finished strategy "author-ordered-minyear-recursive+journal-ordered-minyear+conference-ordered-minyear"
[2016-03-07 16:39:06,400: INFO/Worker-2] 1446304105 author: set 41 publications
[2016-03-07 16:39:06,911: INFO/Worker-2] found 9 author in the search set
[2016-03-07 16:39:06,911: INFO/Worker-2] authors: 9
[2016-03-07 16:39:21,902: INFO/Worker-2] 1446304105: finished strategy "author-ordered"
[2016-03-07 16:39:21,903: INFO/Worker-2] found 9 author in the search set
[2016-03-07 16:39:21,904: INFO/Worker-2] authors: 9
[2016-03-07 16:39:21,956: INFO/Worker-2] 1446304105: finished strategy "author-ordered-minyear"
[2016-03-07 16:39:21,957: INFO/Worker-2] found 0 journals in search set
[2016-03-07 16:39:21,957: INFO/Worker-2] 1446304105: finished strategy "journal-ordered"
[2016-03-07 16:39:21,958: INFO/Worker-2] found 0 journals in search set
[2016-03-07 16:39:21,958: INFO/Worker-2] 1446304105: finished strategy "journal-ordered-minyear"
[2016-03-07 16:39:21,959: INFO/Worker-2] found 0 conferences in search set
[2016-03-07 16:39:21,959: INFO/Worker-2] 1446304105: finished strategy "conference-ordered"
[2016-03-07 16:39:21,959: INFO/Worker-2] found 0 conferences in search set
[2016-03-07 16:39:21,959: INFO/Worker-2] 1446304105: finished strategy "conference-ordered-minyear"
[2016-03-07 16:39:21,960: INFO/Worker-2] found 9 author in the search set
[2016-03-07 16:39:21,960: INFO/Worker-2] authors: 9
[2016-03-07 16:39:22,011: INFO/Worker-2] authors: 0
[2016-03-07 16:39:22,012: INFO/Worker-2] found 0 journals in search set
[2016-03-07 16:39:22,013: INFO/Worker-2] found 0 conferences in search set
[2016-03-07 16:39:22,013: INFO/Worker-2] 1446304105: finished strategy "author-ordered-minyear-recursive+journal-ordered-minyear+conference-ordered-minyear"
[2016-03-07 16:39:22,268: INFO/Worker-2] 1263174310 author: set 12 publications
[2016-03-07 16:39:22,676: INFO/Worker-2] found 28 author in the search set
[2016-03-07 16:39:22,677: INFO/Worker-2] authors: 28
[2016-03-07 16:41:51,813: INFO/Worker-2] 1263174310: finished strategy "author-ordered"
[2016-03-07 16:41:51,814: INFO/Worker-2] found 28 author in the search set
[2016-03-07 16:41:51,814: INFO/Worker-2] authors: 28
[2016-03-07 16:41:52,080: INFO/Worker-2] 1263174310: finished strategy "author-ordered-minyear"
[2016-03-07 16:41:52,080: INFO/Worker-2] found 7 journals in search set
[2016-03-07 16:42:01,521: INFO/Worker-2] 1263174310: finished strategy "journal-ordered"
[2016-03-07 16:42:01,523: INFO/Worker-2] found 7 journals in search set
[2016-03-07 16:42:03,911: INFO/Worker-2] 1263174310: finished strategy "journal-ordered-minyear"
[2016-03-07 16:42:03,912: INFO/Worker-2] found 0 conferences in search set
[2016-03-07 16:42:03,912: INFO/Worker-2] 1263174310: finished strategy "conference-ordered"
[2016-03-07 16:42:03,913: INFO/Worker-2] found 0 conferences in search set
[2016-03-07 16:42:03,913: INFO/Worker-2] 1263174310: finished strategy "conference-ordered-minyear"
[2016-03-07 16:42:03,914: INFO/Worker-2] found 28 author in the search set
[2016-03-07 16:42:03,914: INFO/Worker-2] authors: 28
[2016-03-07 16:42:04,341: INFO/Worker-2] authors: 31
[2016-03-07 16:42:23,716: INFO/Worker-2] found 11 journals in search set
[2016-03-07 16:42:28,347: INFO/Worker-2] found 0 conferences in search set
[2016-03-07 16:42:28,347: INFO/Worker-2] 1263174310: finished strategy "author-ordered-minyear-recursive+journal-ordered-minyear+conference-ordered-minyear"
[2016-03-07 16:42:28,625: INFO/Worker-2] 1867336751 author: set 11 publications
[2016-03-07 16:42:28,844: INFO/Worker-2] found 7 author in the search set
[2016-03-07 16:42:28,844: INFO/Worker-2] authors: 7
[2016-03-07 16:42:37,289: INFO/Worker-2] 1867336751: finished strategy "author-ordered"
[2016-03-07 16:42:37,290: INFO/Worker-2] found 7 author in the search set
[2016-03-07 16:42:37,290: INFO/Worker-2] authors: 7
[2016-03-07 16:42:37,346: INFO/Worker-2] 1867336751: finished strategy "author-ordered-minyear"
[2016-03-07 16:42:37,346: INFO/Worker-2] found 6 journals in search set
[2016-03-07 16:42:39,369: INFO/Worker-2] 1867336751: finished strategy "journal-ordered"
[2016-03-07 16:42:39,370: INFO/Worker-2] found 6 journals in search set
[2016-03-07 16:42:39,655: INFO/Worker-2] 1867336751: finished strategy "journal-ordered-minyear"
[2016-03-07 16:42:39,656: INFO/Worker-2] found 0 conferences in search set
[2016-03-07 16:42:39,656: INFO/Worker-2] 1867336751: finished strategy "conference-ordered"
[2016-03-07 16:42:39,657: INFO/Worker-2] found 0 conferences in search set
[2016-03-07 16:42:39,657: INFO/Worker-2] 1867336751: finished strategy "conference-ordered-minyear"
[2016-03-07 16:42:39,658: INFO/Worker-2] found 7 author in the search set
[2016-03-07 16:42:39,658: INFO/Worker-2] authors: 7
[2016-03-07 16:42:39,753: INFO/Worker-2] authors: 5
[2016-03-07 16:42:43,226: INFO/Worker-2] found 12 journals in search set
[2016-03-07 16:42:44,254: INFO/Worker-2] found 0 conferences in search set
[2016-03-07 16:42:44,254: INFO/Worker-2] 1867336751: finished strategy "author-ordered-minyear-recursive+journal-ordered-minyear+conference-ordered-minyear"
[2016-03-07 16:42:44,983: INFO/Worker-2] 1651567233 author: set 37 publications
[2016-03-07 16:42:45,862: INFO/Worker-2] found 53 author in the search set
[2016-03-07 16:42:45,862: INFO/Worker-2] authors: 53
[2016-03-07 16:45:35,544: INFO/Worker-2] 1651567233: finished strategy "author-ordered"
[2016-03-07 16:45:35,546: INFO/Worker-2] found 53 author in the search set
[2016-03-07 16:45:35,546: INFO/Worker-2] authors: 53
[2016-03-07 16:45:35,978: INFO/Worker-2] 1651567233: finished strategy "author-ordered-minyear"
[2016-03-07 16:45:35,979: INFO/Worker-2] found 12 journals in search set
[2016-03-07 16:45:47,626: INFO/Worker-2] 1651567233: finished strategy "journal-ordered"
[2016-03-07 16:45:47,627: INFO/Worker-2] found 12 journals in search set
[2016-03-07 16:45:52,615: INFO/Worker-2] 1651567233: finished strategy "journal-ordered-minyear"
[2016-03-07 16:45:52,616: INFO/Worker-2] found 0 conferences in search set
[2016-03-07 16:45:52,616: INFO/Worker-2] 1651567233: finished strategy "conference-ordered"
[2016-03-07 16:45:52,617: INFO/Worker-2] found 0 conferences in search set
[2016-03-07 16:45:52,617: INFO/Worker-2] 1651567233: finished strategy "conference-ordered-minyear"
[2016-03-07 16:45:52,618: INFO/Worker-2] found 53 author in the search set
[2016-03-07 16:45:52,618: INFO/Worker-2] authors: 53
[2016-03-07 16:45:53,175: INFO/Worker-2] authors: 29
[2016-03-07 16:47:25,046: INFO/Worker-2] found 21 journals in search set
[2016-03-07 16:47:31,862: INFO/Worker-2] found 0 conferences in search set
[2016-03-07 16:47:31,862: INFO/Worker-2] 1651567233: finished strategy "author-ordered-minyear-recursive+journal-ordered-minyear+conference-ordered-minyear"
[2016-03-07 16:47:32,060: INFO/Worker-2] 1880087218 author: set 10 publications
[2016-03-07 16:47:32,256: INFO/Worker-2] found 9 author in the search set
[2016-03-07 16:47:32,256: INFO/Worker-2] authors: 9
[2016-03-07 16:47:32,680: INFO/Worker-2] 1880087218: finished strategy "author-ordered"
[2016-03-07 16:47:32,681: INFO/Worker-2] found 9 author in the search set
[2016-03-07 16:47:32,681: INFO/Worker-2] authors: 9
[2016-03-07 16:47:32,715: INFO/Worker-2] 1880087218: finished strategy "author-ordered-minyear"
[2016-03-07 16:47:32,716: INFO/Worker-2] found 0 journals in search set
[2016-03-07 16:47:32,716: INFO/Worker-2] 1880087218: finished strategy "journal-ordered"
[2016-03-07 16:47:32,717: INFO/Worker-2] found 0 journals in search set
[2016-03-07 16:47:32,717: INFO/Worker-2] 1880087218: finished strategy "journal-ordered-minyear"
[2016-03-07 16:47:32,717: INFO/Worker-2] found 0 conferences in search set
[2016-03-07 16:47:32,717: INFO/Worker-2] 1880087218: finished strategy "conference-ordered"
[2016-03-07 16:47:32,718: INFO/Worker-2] found 0 conferences in search set
[2016-03-07 16:47:32,718: INFO/Worker-2] 1880087218: finished strategy "conference-ordered-minyear"
[2016-03-07 16:47:32,719: INFO/Worker-2] found 9 author in the search set
[2016-03-07 16:47:32,719: INFO/Worker-2] authors: 9
[2016-03-07 16:47:32,753: INFO/Worker-2] authors: 0
[2016-03-07 16:47:32,753: INFO/Worker-2] found 0 journals in search set
[2016-03-07 16:47:32,754: INFO/Worker-2] found 0 conferences in search set
[2016-03-07 16:47:32,754: INFO/Worker-2] 1880087218: finished strategy "author-ordered-minyear-recursive+journal-ordered-minyear+conference-ordered-minyear"
[2016-03-07 16:47:33,009: INFO/Worker-2] 1887724457 author: set 10 publications
[2016-03-07 16:47:33,325: INFO/Worker-2] found 41 author in the search set
[2016-03-07 16:47:33,325: INFO/Worker-2] authors: 41
[2016-03-07 16:48:00,821: INFO/Worker-2] 1887724457: finished strategy "author-ordered"
[2016-03-07 16:48:00,822: INFO/Worker-2] found 41 author in the search set
[2016-03-07 16:48:00,822: INFO/Worker-2] authors: 41
[2016-03-07 16:48:00,988: INFO/Worker-2] 1887724457: finished strategy "author-ordered-minyear"
[2016-03-07 16:48:00,989: INFO/Worker-2] found 0 journals in search set
[2016-03-07 16:48:00,989: INFO/Worker-2] 1887724457: finished strategy "journal-ordered"
[2016-03-07 16:48:00,989: INFO/Worker-2] found 0 journals in search set
[2016-03-07 16:48:00,989: INFO/Worker-2] 1887724457: finished strategy "journal-ordered-minyear"
[2016-03-07 16:48:00,990: INFO/Worker-2] found 0 conferences in search set
[2016-03-07 16:48:00,990: INFO/Worker-2] 1887724457: finished strategy "conference-ordered"
[2016-03-07 16:48:00,991: INFO/Worker-2] found 0 conferences in search set
[2016-03-07 16:48:00,991: INFO/Worker-2] 1887724457: finished strategy "conference-ordered-minyear"
[2016-03-07 16:48:00,992: INFO/Worker-2] found 41 author in the search set
[2016-03-07 16:48:00,992: INFO/Worker-2] authors: 41
[2016-03-07 16:48:01,158: INFO/Worker-2] authors: 0
[2016-03-07 16:48:01,159: INFO/Worker-2] found 0 journals in search set
[2016-03-07 16:48:01,159: INFO/Worker-2] found 0 conferences in search set
[2016-03-07 16:48:01,159: INFO/Worker-2] 1887724457: finished strategy "author-ordered-minyear-recursive+journal-ordered-minyear+conference-ordered-minyear"
[2016-03-07 16:48:01,330: INFO/Worker-2] 1862859034 author: set 10 publications
[2016-03-07 16:48:01,546: INFO/Worker-2] found 22 author in the search set
[2016-03-07 16:48:01,546: INFO/Worker-2] authors: 22
[2016-03-07 16:48:11,190: INFO/Worker-2] 1862859034: finished strategy "author-ordered"
[2016-03-07 16:48:11,191: INFO/Worker-2] found 22 author in the search set
[2016-03-07 16:48:11,191: INFO/Worker-2] authors: 22
[2016-03-07 16:48:11,280: INFO/Worker-2] 1862859034: finished strategy "author-ordered-minyear"
[2016-03-07 16:48:11,281: INFO/Worker-2] found 0 journals in search set
[2016-03-07 16:48:11,281: INFO/Worker-2] 1862859034: finished strategy "journal-ordered"
[2016-03-07 16:48:11,282: INFO/Worker-2] found 0 journals in search set
[2016-03-07 16:48:11,282: INFO/Worker-2] 1862859034: finished strategy "journal-ordered-minyear"
[2016-03-07 16:48:11,282: INFO/Worker-2] found 0 conferences in search set
[2016-03-07 16:48:11,282: INFO/Worker-2] 1862859034: finished strategy "conference-ordered"
[2016-03-07 16:48:11,283: INFO/Worker-2] found 0 conferences in search set
[2016-03-07 16:48:11,283: INFO/Worker-2] 1862859034: finished strategy "conference-ordered-minyear"
[2016-03-07 16:48:11,284: INFO/Worker-2] found 22 author in the search set
[2016-03-07 16:48:11,284: INFO/Worker-2] authors: 22
[2016-03-07 16:48:11,371: INFO/Worker-2] authors: 0
[2016-03-07 16:48:11,372: INFO/Worker-2] found 0 journals in search set
[2016-03-07 16:48:11,372: INFO/Worker-2] found 0 conferences in search set
[2016-03-07 16:48:11,372: INFO/Worker-2] 1862859034: finished strategy "author-ordered-minyear-recursive+journal-ordered-minyear+conference-ordered-minyear"
[2016-03-07 16:48:11,667: INFO/Worker-2] 1824940753 author: set 16 publications
[2016-03-07 16:48:11,954: INFO/Worker-2] found 22 author in the search set
[2016-03-07 16:48:11,954: INFO/Worker-2] authors: 22
[2016-03-07 16:48:15,926: INFO/Worker-2] 1824940753: finished strategy "author-ordered"
[2016-03-07 16:48:15,927: INFO/Worker-2] found 22 author in the search set
[2016-03-07 16:48:15,927: INFO/Worker-2] authors: 22
[2016-03-07 16:48:16,014: INFO/Worker-2] 1824940753: finished strategy "author-ordered-minyear"
[2016-03-07 16:48:16,015: INFO/Worker-2] found 0 journals in search set
[2016-03-07 16:48:16,015: INFO/Worker-2] 1824940753: finished strategy "journal-ordered"
[2016-03-07 16:48:16,015: INFO/Worker-2] found 0 journals in search set
[2016-03-07 16:48:16,015: INFO/Worker-2] 1824940753: finished strategy "journal-ordered-minyear"
[2016-03-07 16:48:16,016: INFO/Worker-2] found 0 conferences in search set
[2016-03-07 16:48:16,016: INFO/Worker-2] 1824940753: finished strategy "conference-ordered"
[2016-03-07 16:48:16,017: INFO/Worker-2] found 0 conferences in search set
[2016-03-07 16:48:16,017: INFO/Worker-2] 1824940753: finished strategy "conference-ordered-minyear"
[2016-03-07 16:48:16,018: INFO/Worker-2] found 22 author in the search set
[2016-03-07 16:48:16,018: INFO/Worker-2] authors: 22
[2016-03-07 16:48:16,104: INFO/Worker-2] authors: 0
[2016-03-07 16:48:16,105: INFO/Worker-2] found 0 journals in search set
[2016-03-07 16:48:16,105: INFO/Worker-2] found 0 conferences in search set
[2016-03-07 16:48:16,105: INFO/Worker-2] 1824940753: finished strategy "author-ordered-minyear-recursive+journal-ordered-minyear+conference-ordered-minyear"
[2016-03-07 16:48:16,345: INFO/Worker-2] 234413770 author: set 13 publications
[2016-03-07 16:48:16,658: INFO/Worker-2] found 25 author in the search set
[2016-03-07 16:48:16,658: INFO/Worker-2] authors: 25
[2016-03-07 16:48:17,524: INFO/Worker-2] 234413770: finished strategy "author-ordered"
[2016-03-07 16:48:17,525: INFO/Worker-2] found 25 author in the search set
[2016-03-07 16:48:17,525: INFO/Worker-2] authors: 25
[2016-03-07 16:48:17,619: INFO/Worker-2] 234413770: finished strategy "author-ordered-minyear"
[2016-03-07 16:48:17,619: INFO/Worker-2] found 0 journals in search set
[2016-03-07 16:48:17,619: INFO/Worker-2] 234413770: finished strategy "journal-ordered"
[2016-03-07 16:48:17,620: INFO/Worker-2] found 0 journals in search set
[2016-03-07 16:48:17,620: INFO/Worker-2] 234413770: finished strategy "journal-ordered-minyear"
[2016-03-07 16:48:17,621: INFO/Worker-2] found 0 conferences in search set
[2016-03-07 16:48:17,621: INFO/Worker-2] 234413770: finished strategy "conference-ordered"
[2016-03-07 16:48:17,621: INFO/Worker-2] found 0 conferences in search set
[2016-03-07 16:48:17,621: INFO/Worker-2] 234413770: finished strategy "conference-ordered-minyear"
[2016-03-07 16:48:17,622: INFO/Worker-2] found 25 author in the search set
[2016-03-07 16:48:17,622: INFO/Worker-2] authors: 25
[2016-03-07 16:48:17,716: INFO/Worker-2] authors: 0
[2016-03-07 16:48:17,716: INFO/Worker-2] found 0 journals in search set
[2016-03-07 16:48:17,717: INFO/Worker-2] found 0 conferences in search set
[2016-03-07 16:48:17,717: INFO/Worker-2] 234413770: finished strategy "author-ordered-minyear-recursive+journal-ordered-minyear+conference-ordered-minyear"
[2016-03-07 16:48:18,510: INFO/Worker-2] 1843137586 author: set 46 publications
[2016-03-07 16:48:19,014: INFO/Worker-2] found 9 author in the search set
[2016-03-07 16:48:19,014: INFO/Worker-2] authors: 9
[2016-03-07 16:48:23,783: INFO/Worker-2] 1843137586: finished strategy "author-ordered"
[2016-03-07 16:48:23,785: INFO/Worker-2] found 9 author in the search set
[2016-03-07 16:48:23,785: INFO/Worker-2] authors: 9
[2016-03-07 16:48:23,835: INFO/Worker-2] 1843137586: finished strategy "author-ordered-minyear"
[2016-03-07 16:48:23,836: INFO/Worker-2] found 1 journals in search set
[2016-03-07 16:48:25,430: INFO/Worker-2] 1843137586: finished strategy "journal-ordered"
[2016-03-07 16:48:25,431: INFO/Worker-2] found 1 journals in search set
[2016-03-07 16:48:25,454: INFO/Worker-2] 1843137586: finished strategy "journal-ordered-minyear"
[2016-03-07 16:48:25,455: INFO/Worker-2] found 0 conferences in search set
[2016-03-07 16:48:25,455: INFO/Worker-2] 1843137586: finished strategy "conference-ordered"
[2016-03-07 16:48:25,456: INFO/Worker-2] found 0 conferences in search set
[2016-03-07 16:48:25,456: INFO/Worker-2] 1843137586: finished strategy "conference-ordered-minyear"
[2016-03-07 16:48:25,457: INFO/Worker-2] found 9 author in the search set
[2016-03-07 16:48:25,457: INFO/Worker-2] authors: 9
[2016-03-07 16:48:25,515: INFO/Worker-2] authors: 1
[2016-03-07 16:48:25,586: INFO/Worker-2] found 2 journals in search set
[2016-03-07 16:48:25,667: INFO/Worker-2] found 0 conferences in search set
[2016-03-07 16:48:25,667: INFO/Worker-2] 1843137586: finished strategy "author-ordered-minyear-recursive+journal-ordered-minyear+conference-ordered-minyear"
[2016-03-07 16:48:26,085: INFO/Worker-2] 1837673799 author: set 36 publications
[2016-03-07 16:48:26,920: INFO/Worker-2] found 89 author in the search set
[2016-03-07 16:48:26,921: INFO/Worker-2] authors: 89
[2016-03-07 16:50:08,491: INFO/Worker-2] 1837673799: finished strategy "author-ordered"
[2016-03-07 16:50:08,493: INFO/Worker-2] found 89 author in the search set
[2016-03-07 16:50:08,493: INFO/Worker-2] authors: 89
[2016-03-07 16:50:08,945: INFO/Worker-2] 1837673799: finished strategy "author-ordered-minyear"
[2016-03-07 16:50:08,947: INFO/Worker-2] found 16 journals in search set
[2016-03-07 16:50:18,880: INFO/Worker-2] 1837673799: finished strategy "journal-ordered"
[2016-03-07 16:50:18,881: INFO/Worker-2] found 16 journals in search set
[2016-03-07 16:50:19,890: INFO/Worker-2] 1837673799: finished strategy "journal-ordered-minyear"
[2016-03-07 16:50:19,891: INFO/Worker-2] found 0 conferences in search set
[2016-03-07 16:50:19,891: INFO/Worker-2] 1837673799: finished strategy "conference-ordered"
[2016-03-07 16:50:19,892: INFO/Worker-2] found 0 conferences in search set
[2016-03-07 16:50:19,892: INFO/Worker-2] 1837673799: finished strategy "conference-ordered-minyear"
[2016-03-07 16:50:19,894: INFO/Worker-2] found 89 author in the search set
[2016-03-07 16:50:19,894: INFO/Worker-2] authors: 89
[2016-03-07 16:50:20,502: INFO/Worker-2] authors: 23
[2016-03-07 16:51:36,294: INFO/Worker-2] found 22 journals in search set
[2016-03-07 16:51:40,716: INFO/Worker-2] found 0 conferences in search set
[2016-03-07 16:51:40,716: INFO/Worker-2] 1837673799: finished strategy "author-ordered-minyear-recursive+journal-ordered-minyear+conference-ordered-minyear"
[2016-03-07 16:51:40,920: INFO/Worker-2] 922411746 author: set 10 publications
[2016-03-07 16:51:41,194: INFO/Worker-2] found 21 author in the search set
[2016-03-07 16:51:41,195: INFO/Worker-2] authors: 21
[2016-03-07 16:54:40,925: INFO/Worker-2] 922411746: finished strategy "author-ordered"
[2016-03-07 16:54:40,927: INFO/Worker-2] found 21 author in the search set
[2016-03-07 16:54:40,927: INFO/Worker-2] authors: 21
[2016-03-07 16:54:41,304: INFO/Worker-2] 922411746: finished strategy "author-ordered-minyear"
[2016-03-07 16:54:41,305: INFO/Worker-2] found 8 journals in search set
[2016-03-07 16:54:48,107: INFO/Worker-2] 922411746: finished strategy "journal-ordered"
[2016-03-07 16:54:48,108: INFO/Worker-2] found 8 journals in search set
[2016-03-07 16:54:50,799: INFO/Worker-2] 922411746: finished strategy "journal-ordered-minyear"
[2016-03-07 16:54:50,800: INFO/Worker-2] found 0 conferences in search set
[2016-03-07 16:54:50,800: INFO/Worker-2] 922411746: finished strategy "conference-ordered"
[2016-03-07 16:54:50,801: INFO/Worker-2] found 0 conferences in search set
[2016-03-07 16:54:50,801: INFO/Worker-2] 922411746: finished strategy "conference-ordered-minyear"
[2016-03-07 16:54:50,802: INFO/Worker-2] found 21 author in the search set
[2016-03-07 16:54:50,802: INFO/Worker-2] authors: 21
[2016-03-07 16:54:51,358: INFO/Worker-2] authors: 56
[2016-03-07 16:57:35,366: INFO/Worker-2] found 23 journals in search set
[2016-03-07 16:57:47,457: INFO/Worker-2] found 0 conferences in search set
[2016-03-07 16:57:47,457: INFO/Worker-2] 922411746: finished strategy "author-ordered-minyear-recursive+journal-ordered-minyear+conference-ordered-minyear"
[2016-03-07 16:57:47,701: INFO/Worker-2] 1824009707 author: set 11 publications
[2016-03-07 16:57:48,135: INFO/Worker-2] found 21 author in the search set
[2016-03-07 16:57:48,135: INFO/Worker-2] authors: 21
[2016-03-07 17:03:28,947: INFO/Worker-2] 1824009707: finished strategy "author-ordered"
[2016-03-07 17:03:28,949: INFO/Worker-2] found 21 author in the search set
[2016-03-07 17:03:28,949: INFO/Worker-2] authors: 21
[2016-03-07 17:03:29,394: INFO/Worker-2] 1824009707: finished strategy "author-ordered-minyear"
[2016-03-07 17:03:29,394: INFO/Worker-2] found 2 journals in search set
[2016-03-07 17:03:29,771: INFO/Worker-2] 1824009707: finished strategy "journal-ordered"
[2016-03-07 17:03:29,772: INFO/Worker-2] found 2 journals in search set
[2016-03-07 17:03:29,827: INFO/Worker-2] 1824009707: finished strategy "journal-ordered-minyear"
[2016-03-07 17:03:29,828: INFO/Worker-2] found 4 conferences in search set
[2016-03-07 17:03:30,317: INFO/Worker-2] 1824009707: finished strategy "conference-ordered"
[2016-03-07 17:03:30,318: INFO/Worker-2] found 4 conferences in search set
[2016-03-07 17:03:30,619: INFO/Worker-2] 1824009707: finished strategy "conference-ordered-minyear"
[2016-03-07 17:03:30,620: INFO/Worker-2] found 21 author in the search set
[2016-03-07 17:03:30,620: INFO/Worker-2] authors: 21
[2016-03-07 17:03:30,946: INFO/Worker-2] authors: 0
[2016-03-07 17:03:30,946: INFO/Worker-2] found 2 journals in search set
[2016-03-07 17:03:31,003: INFO/Worker-2] found 4 conferences in search set
[2016-03-07 17:03:31,304: INFO/Worker-2] 1824009707: finished strategy "author-ordered-minyear-recursive+journal-ordered-minyear+conference-ordered-minyear"
[2016-03-07 17:03:31,665: INFO/Worker-2] 375214755 author: set 22 publications
[2016-03-07 17:03:32,352: INFO/Worker-2] found 71 author in the search set
[2016-03-07 17:03:32,352: INFO/Worker-2] authors: 71
[2016-03-07 17:05:10,400: INFO/Worker-2] 375214755: finished strategy "author-ordered"
[2016-03-07 17:05:10,406: INFO/Worker-2] found 71 author in the search set
[2016-03-07 17:05:10,406: INFO/Worker-2] authors: 71
[2016-03-07 17:05:10,792: INFO/Worker-2] 375214755: finished strategy "author-ordered-minyear"
[2016-03-07 17:05:10,793: INFO/Worker-2] found 1 journals in search set
[2016-03-07 17:05:11,235: INFO/Worker-2] 375214755: finished strategy "journal-ordered"
[2016-03-07 17:05:11,235: INFO/Worker-2] found 1 journals in search set
[2016-03-07 17:05:11,244: INFO/Worker-2] 375214755: finished strategy "journal-ordered-minyear"
[2016-03-07 17:05:11,245: INFO/Worker-2] found 0 conferences in search set
[2016-03-07 17:05:11,245: INFO/Worker-2] 375214755: finished strategy "conference-ordered"
[2016-03-07 17:05:11,246: INFO/Worker-2] found 0 conferences in search set
[2016-03-07 17:05:11,246: INFO/Worker-2] 375214755: finished strategy "conference-ordered-minyear"
[2016-03-07 17:05:11,247: INFO/Worker-2] found 71 author in the search set
[2016-03-07 17:05:11,247: INFO/Worker-2] authors: 71
[2016-03-07 17:05:11,620: INFO/Worker-2] authors: 0
[2016-03-07 17:05:11,621: INFO/Worker-2] found 1 journals in search set
[2016-03-07 17:05:11,630: INFO/Worker-2] found 0 conferences in search set
[2016-03-07 17:05:11,630: INFO/Worker-2] 375214755: finished strategy "author-ordered-minyear-recursive+journal-ordered-minyear+conference-ordered-minyear"
[2016-03-07 17:05:11,889: INFO/Worker-2] 1276773062 author: set 14 publications
[2016-03-07 17:05:12,148: INFO/Worker-2] found 24 author in the search set
[2016-03-07 17:05:12,148: INFO/Worker-2] authors: 24
[2016-03-07 17:06:23,199: INFO/Worker-2] 1276773062: finished strategy "author-ordered"
[2016-03-07 17:06:23,200: INFO/Worker-2] found 24 author in the search set
[2016-03-07 17:06:23,201: INFO/Worker-2] authors: 24
[2016-03-07 17:06:23,416: INFO/Worker-2] 1276773062: finished strategy "author-ordered-minyear"
[2016-03-07 17:06:23,417: INFO/Worker-2] found 9 journals in search set
[2016-03-07 17:06:28,208: INFO/Worker-2] 1276773062: finished strategy "journal-ordered"
[2016-03-07 17:06:28,209: INFO/Worker-2] found 9 journals in search set
[2016-03-07 17:06:29,204: INFO/Worker-2] 1276773062: finished strategy "journal-ordered-minyear"
[2016-03-07 17:06:29,205: INFO/Worker-2] found 0 conferences in search set
[2016-03-07 17:06:29,205: INFO/Worker-2] 1276773062: finished strategy "conference-ordered"
[2016-03-07 17:06:29,206: INFO/Worker-2] found 0 conferences in search set
[2016-03-07 17:06:29,206: INFO/Worker-2] 1276773062: finished strategy "conference-ordered-minyear"
[2016-03-07 17:06:29,207: INFO/Worker-2] found 24 author in the search set
[2016-03-07 17:06:29,207: INFO/Worker-2] authors: 24
[2016-03-07 17:06:29,334: INFO/Worker-2] authors: 1
[2016-03-07 17:06:44,773: INFO/Worker-2] found 10 journals in search set
[2016-03-07 17:06:46,087: INFO/Worker-2] found 0 conferences in search set
[2016-03-07 17:06:46,087: INFO/Worker-2] 1276773062: finished strategy "author-ordered-minyear-recursive+journal-ordered-minyear+conference-ordered-minyear"
[2016-03-07 17:06:46,433: INFO/Worker-2] 1858734327 author: set 15 publications
[2016-03-07 17:06:46,840: INFO/Worker-2] found 36 author in the search set
[2016-03-07 17:06:46,841: INFO/Worker-2] authors: 36
[2016-03-07 17:11:12,944: INFO/Worker-2] 1858734327: finished strategy "author-ordered"
[2016-03-07 17:11:12,946: INFO/Worker-2] found 36 author in the search set
[2016-03-07 17:11:12,946: INFO/Worker-2] authors: 36
[2016-03-07 17:11:13,394: INFO/Worker-2] 1858734327: finished strategy "author-ordered-minyear"
[2016-03-07 17:11:13,395: INFO/Worker-2] found 6 journals in search set
[2016-03-07 17:11:17,975: INFO/Worker-2] 1858734327: finished strategy "journal-ordered"
[2016-03-07 17:11:17,976: INFO/Worker-2] found 6 journals in search set
[2016-03-07 17:11:19,097: INFO/Worker-2] 1858734327: finished strategy "journal-ordered-minyear"
[2016-03-07 17:11:19,098: INFO/Worker-2] found 0 conferences in search set
[2016-03-07 17:11:19,098: INFO/Worker-2] 1858734327: finished strategy "conference-ordered"
[2016-03-07 17:11:19,099: INFO/Worker-2] found 0 conferences in search set
[2016-03-07 17:11:19,099: INFO/Worker-2] 1858734327: finished strategy "conference-ordered-minyear"
[2016-03-07 17:11:19,100: INFO/Worker-2] found 36 author in the search set
[2016-03-07 17:11:19,100: INFO/Worker-2] authors: 36
[2016-03-07 17:11:19,870: INFO/Worker-2] authors: 64
[2016-03-07 17:17:58,802: INFO/Worker-2] found 25 journals in search set
[2016-03-07 17:18:07,969: INFO/Worker-2] found 0 conferences in search set
[2016-03-07 17:18:07,969: INFO/Worker-2] 1858734327: finished strategy "author-ordered-minyear-recursive+journal-ordered-minyear+conference-ordered-minyear"
[2016-03-07 17:18:08,180: INFO/Worker-2] 1850621089 author: set 10 publications
[2016-03-07 17:18:08,376: INFO/Worker-2] found 6 author in the search set
[2016-03-07 17:18:08,376: INFO/Worker-2] authors: 6
[2016-03-07 17:18:14,841: INFO/Worker-2] 1850621089: finished strategy "author-ordered"
[2016-03-07 17:18:14,842: INFO/Worker-2] found 6 author in the search set
[2016-03-07 17:18:14,842: INFO/Worker-2] authors: 6
[2016-03-07 17:18:14,870: INFO/Worker-2] 1850621089: finished strategy "author-ordered-minyear"
[2016-03-07 17:18:14,871: INFO/Worker-2] found 6 journals in search set
[2016-03-07 17:18:15,504: INFO/Worker-2] 1850621089: finished strategy "journal-ordered"
[2016-03-07 17:18:15,505: INFO/Worker-2] found 6 journals in search set
[2016-03-07 17:18:15,599: INFO/Worker-2] 1850621089: finished strategy "journal-ordered-minyear"
[2016-03-07 17:18:15,600: INFO/Worker-2] found 0 conferences in search set
[2016-03-07 17:18:15,600: INFO/Worker-2] 1850621089: finished strategy "conference-ordered"
[2016-03-07 17:18:15,600: INFO/Worker-2] found 0 conferences in search set
[2016-03-07 17:18:15,600: INFO/Worker-2] 1850621089: finished strategy "conference-ordered-minyear"
[2016-03-07 17:18:15,601: INFO/Worker-2] found 6 author in the search set
[2016-03-07 17:18:15,601: INFO/Worker-2] authors: 6
[2016-03-07 17:18:15,648: INFO/Worker-2] authors: 2
[2016-03-07 17:18:15,992: INFO/Worker-2] found 6 journals in search set
[2016-03-07 17:18:16,108: INFO/Worker-2] found 0 conferences in search set
[2016-03-07 17:18:16,108: INFO/Worker-2] 1850621089: finished strategy "author-ordered-minyear-recursive+journal-ordered-minyear+conference-ordered-minyear"
[2016-03-07 17:18:16,323: INFO/Worker-2] 1856862754 author: set 13 publications
[2016-03-07 17:18:19,761: INFO/Worker-2] found 582 author in the search set
[2016-03-07 17:18:19,761: INFO/Worker-2] authors: 582
[2016-03-07 18:04:43,825: INFO/Worker-2] 1856862754: finished strategy "author-ordered"
[2016-03-07 18:04:44,373: INFO/Worker-2] found 582 author in the search set
[2016-03-07 18:04:44,374: INFO/Worker-2] authors: 582
[2016-03-07 18:37:40,822: INFO/Worker-2] 1856862754: finished strategy "author-ordered-minyear"
[2016-03-07 18:37:40,835: INFO/Worker-2] found 7 journals in search set
[2016-03-07 18:37:58,297: INFO/Worker-2] 1856862754: finished strategy "journal-ordered"
[2016-03-07 18:37:58,299: INFO/Worker-2] found 7 journals in search set
[2016-03-07 18:38:03,678: INFO/Worker-2] 1856862754: finished strategy "journal-ordered-minyear"
[2016-03-07 18:38:03,680: INFO/Worker-2] found 0 conferences in search set
[2016-03-07 18:38:03,680: INFO/Worker-2] 1856862754: finished strategy "conference-ordered"
[2016-03-07 18:38:03,680: INFO/Worker-2] found 0 conferences in search set
[2016-03-07 18:38:03,680: INFO/Worker-2] 1856862754: finished strategy "conference-ordered-minyear"
[2016-03-07 18:38:03,857: INFO/Worker-2] found 582 author in the search set
[2016-03-07 18:38:03,857: INFO/Worker-2] authors: 582
[2016-03-07 19:10:55,455: INFO/Worker-2] authors: 467
[2016-03-07 19:45:51,527: INFO/Worker-2] found 69 journals in search set
[2016-03-07 19:46:19,913: INFO/Worker-2] found 0 conferences in search set
[2016-03-07 19:46:19,913: INFO/Worker-2] 1856862754: finished strategy "author-ordered-minyear-recursive+journal-ordered-minyear+conference-ordered-minyear"
[2016-03-07 19:46:20,322: INFO/Worker-2] 1796281428 author: set 10 publications
[2016-03-07 19:46:20,618: INFO/Worker-2] found 38 author in the search set
[2016-03-07 19:46:20,618: INFO/Worker-2] authors: 38
[2016-03-07 19:46:54,081: INFO/Worker-2] 1796281428: finished strategy "author-ordered"
[2016-03-07 19:46:54,091: INFO/Worker-2] found 38 author in the search set
[2016-03-07 19:46:54,091: INFO/Worker-2] authors: 38
[2016-03-07 19:46:54,257: INFO/Worker-2] 1796281428: finished strategy "author-ordered-minyear"
[2016-03-07 19:46:54,257: INFO/Worker-2] found 4 journals in search set
[2016-03-07 19:46:54,989: INFO/Worker-2] 1796281428: finished strategy "journal-ordered"
[2016-03-07 19:46:54,991: INFO/Worker-2] found 4 journals in search set
[2016-03-07 19:46:55,188: INFO/Worker-2] 1796281428: finished strategy "journal-ordered-minyear"
[2016-03-07 19:46:55,190: INFO/Worker-2] found 0 conferences in search set
[2016-03-07 19:46:55,190: INFO/Worker-2] 1796281428: finished strategy "conference-ordered"
[2016-03-07 19:46:55,190: INFO/Worker-2] found 0 conferences in search set
[2016-03-07 19:46:55,191: INFO/Worker-2] 1796281428: finished strategy "conference-ordered-minyear"
[2016-03-07 19:46:55,192: INFO/Worker-2] found 38 author in the search set
[2016-03-07 19:46:55,192: INFO/Worker-2] authors: 38
[2016-03-07 19:46:55,356: INFO/Worker-2] authors: 0
[2016-03-07 19:46:55,357: INFO/Worker-2] found 4 journals in search set
[2016-03-07 19:46:55,556: INFO/Worker-2] found 0 conferences in search set
[2016-03-07 19:46:55,557: INFO/Worker-2] 1796281428: finished strategy "author-ordered-minyear-recursive+journal-ordered-minyear+conference-ordered-minyear"
[2016-03-07 19:46:55,894: INFO/Worker-2] 1766757029 author: set 21 publications
[2016-03-07 19:46:56,763: INFO/Worker-2] found 96 author in the search set
[2016-03-07 19:46:56,763: INFO/Worker-2] authors: 96
[2016-03-07 19:49:43,567: INFO/Worker-2] 1766757029: finished strategy "author-ordered"
[2016-03-07 19:49:43,570: INFO/Worker-2] found 96 author in the search set
[2016-03-07 19:49:43,570: INFO/Worker-2] authors: 96
[2016-03-07 19:49:44,186: INFO/Worker-2] 1766757029: finished strategy "author-ordered-minyear"
[2016-03-07 19:49:44,187: INFO/Worker-2] found 14 journals in search set
[2016-03-07 19:49:56,255: INFO/Worker-2] 1766757029: finished strategy "journal-ordered"
[2016-03-07 19:49:56,256: INFO/Worker-2] found 14 journals in search set
[2016-03-07 19:49:58,444: INFO/Worker-2] 1766757029: finished strategy "journal-ordered-minyear"
[2016-03-07 19:49:58,446: INFO/Worker-2] found 0 conferences in search set
[2016-03-07 19:49:58,446: INFO/Worker-2] 1766757029: finished strategy "conference-ordered"
[2016-03-07 19:49:58,446: INFO/Worker-2] found 0 conferences in search set
[2016-03-07 19:49:58,447: INFO/Worker-2] 1766757029: finished strategy "conference-ordered-minyear"
[2016-03-07 19:49:58,448: INFO/Worker-2] found 96 author in the search set
[2016-03-07 19:49:58,448: INFO/Worker-2] authors: 96
[2016-03-07 19:50:00,105: INFO/Worker-2] authors: 164
[2016-03-07 19:58:19,315: INFO/Worker-2] found 41 journals in search set
[2016-03-07 19:58:29,162: INFO/Worker-2] found 0 conferences in search set
[2016-03-07 19:58:29,162: INFO/Worker-2] 1766757029: finished strategy "author-ordered-minyear-recursive+journal-ordered-minyear+conference-ordered-minyear"
[2016-03-07 19:58:29,527: INFO/MainProcess] Task scholarly_citation_finder.api.citation.tasks.evaluation_run[e5d789e5-5dbe-45ab-b087-8b3791df8e3d] succeeded in 74418.1797879s: True
