[2016-03-06 16:35:07,214: INFO/MainProcess] Received task: scholarly_citation_finder.api.citation.tasks.evaluation_run[711f4271-3672-4851-890f-7e1696c35322]
[2016-03-06 16:35:09,719: INFO/Worker-1] 1223903766 author: set 31 publications
[2016-03-06 16:35:14,631: INFO/Worker-1] found 172 author in the search set
[2016-03-06 16:35:14,631: INFO/Worker-1] authors: 172
[2016-03-06 16:49:05,242: INFO/Worker-1] 1223903766: finished strategy "author"
[2016-03-06 16:49:05,433: INFO/Worker-1] found 8 journals in search set
[2016-03-06 16:49:19,132: INFO/Worker-1] 1223903766: finished strategy "journal"
[2016-03-06 16:49:19,240: INFO/Worker-1] found 0 conferences in search set
[2016-03-06 16:49:19,240: INFO/Worker-1] 1223903766: finished strategy "conference"
[2016-03-06 16:49:19,432: INFO/Worker-1] 156913157 author: set 12 publications
[2016-03-06 16:49:19,657: INFO/Worker-1] found 1 author in the search set
[2016-03-06 16:49:19,658: INFO/Worker-1] authors: 1
[2016-03-06 16:49:20,205: INFO/Worker-1] 156913157: finished strategy "author"
[2016-03-06 16:49:20,213: INFO/Worker-1] found 6 journals in search set
[2016-03-06 16:49:21,299: INFO/Worker-1] 156913157: finished strategy "journal"
[2016-03-06 16:49:21,311: INFO/Worker-1] found 0 conferences in search set
[2016-03-06 16:49:21,311: INFO/Worker-1] 156913157: finished strategy "conference"
[2016-03-06 16:49:21,540: INFO/Worker-1] 1395262218 author: set 12 publications
[2016-03-06 16:49:22,705: INFO/Worker-1] found 43 author in the search set
[2016-03-06 16:49:22,706: INFO/Worker-1] authors: 43
[2016-03-06 16:51:53,912: INFO/Worker-1] 1395262218: finished strategy "author"
[2016-03-06 16:51:53,920: INFO/Worker-1] found 4 journals in search set
[2016-03-06 16:51:56,339: INFO/Worker-1] 1395262218: finished strategy "journal"
[2016-03-06 16:51:56,342: INFO/Worker-1] found 0 conferences in search set
[2016-03-06 16:51:56,342: INFO/Worker-1] 1395262218: finished strategy "conference"
[2016-03-06 16:51:56,938: INFO/Worker-1] 1863823913 author: set 51 publications
[2016-03-06 16:51:59,471: INFO/Worker-1] found 70 author in the search set
[2016-03-06 16:51:59,471: INFO/Worker-1] authors: 70
[2016-03-06 16:52:49,900: INFO/Worker-1] 1863823913: finished strategy "author"
[2016-03-06 16:52:49,909: INFO/Worker-1] found 24 journals in search set
[2016-03-06 16:53:02,988: INFO/Worker-1] 1863823913: finished strategy "journal"
[2016-03-06 16:53:02,991: INFO/Worker-1] found 0 conferences in search set
[2016-03-06 16:53:02,991: INFO/Worker-1] 1863823913: finished strategy "conference"
[2016-03-06 16:53:04,990: INFO/Worker-1] 1455414905 author: set 193 publications
[2016-03-06 16:53:28,976: INFO/Worker-1] found 873 author in the search set
[2016-03-06 16:53:28,976: INFO/Worker-1] authors: 873
[2016-03-06 17:55:41,017: INFO/Worker-1] 1455414905: finished strategy "author"
[2016-03-06 17:55:41,095: INFO/Worker-1] found 39 journals in search set
[2016-03-06 17:57:09,964: INFO/Worker-1] 1455414905: finished strategy "journal"
[2016-03-06 17:57:09,986: INFO/Worker-1] found 0 conferences in search set
[2016-03-06 17:57:09,986: INFO/Worker-1] 1455414905: finished strategy "conference"
[2016-03-06 17:57:10,186: INFO/Worker-1] 1569767410 author: set 11 publications
[2016-03-06 17:57:11,562: INFO/Worker-1] found 46 author in the search set
[2016-03-06 17:57:11,562: INFO/Worker-1] authors: 46
[2016-03-06 17:58:18,751: INFO/Worker-1] 1569767410: finished strategy "author"
[2016-03-06 17:58:18,774: INFO/Worker-1] found 6 journals in search set
[2016-03-06 17:58:22,167: INFO/Worker-1] 1569767410: finished strategy "journal"
[2016-03-06 17:58:22,170: INFO/Worker-1] found 0 conferences in search set
[2016-03-06 17:58:22,171: INFO/Worker-1] 1569767410: finished strategy "conference"
[2016-03-06 17:58:22,714: INFO/Worker-1] 1836952405 author: set 23 publications
[2016-03-06 17:58:25,767: INFO/Worker-1] found 90 author in the search set
[2016-03-06 17:58:25,767: INFO/Worker-1] authors: 90
[2016-03-06 18:00:51,118: INFO/Worker-1] 1836952405: finished strategy "author"
[2016-03-06 18:00:51,142: INFO/Worker-1] found 8 journals in search set
[2016-03-06 18:00:56,049: INFO/Worker-1] 1836952405: finished strategy "journal"
[2016-03-06 18:00:56,052: INFO/Worker-1] found 0 conferences in search set
[2016-03-06 18:00:56,052: INFO/Worker-1] 1836952405: finished strategy "conference"
[2016-03-06 18:00:56,434: INFO/Worker-1] 367862490 author: set 16 publications
[2016-03-06 18:00:57,801: INFO/Worker-1] found 40 author in the search set
[2016-03-06 18:00:57,801: INFO/Worker-1] authors: 40
[2016-03-06 18:01:38,066: INFO/Worker-1] 367862490: finished strategy "author"
[2016-03-06 18:01:38,089: INFO/Worker-1] found 9 journals in search set
[2016-03-06 18:01:41,771: INFO/Worker-1] 367862490: finished strategy "journal"
[2016-03-06 18:01:41,773: INFO/Worker-1] found 0 conferences in search set
[2016-03-06 18:01:41,773: INFO/Worker-1] 367862490: finished strategy "conference"
[2016-03-06 18:01:42,048: INFO/Worker-1] 1258432641 author: set 12 publications
[2016-03-06 18:01:43,436: INFO/Worker-1] found 42 author in the search set
[2016-03-06 18:01:43,436: INFO/Worker-1] authors: 42
[2016-03-06 18:05:03,934: INFO/Worker-1] 1258432641: finished strategy "author"
[2016-03-06 18:05:03,957: INFO/Worker-1] found 10 journals in search set
[2016-03-06 18:05:10,005: INFO/Worker-1] 1258432641: finished strategy "journal"
[2016-03-06 18:05:10,008: INFO/Worker-1] found 0 conferences in search set
[2016-03-06 18:05:10,008: INFO/Worker-1] 1258432641: finished strategy "conference"
[2016-03-06 18:05:10,343: INFO/Worker-1] 1829935768 author: set 16 publications
[2016-03-06 18:05:12,081: INFO/Worker-1] found 54 author in the search set
[2016-03-06 18:05:12,081: INFO/Worker-1] authors: 54
[2016-03-06 18:06:49,477: INFO/Worker-1] 1829935768: finished strategy "author"
[2016-03-06 18:06:49,515: INFO/Worker-1] found 10 journals in search set
[2016-03-06 18:06:56,770: INFO/Worker-1] 1829935768: finished strategy "journal"
[2016-03-06 18:06:56,773: INFO/Worker-1] found 0 conferences in search set
[2016-03-06 18:06:56,773: INFO/Worker-1] 1829935768: finished strategy "conference"
[2016-03-06 18:06:57,359: INFO/Worker-1] 129887099 author: set 30 publications
[2016-03-06 18:07:01,076: INFO/Worker-1] found 98 author in the search set
[2016-03-06 18:07:01,076: INFO/Worker-1] authors: 98
[2016-03-06 18:07:34,662: INFO/Worker-1] 129887099: finished strategy "author"
[2016-03-06 18:07:34,679: INFO/Worker-1] found 0 journals in search set
[2016-03-06 18:07:34,679: INFO/Worker-1] 129887099: finished strategy "journal"
[2016-03-06 18:07:34,681: INFO/Worker-1] found 0 conferences in search set
[2016-03-06 18:07:34,681: INFO/Worker-1] 129887099: finished strategy "conference"
[2016-03-06 18:07:35,098: INFO/Worker-1] 1873504428 author: set 20 publications
[2016-03-06 18:07:42,043: INFO/Worker-1] found 219 author in the search set
[2016-03-06 18:07:42,043: INFO/Worker-1] authors: 219
[2016-03-06 18:15:46,116: INFO/Worker-1] 1873504428: finished strategy "author"
[2016-03-06 18:15:46,158: INFO/Worker-1] found 3 journals in search set
[2016-03-06 18:15:48,625: INFO/Worker-1] 1873504428: finished strategy "journal"
[2016-03-06 18:15:48,628: INFO/Worker-1] found 0 conferences in search set
[2016-03-06 18:15:48,628: INFO/Worker-1] 1873504428: finished strategy "conference"
[2016-03-06 18:15:49,004: INFO/Worker-1] 1878572291 author: set 19 publications
[2016-03-06 18:15:50,140: INFO/Worker-1] found 25 author in the search set
[2016-03-06 18:15:50,140: INFO/Worker-1] authors: 25
[2016-03-06 18:16:20,407: INFO/Worker-1] 1878572291: finished strategy "author"
[2016-03-06 18:16:20,431: INFO/Worker-1] found 5 journals in search set
[2016-03-06 18:16:21,689: INFO/Worker-1] 1878572291: finished strategy "journal"
[2016-03-06 18:16:21,691: INFO/Worker-1] found 0 conferences in search set
[2016-03-06 18:16:21,692: INFO/Worker-1] 1878572291: finished strategy "conference"
[2016-03-06 18:16:21,936: INFO/Worker-1] 1863838745 author: set 10 publications
[2016-03-06 18:16:22,496: INFO/Worker-1] found 15 author in the search set
[2016-03-06 18:16:22,497: INFO/Worker-1] authors: 15
[2016-03-06 18:17:06,293: INFO/Worker-1] 1863838745: finished strategy "author"
[2016-03-06 18:17:06,314: INFO/Worker-1] found 2 journals in search set
[2016-03-06 18:17:07,042: INFO/Worker-1] 1863838745: finished strategy "journal"
[2016-03-06 18:17:07,044: INFO/Worker-1] found 0 conferences in search set
[2016-03-06 18:17:07,044: INFO/Worker-1] 1863838745: finished strategy "conference"
[2016-03-06 18:17:07,492: INFO/Worker-1] 1890762594 author: set 20 publications
[2016-03-06 18:17:08,490: INFO/Worker-1] found 26 author in the search set
[2016-03-06 18:17:08,490: INFO/Worker-1] authors: 26
[2016-03-06 18:17:36,423: INFO/Worker-1] 1890762594: finished strategy "author"
[2016-03-06 18:17:36,448: INFO/Worker-1] found 8 journals in search set
[2016-03-06 18:17:41,403: INFO/Worker-1] 1890762594: finished strategy "journal"
[2016-03-06 18:17:41,406: INFO/Worker-1] found 0 conferences in search set
[2016-03-06 18:17:41,406: INFO/Worker-1] 1890762594: finished strategy "conference"
[2016-03-06 18:17:41,642: INFO/Worker-1] 1541155934 author: set 10 publications
[2016-03-06 18:17:41,869: INFO/Worker-1] found 6 author in the search set
[2016-03-06 18:17:41,869: INFO/Worker-1] authors: 6
[2016-03-06 18:17:44,481: INFO/Worker-1] 1541155934: finished strategy "author"
[2016-03-06 18:17:44,497: INFO/Worker-1] found 0 journals in search set
[2016-03-06 18:17:44,498: INFO/Worker-1] 1541155934: finished strategy "journal"
[2016-03-06 18:17:44,499: INFO/Worker-1] found 0 conferences in search set
[2016-03-06 18:17:44,500: INFO/Worker-1] 1541155934: finished strategy "conference"
[2016-03-06 18:17:45,375: INFO/Worker-1] 1539414096 author: set 42 publications
[2016-03-06 18:17:45,941: INFO/Worker-1] found 6 author in the search set
[2016-03-06 18:17:45,941: INFO/Worker-1] authors: 6
[2016-03-06 18:17:47,479: INFO/Worker-1] 1539414096: finished strategy "author"
[2016-03-06 18:17:47,487: INFO/Worker-1] found 11 journals in search set
[2016-03-06 18:17:50,199: INFO/Worker-1] 1539414096: finished strategy "journal"
[2016-03-06 18:17:50,201: INFO/Worker-1] found 0 conferences in search set
[2016-03-06 18:17:50,201: INFO/Worker-1] 1539414096: finished strategy "conference"
[2016-03-06 18:17:50,486: INFO/Worker-1] 785471131 author: set 17 publications
[2016-03-06 18:17:51,294: INFO/Worker-1] found 22 author in the search set
[2016-03-06 18:17:51,294: INFO/Worker-1] authors: 22
[2016-03-06 18:18:58,809: INFO/Worker-1] 785471131: finished strategy "author"
[2016-03-06 18:18:58,847: INFO/Worker-1] found 5 journals in search set
[2016-03-06 18:19:13,702: INFO/Worker-1] 785471131: finished strategy "journal"
[2016-03-06 18:19:13,705: INFO/Worker-1] found 0 conferences in search set
[2016-03-06 18:19:13,705: INFO/Worker-1] 785471131: finished strategy "conference"
[2016-03-06 18:19:14,246: INFO/Worker-1] 1831169414 author: set 45 publications
[2016-03-06 18:19:21,100: INFO/Worker-1] found 248 author in the search set
[2016-03-06 18:19:21,100: INFO/Worker-1] authors: 248
[2016-03-06 18:41:53,451: INFO/Worker-1] 1831169414: finished strategy "author"
[2016-03-06 18:41:53,477: INFO/Worker-1] found 24 journals in search set
[2016-03-06 18:42:22,404: INFO/Worker-1] 1831169414: finished strategy "journal"
[2016-03-06 18:42:22,407: INFO/Worker-1] found 0 conferences in search set
[2016-03-06 18:42:22,407: INFO/Worker-1] 1831169414: finished strategy "conference"
[2016-03-06 18:42:22,859: INFO/Worker-1] 1764696831 author: set 22 publications
[2016-03-06 18:42:36,276: INFO/Worker-1] found 453 author in the search set
[2016-03-06 18:42:36,276: INFO/Worker-1] authors: 453
[2016-03-06 19:06:33,526: INFO/Worker-1] 1764696831: finished strategy "author"
[2016-03-06 19:06:33,541: INFO/Worker-1] found 4 journals in search set
[2016-03-06 19:06:49,866: INFO/Worker-1] 1764696831: finished strategy "journal"
[2016-03-06 19:06:49,869: INFO/Worker-1] found 0 conferences in search set
[2016-03-06 19:06:49,869: INFO/Worker-1] 1764696831: finished strategy "conference"
[2016-03-06 19:06:50,417: INFO/Worker-1] 1750451099 author: set 29 publications
[2016-03-06 19:06:54,495: INFO/Worker-1] found 116 author in the search set
[2016-03-06 19:06:54,495: INFO/Worker-1] authors: 116
[2016-03-06 19:11:12,965: INFO/Worker-1] 1750451099: finished strategy "author"
[2016-03-06 19:11:12,988: INFO/Worker-1] found 11 journals in search set
[2016-03-06 19:11:22,182: INFO/Worker-1] 1750451099: finished strategy "journal"
[2016-03-06 19:11:22,186: INFO/Worker-1] found 0 conferences in search set
[2016-03-06 19:11:22,186: INFO/Worker-1] 1750451099: finished strategy "conference"
[2016-03-06 19:11:23,259: INFO/Worker-1] 394991857 author: set 64 publications
[2016-03-06 19:11:28,284: INFO/Worker-1] found 148 author in the search set
[2016-03-06 19:11:28,285: INFO/Worker-1] authors: 148
[2016-03-06 19:21:22,181: INFO/Worker-1] 394991857: finished strategy "author"
[2016-03-06 19:21:22,200: INFO/Worker-1] found 27 journals in search set
[2016-03-06 19:21:50,700: INFO/Worker-1] 394991857: finished strategy "journal"
[2016-03-06 19:21:50,704: INFO/Worker-1] found 0 conferences in search set
[2016-03-06 19:21:50,704: INFO/Worker-1] 394991857: finished strategy "conference"
[2016-03-06 19:21:51,456: INFO/Worker-1] 1794030664 author: set 49 publications
[2016-03-06 19:22:19,374: INFO/Worker-1] found 1035 author in the search set
[2016-03-06 19:22:19,374: INFO/Worker-1] authors: 1035
[2016-03-06 20:05:42,547: INFO/Worker-1] 1794030664: finished strategy "author"
[2016-03-06 20:05:42,594: INFO/Worker-1] found 20 journals in search set
[2016-03-06 20:06:10,205: INFO/Worker-1] 1794030664: finished strategy "journal"
[2016-03-06 20:06:10,209: INFO/Worker-1] found 1 conferences in search set
[2016-03-06 20:06:10,295: INFO/Worker-1] 1794030664: finished strategy "conference"
[2016-03-06 20:06:10,500: INFO/Worker-1] 1829075699 author: set 10 publications
[2016-03-06 20:06:12,060: INFO/Worker-1] found 45 author in the search set
[2016-03-06 20:06:12,060: INFO/Worker-1] authors: 45
[2016-03-06 20:11:28,227: INFO/Worker-1] 1829075699: finished strategy "author"
[2016-03-06 20:11:28,249: INFO/Worker-1] found 9 journals in search set
[2016-03-06 20:11:33,385: INFO/Worker-1] 1829075699: finished strategy "journal"
[2016-03-06 20:11:33,388: INFO/Worker-1] found 0 conferences in search set
[2016-03-06 20:11:33,388: INFO/Worker-1] 1829075699: finished strategy "conference"
[2016-03-06 20:11:33,622: INFO/Worker-1] 301054722 author: set 13 publications
[2016-03-06 20:11:34,153: INFO/Worker-1] found 15 author in the search set
[2016-03-06 20:11:34,153: INFO/Worker-1] authors: 15
[2016-03-06 20:11:52,936: INFO/Worker-1] 301054722: finished strategy "author"
[2016-03-06 20:11:52,969: INFO/Worker-1] found 7 journals in search set
[2016-03-06 20:11:57,422: INFO/Worker-1] 301054722: finished strategy "journal"
[2016-03-06 20:11:57,424: INFO/Worker-1] found 0 conferences in search set
[2016-03-06 20:11:57,424: INFO/Worker-1] 301054722: finished strategy "conference"
[2016-03-06 20:11:57,664: INFO/Worker-1] 1832093937 author: set 10 publications
[2016-03-06 20:11:57,960: INFO/Worker-1] found 7 author in the search set
[2016-03-06 20:11:57,960: INFO/Worker-1] authors: 7
[2016-03-06 20:12:03,504: INFO/Worker-1] 1832093937: finished strategy "author"
[2016-03-06 20:12:03,524: INFO/Worker-1] found 5 journals in search set
[2016-03-06 20:12:12,318: INFO/Worker-1] 1832093937: finished strategy "journal"
[2016-03-06 20:12:12,320: INFO/Worker-1] found 0 conferences in search set
[2016-03-06 20:12:12,320: INFO/Worker-1] 1832093937: finished strategy "conference"
[2016-03-06 20:12:13,627: INFO/Worker-1] 228921263 author: set 66 publications
[2016-03-06 20:12:15,830: INFO/Worker-1] found 48 author in the search set
[2016-03-06 20:12:15,830: INFO/Worker-1] authors: 48
[2016-03-06 20:12:25,062: INFO/Worker-1] 228921263: finished strategy "author"
[2016-03-06 20:12:25,084: INFO/Worker-1] found 0 journals in search set
[2016-03-06 20:12:25,084: INFO/Worker-1] 228921263: finished strategy "journal"
[2016-03-06 20:12:25,086: INFO/Worker-1] found 0 conferences in search set
[2016-03-06 20:12:25,086: INFO/Worker-1] 228921263: finished strategy "conference"
[2016-03-06 20:12:25,361: INFO/Worker-1] 666452261 author: set 13 publications
[2016-03-06 20:12:25,847: INFO/Worker-1] found 8 author in the search set
[2016-03-06 20:12:25,847: INFO/Worker-1] authors: 8
[2016-03-06 20:12:26,461: INFO/Worker-1] 666452261: finished strategy "author"
[2016-03-06 20:12:26,480: INFO/Worker-1] found 0 journals in search set
[2016-03-06 20:12:26,481: INFO/Worker-1] 666452261: finished strategy "journal"
[2016-03-06 20:12:26,482: INFO/Worker-1] found 0 conferences in search set
[2016-03-06 20:12:26,482: INFO/Worker-1] 666452261: finished strategy "conference"
[2016-03-06 20:12:26,683: INFO/Worker-1] 1871095470 author: set 10 publications
[2016-03-06 20:12:27,532: INFO/Worker-1] found 25 author in the search set
[2016-03-06 20:12:27,532: INFO/Worker-1] authors: 25
[2016-03-06 20:13:12,755: INFO/Worker-1] 1871095470: finished strategy "author"
[2016-03-06 20:13:12,772: INFO/Worker-1] found 3 journals in search set
[2016-03-06 20:13:17,877: INFO/Worker-1] 1871095470: finished strategy "journal"
[2016-03-06 20:13:17,880: INFO/Worker-1] found 0 conferences in search set
[2016-03-06 20:13:17,880: INFO/Worker-1] 1871095470: finished strategy "conference"
[2016-03-06 20:13:18,148: INFO/Worker-1] 1865575558 author: set 12 publications
[2016-03-06 20:13:19,480: INFO/Worker-1] found 36 author in the search set
[2016-03-06 20:13:19,480: INFO/Worker-1] authors: 36
[2016-03-06 20:17:08,965: INFO/Worker-1] 1865575558: finished strategy "author"
[2016-03-06 20:17:08,993: INFO/Worker-1] found 5 journals in search set
[2016-03-06 20:17:12,183: INFO/Worker-1] 1865575558: finished strategy "journal"
[2016-03-06 20:17:12,186: INFO/Worker-1] found 0 conferences in search set
[2016-03-06 20:17:12,186: INFO/Worker-1] 1865575558: finished strategy "conference"
[2016-03-06 20:17:13,014: INFO/Worker-1] 1446304105 author: set 41 publications
[2016-03-06 20:17:13,685: INFO/Worker-1] found 9 author in the search set
[2016-03-06 20:17:13,685: INFO/Worker-1] authors: 9
[2016-03-06 20:17:25,772: INFO/Worker-1] 1446304105: finished strategy "author"
[2016-03-06 20:17:25,812: INFO/Worker-1] found 0 journals in search set
[2016-03-06 20:17:25,812: INFO/Worker-1] 1446304105: finished strategy "journal"
[2016-03-06 20:17:25,814: INFO/Worker-1] found 0 conferences in search set
[2016-03-06 20:17:25,815: INFO/Worker-1] 1446304105: finished strategy "conference"
[2016-03-06 20:17:26,083: INFO/Worker-1] 1263174310 author: set 12 publications
[2016-03-06 20:17:27,299: INFO/Worker-1] found 28 author in the search set
[2016-03-06 20:17:27,299: INFO/Worker-1] authors: 28
[2016-03-06 20:20:01,562: INFO/Worker-1] 1263174310: finished strategy "author"
[2016-03-06 20:20:01,641: INFO/Worker-1] found 7 journals in search set
[2016-03-06 20:20:11,018: INFO/Worker-1] 1263174310: finished strategy "journal"
[2016-03-06 20:20:11,023: INFO/Worker-1] found 0 conferences in search set
[2016-03-06 20:20:11,023: INFO/Worker-1] 1263174310: finished strategy "conference"
[2016-03-06 20:20:11,282: INFO/Worker-1] 1867336751 author: set 11 publications
[2016-03-06 20:20:11,724: INFO/Worker-1] found 7 author in the search set
[2016-03-06 20:20:11,724: INFO/Worker-1] authors: 7
[2016-03-06 20:20:20,249: INFO/Worker-1] 1867336751: finished strategy "author"
[2016-03-06 20:20:20,277: INFO/Worker-1] found 6 journals in search set
[2016-03-06 20:20:22,438: INFO/Worker-1] 1867336751: finished strategy "journal"
[2016-03-06 20:20:22,440: INFO/Worker-1] found 0 conferences in search set
[2016-03-06 20:20:22,440: INFO/Worker-1] 1867336751: finished strategy "conference"
[2016-03-06 20:20:22,901: INFO/Worker-1] 1651567233 author: set 37 publications
[2016-03-06 20:20:24,655: INFO/Worker-1] found 53 author in the search set
[2016-03-06 20:20:24,655: INFO/Worker-1] authors: 53
[2016-03-06 20:23:15,540: INFO/Worker-1] 1651567233: finished strategy "author"
[2016-03-06 20:23:15,576: INFO/Worker-1] found 12 journals in search set
[2016-03-06 20:23:27,696: INFO/Worker-1] 1651567233: finished strategy "journal"
[2016-03-06 20:23:27,699: INFO/Worker-1] found 0 conferences in search set
[2016-03-06 20:23:27,699: INFO/Worker-1] 1651567233: finished strategy "conference"
[2016-03-06 20:23:27,892: INFO/Worker-1] 1880087218 author: set 10 publications
[2016-03-06 20:23:28,246: INFO/Worker-1] found 9 author in the search set
[2016-03-06 20:23:28,246: INFO/Worker-1] authors: 9
[2016-03-06 20:23:28,641: INFO/Worker-1] 1880087218: finished strategy "author"
[2016-03-06 20:23:28,662: INFO/Worker-1] found 0 journals in search set
[2016-03-06 20:23:28,662: INFO/Worker-1] 1880087218: finished strategy "journal"
[2016-03-06 20:23:28,664: INFO/Worker-1] found 0 conferences in search set
[2016-03-06 20:23:28,664: INFO/Worker-1] 1880087218: finished strategy "conference"
[2016-03-06 20:23:28,897: INFO/Worker-1] 1887724457 author: set 10 publications
[2016-03-06 20:23:30,184: INFO/Worker-1] found 41 author in the search set
[2016-03-06 20:23:30,184: INFO/Worker-1] authors: 41
[2016-03-06 20:23:57,510: INFO/Worker-1] 1887724457: finished strategy "author"
[2016-03-06 20:23:57,533: INFO/Worker-1] found 0 journals in search set
[2016-03-06 20:23:57,533: INFO/Worker-1] 1887724457: finished strategy "journal"
[2016-03-06 20:23:57,535: INFO/Worker-1] found 0 conferences in search set
[2016-03-06 20:23:57,535: INFO/Worker-1] 1887724457: finished strategy "conference"
[2016-03-06 20:23:57,744: INFO/Worker-1] 1862859034 author: set 10 publications
[2016-03-06 20:23:58,576: INFO/Worker-1] found 22 author in the search set
[2016-03-06 20:23:58,576: INFO/Worker-1] authors: 22
[2016-03-06 20:24:09,080: INFO/Worker-1] 1862859034: finished strategy "author"
[2016-03-06 20:24:09,095: INFO/Worker-1] found 0 journals in search set
[2016-03-06 20:24:09,096: INFO/Worker-1] 1862859034: finished strategy "journal"
[2016-03-06 20:24:09,097: INFO/Worker-1] found 0 conferences in search set
[2016-03-06 20:24:09,098: INFO/Worker-1] 1862859034: finished strategy "conference"
[2016-03-06 20:24:09,442: INFO/Worker-1] 1824940753 author: set 16 publications
[2016-03-06 20:24:10,249: INFO/Worker-1] found 22 author in the search set
[2016-03-06 20:24:10,249: INFO/Worker-1] authors: 22
[2016-03-06 20:24:15,335: INFO/Worker-1] 1824940753: finished strategy "author"
[2016-03-06 20:24:15,348: INFO/Worker-1] found 0 journals in search set
[2016-03-06 20:24:15,348: INFO/Worker-1] 1824940753: finished strategy "journal"
[2016-03-06 20:24:15,350: INFO/Worker-1] found 0 conferences in search set
[2016-03-06 20:24:15,350: INFO/Worker-1] 1824940753: finished strategy "conference"
[2016-03-06 20:24:15,618: INFO/Worker-1] 234413770 author: set 13 publications
[2016-03-06 20:24:16,750: INFO/Worker-1] found 25 author in the search set
[2016-03-06 20:24:16,751: INFO/Worker-1] authors: 25
[2016-03-06 20:24:17,635: INFO/Worker-1] 234413770: finished strategy "author"
[2016-03-06 20:24:17,662: INFO/Worker-1] found 0 journals in search set
[2016-03-06 20:24:17,662: INFO/Worker-1] 234413770: finished strategy "journal"
[2016-03-06 20:24:17,664: INFO/Worker-1] found 0 conferences in search set
[2016-03-06 20:24:17,664: INFO/Worker-1] 234413770: finished strategy "conference"
[2016-03-06 20:24:18,716: INFO/Worker-1] 1843137586 author: set 46 publications
[2016-03-06 20:24:19,410: INFO/Worker-1] found 9 author in the search set
[2016-03-06 20:24:19,410: INFO/Worker-1] authors: 9
[2016-03-06 20:24:24,446: INFO/Worker-1] 1843137586: finished strategy "author"
[2016-03-06 20:24:24,475: INFO/Worker-1] found 1 journals in search set
[2016-03-06 20:24:26,035: INFO/Worker-1] 1843137586: finished strategy "journal"
[2016-03-06 20:24:26,038: INFO/Worker-1] found 0 conferences in search set
[2016-03-06 20:24:26,038: INFO/Worker-1] 1843137586: finished strategy "conference"
[2016-03-06 20:24:26,708: INFO/Worker-1] 1837673799 author: set 36 publications
[2016-03-06 20:24:29,833: INFO/Worker-1] found 89 author in the search set
[2016-03-06 20:24:29,833: INFO/Worker-1] authors: 89
[2016-03-06 20:26:16,879: INFO/Worker-1] 1837673799: finished strategy "author"
[2016-03-06 20:26:16,903: INFO/Worker-1] found 16 journals in search set
[2016-03-06 20:26:26,660: INFO/Worker-1] 1837673799: finished strategy "journal"
[2016-03-06 20:26:26,662: INFO/Worker-1] found 0 conferences in search set
[2016-03-06 20:26:26,663: INFO/Worker-1] 1837673799: finished strategy "conference"
[2016-03-06 20:26:26,878: INFO/Worker-1] 922411746 author: set 10 publications
[2016-03-06 20:26:27,649: INFO/Worker-1] found 21 author in the search set
[2016-03-06 20:26:27,649: INFO/Worker-1] authors: 21
[2016-03-06 20:29:31,872: INFO/Worker-1] 922411746: finished strategy "author"
[2016-03-06 20:29:31,910: INFO/Worker-1] found 8 journals in search set
[2016-03-06 20:29:38,779: INFO/Worker-1] 922411746: finished strategy "journal"
[2016-03-06 20:29:38,782: INFO/Worker-1] found 0 conferences in search set
[2016-03-06 20:29:38,782: INFO/Worker-1] 922411746: finished strategy "conference"
[2016-03-06 20:29:39,062: INFO/Worker-1] 1824009707 author: set 11 publications
[2016-03-06 20:29:39,801: INFO/Worker-1] found 21 author in the search set
[2016-03-06 20:29:39,801: INFO/Worker-1] authors: 21
[2016-03-06 20:35:17,840: INFO/Worker-1] 1824009707: finished strategy "author"
[2016-03-06 20:35:17,861: INFO/Worker-1] found 2 journals in search set
[2016-03-06 20:35:18,170: INFO/Worker-1] 1824009707: finished strategy "journal"
[2016-03-06 20:35:18,172: INFO/Worker-1] found 4 conferences in search set
[2016-03-06 20:35:18,627: INFO/Worker-1] 1824009707: finished strategy "conference"
[2016-03-06 20:35:19,089: INFO/Worker-1] 375214755 author: set 22 publications
[2016-03-06 20:35:21,636: INFO/Worker-1] found 71 author in the search set
[2016-03-06 20:35:21,636: INFO/Worker-1] authors: 71
[2016-03-06 20:37:02,993: INFO/Worker-1] 375214755: finished strategy "author"
[2016-03-06 20:37:03,014: INFO/Worker-1] found 1 journals in search set
[2016-03-06 20:37:03,465: INFO/Worker-1] 375214755: finished strategy "journal"
[2016-03-06 20:37:03,467: INFO/Worker-1] found 0 conferences in search set
[2016-03-06 20:37:03,467: INFO/Worker-1] 375214755: finished strategy "conference"
[2016-03-06 20:37:03,749: INFO/Worker-1] 1276773062 author: set 14 publications
[2016-03-06 20:37:04,671: INFO/Worker-1] found 24 author in the search set
[2016-03-06 20:37:04,671: INFO/Worker-1] authors: 24
[2016-03-06 20:38:17,563: INFO/Worker-1] 1276773062: finished strategy "author"
[2016-03-06 20:38:17,585: INFO/Worker-1] found 9 journals in search set
[2016-03-06 20:38:22,637: INFO/Worker-1] 1276773062: finished strategy "journal"
[2016-03-06 20:38:22,640: INFO/Worker-1] found 0 conferences in search set
[2016-03-06 20:38:22,640: INFO/Worker-1] 1276773062: finished strategy "conference"
[2016-03-06 20:38:22,925: INFO/Worker-1] 1858734327 author: set 15 publications
[2016-03-06 20:38:24,270: INFO/Worker-1] found 36 author in the search set
[2016-03-06 20:38:24,271: INFO/Worker-1] authors: 36
[2016-03-06 20:42:49,295: INFO/Worker-1] 1858734327: finished strategy "author"
[2016-03-06 20:42:49,325: INFO/Worker-1] found 6 journals in search set
[2016-03-06 20:42:54,096: INFO/Worker-1] 1858734327: finished strategy "journal"
[2016-03-06 20:42:54,098: INFO/Worker-1] found 0 conferences in search set
[2016-03-06 20:42:54,098: INFO/Worker-1] 1858734327: finished strategy "conference"
[2016-03-06 20:42:54,252: INFO/Worker-1] 1850621089 author: set 10 publications
[2016-03-06 20:42:54,513: INFO/Worker-1] found 6 author in the search set
[2016-03-06 20:42:54,513: INFO/Worker-1] authors: 6
[2016-03-06 20:43:01,025: INFO/Worker-1] 1850621089: finished strategy "author"
[2016-03-06 20:43:01,042: INFO/Worker-1] found 6 journals in search set
[2016-03-06 20:43:01,715: INFO/Worker-1] 1850621089: finished strategy "journal"
[2016-03-06 20:43:01,717: INFO/Worker-1] found 0 conferences in search set
[2016-03-06 20:43:01,717: INFO/Worker-1] 1850621089: finished strategy "conference"
[2016-03-06 20:43:01,963: INFO/Worker-1] 1856862754 author: set 13 publications
[2016-03-06 20:43:20,424: INFO/Worker-1] found 582 author in the search set
[2016-03-06 20:43:20,424: INFO/Worker-1] authors: 582
[2016-03-06 21:28:40,902: INFO/Worker-1] 1856862754: finished strategy "author"
[2016-03-06 21:28:40,934: INFO/Worker-1] found 7 journals in search set
[2016-03-06 21:28:58,199: INFO/Worker-1] 1856862754: finished strategy "journal"
[2016-03-06 21:28:58,202: INFO/Worker-1] found 0 conferences in search set
[2016-03-06 21:28:58,202: INFO/Worker-1] 1856862754: finished strategy "conference"
[2016-03-06 21:28:58,418: INFO/Worker-1] 1796281428 author: set 10 publications
[2016-03-06 21:28:59,785: INFO/Worker-1] found 38 author in the search set
[2016-03-06 21:28:59,785: INFO/Worker-1] authors: 38
[2016-03-06 21:29:34,019: INFO/Worker-1] 1796281428: finished strategy "author"
[2016-03-06 21:29:34,027: INFO/Worker-1] found 4 journals in search set
[2016-03-06 21:29:34,742: INFO/Worker-1] 1796281428: finished strategy "journal"
[2016-03-06 21:29:34,756: INFO/Worker-1] found 0 conferences in search set
[2016-03-06 21:29:34,756: INFO/Worker-1] 1796281428: finished strategy "conference"
[2016-03-06 21:29:35,083: INFO/Worker-1] 1766757029 author: set 21 publications
[2016-03-06 21:29:37,826: INFO/Worker-1] found 96 author in the search set
[2016-03-06 21:29:37,827: INFO/Worker-1] authors: 96
[2016-03-06 21:32:29,385: INFO/Worker-1] 1766757029: finished strategy "author"
[2016-03-06 21:32:29,406: INFO/Worker-1] found 14 journals in search set
[2016-03-06 21:32:41,760: INFO/Worker-1] 1766757029: finished strategy "journal"
[2016-03-06 21:32:41,762: INFO/Worker-1] found 0 conferences in search set
[2016-03-06 21:32:41,763: INFO/Worker-1] 1766757029: finished strategy "conference"
[2016-03-06 21:32:42,098: INFO/MainProcess] Task scholarly_citation_finder.api.citation.tasks.evaluation_run[711f4271-3672-4851-890f-7e1696c35322] succeeded in 17853.5601975s: True
